==18522== Memcheck, a memory error detector
==18522== Copyright (C) 2002-2017, and GNU GPL'd, by Julian Seward et al.
==18522== Using Valgrind-3.13.0 and LibVEX; rerun with -h for copyright info
==18522== Command: /rhome/m/mhadzic9/workspace/TP/T2/Z2/.runme
==18522== Parent PID: 18505
==18522== 
==18522== 
==18522== Process terminating with default action of signal 1 (SIGHUP)
==18522==    at 0x56EF081: read (read.c:27)
==18522==    by 0x566C147: _IO_file_underflow@@GLIBC_2.2.5 (fileops.c:531)
==18522==    by 0x566D3F1: _IO_default_uflow (genops.c:380)
==18522==    by 0x512B89C: __gnu_cxx::stdio_sync_filebuf<char, std::char_traits<char> >::underflow() (in /usr/lib/x86_64-linux-gnu/libstdc++.so.6.0.25)
==18522==    by 0x5139679: std::istream::sentry::sentry(std::istream&, bool) (in /usr/lib/x86_64-linux-gnu/libstdc++.so.6.0.25)
==18522==    by 0x513BBDD: std::istream& std::istream::_M_extract<double>(double&) (in /usr/lib/x86_64-linux-gnu/libstdc++.so.6.0.25)
==18522==    by 0x109168: main (main.cpp:36)
==18522== 
==18522== HEAP SUMMARY:
==18522==     in use at exit: 0 bytes in 0 blocks
==18522==   total heap usage: 2 allocs, 2 frees, 73,728 bytes allocated
==18522== 
==18522== All heap blocks were freed -- no leaks are possible
==18522== 
==18522== For counts of detected and suppressed errors, rerun with: -v
==18522== ERROR SUMMARY: 0 errors from 0 contexts (suppressed: 0 from 0)
