==19578== Memcheck, a memory error detector
==19578== Copyright (C) 2002-2017, and GNU GPL'd, by Julian Seward et al.
==19578== Using Valgrind-3.13.0 and LibVEX; rerun with -h for copyright info
==19578== Command: /rhome/m/mhadzic9/workspace/TP/Z3/Z1/.runme
==19578== Parent PID: 19555
==19578== 
==19578== 
==19578== Process terminating with default action of signal 15 (SIGTERM)
==19578==    at 0x5A8D081: read (read.c:27)
==19578==    by 0x5A0A147: _IO_file_underflow@@GLIBC_2.2.5 (fileops.c:531)
==19578==    by 0x5A0B3F1: _IO_default_uflow (genops.c:380)
==19578==    by 0x512B7EC: __gnu_cxx::stdio_sync_filebuf<char, std::char_traits<char> >::underflow() (in /usr/lib/x86_64-linux-gnu/libstdc++.so.6.0.25)
==19578==    by 0x51395D9: std::istream::sentry::sentry(std::istream&, bool) (in /usr/lib/x86_64-linux-gnu/libstdc++.so.6.0.25)
==19578==    by 0x513980D: std::istream::operator>>(int&) (in /usr/lib/x86_64-linux-gnu/libstdc++.so.6.0.25)
==19578==    by 0x109A24: main (main.cpp:67)
==19578== 
==19578== HEAP SUMMARY:
==19578==     in use at exit: 0 bytes in 0 blocks
==19578==   total heap usage: 2 allocs, 2 frees, 73,728 bytes allocated
==19578== 
==19578== All heap blocks were freed -- no leaks are possible
==19578== 
==19578== For counts of detected and suppressed errors, rerun with: -v
==19578== ERROR SUMMARY: 0 errors from 0 contexts (suppressed: 0 from 0)
