==9908== Memcheck, a memory error detector
==9908== Copyright (C) 2002-2017, and GNU GPL'd, by Julian Seward et al.
==9908== Using Valgrind-3.13.0 and LibVEX; rerun with -h for copyright info
==9908== Command: /rhome/m/mhadzic9/workspace/TP/T7/Z2/.runme
==9908== Parent PID: 9888
==9908== 
==9908== 
==9908== Process terminating with default action of signal 1 (SIGHUP)
==9908==    at 0x56EF081: read (read.c:27)
==9908==    by 0x566C147: _IO_file_underflow@@GLIBC_2.2.5 (fileops.c:531)
==9908==    by 0x566D3F1: _IO_default_uflow (genops.c:380)
==9908==    by 0x512B7FC: __gnu_cxx::stdio_sync_filebuf<char, std::char_traits<char> >::underflow() (in /usr/lib/x86_64-linux-gnu/libstdc++.so.6.0.25)
==9908==    by 0x51395E9: std::istream::sentry::sentry(std::istream&, bool) (in /usr/lib/x86_64-linux-gnu/libstdc++.so.6.0.25)
==9908==    by 0x513981D: std::istream::operator>>(int&) (in /usr/lib/x86_64-linux-gnu/libstdc++.so.6.0.25)
==9908==    by 0x109065: main (main.cpp:22)
==9908== 
==9908== HEAP SUMMARY:
==9908==     in use at exit: 0 bytes in 0 blocks
==9908==   total heap usage: 2 allocs, 2 frees, 73,728 bytes allocated
==9908== 
==9908== All heap blocks were freed -- no leaks are possible
==9908== 
==9908== For counts of detected and suppressed errors, rerun with: -v
==9908== ERROR SUMMARY: 0 errors from 0 contexts (suppressed: 0 from 0)
