==7102== Memcheck, a memory error detector
==7102== Copyright (C) 2002-2017, and GNU GPL'd, by Julian Seward et al.
==7102== Using Valgrind-3.13.0 and LibVEX; rerun with -h for copyright info
==7102== Command: /rhome/m/mhadzic9/workspace/TP/T2/Z2/.runme
==7102== Parent PID: 7080
==7102== 
==7102== 
==7102== Process terminating with default action of signal 1 (SIGHUP)
==7102==    at 0x56EF081: read (read.c:27)
==7102==    by 0x566C147: _IO_file_underflow@@GLIBC_2.2.5 (fileops.c:531)
==7102==    by 0x566D3F1: _IO_default_uflow (genops.c:380)
==7102==    by 0x512B95C: __gnu_cxx::stdio_sync_filebuf<char, std::char_traits<char> >::underflow() (in /usr/lib/x86_64-linux-gnu/libstdc++.so.6.0.25)
==7102==    by 0x5139739: std::istream::sentry::sentry(std::istream&, bool) (in /usr/lib/x86_64-linux-gnu/libstdc++.so.6.0.25)
==7102==    by 0x513BCCD: std::istream& std::istream::_M_extract<double>(double&) (in /usr/lib/x86_64-linux-gnu/libstdc++.so.6.0.25)
==7102==    by 0x108F8D: main (main.cpp:27)
==7102== 
==7102== HEAP SUMMARY:
==7102==     in use at exit: 0 bytes in 0 blocks
==7102==   total heap usage: 2 allocs, 2 frees, 73,728 bytes allocated
==7102== 
==7102== All heap blocks were freed -- no leaks are possible
==7102== 
==7102== For counts of detected and suppressed errors, rerun with: -v
==7102== ERROR SUMMARY: 0 errors from 0 contexts (suppressed: 0 from 0)
