==25778== Memcheck, a memory error detector
==25778== Copyright (C) 2002-2017, and GNU GPL'd, by Julian Seward et al.
==25778== Using Valgrind-3.13.0 and LibVEX; rerun with -h for copyright info
==25778== Command: /rhome/m/mhadzic9/workspace/TP/ZSR1/Z17/.runme
==25778== Parent PID: 25762
==25778== 
==25778== 
==25778== Process terminating with default action of signal 1 (SIGHUP)
==25778==    at 0x54D7081: read (read.c:27)
==25778==    by 0x5454147: _IO_file_underflow@@GLIBC_2.2.5 (fileops.c:531)
==25778==    by 0x54553F1: _IO_default_uflow (genops.c:380)
==25778==    by 0x512B7FC: __gnu_cxx::stdio_sync_filebuf<char, std::char_traits<char> >::underflow() (in /usr/lib/x86_64-linux-gnu/libstdc++.so.6.0.25)
==25778==    by 0x51395E9: std::istream::sentry::sentry(std::istream&, bool) (in /usr/lib/x86_64-linux-gnu/libstdc++.so.6.0.25)
==25778==    by 0x513BB4D: std::istream& std::istream::_M_extract<double>(double&) (in /usr/lib/x86_64-linux-gnu/libstdc++.so.6.0.25)
==25778==    by 0x108C20: UnesiBroj() (main.cpp:10)
==25778==    by 0x108D20: main (main.cpp:22)
==25778== 
==25778== HEAP SUMMARY:
==25778==     in use at exit: 0 bytes in 0 blocks
==25778==   total heap usage: 2 allocs, 2 frees, 73,728 bytes allocated
==25778== 
==25778== All heap blocks were freed -- no leaks are possible
==25778== 
==25778== For counts of detected and suppressed errors, rerun with: -v
==25778== ERROR SUMMARY: 0 errors from 0 contexts (suppressed: 0 from 0)
