[New LWP 26967]
Core was generated by `'.
Program terminated with signal SIGXCPU, CPU time limit exceeded.
#0  0x0000000005a8d154 in ?? ()
#0  0x0000000005a8d154 in ?? ()
#1  0x0000000005a081bd in ?? ()
#2  0x00000000053c4800 in ?? ()
#3  0x0000000005d69760 in ?? ()
#4  0x0000000000000030 in ?? ()
#5  0x0000000000000d68 in ?? ()
#6  0x0000000000110090 in ?? ()
#7  0x0000000005a08b2f in ?? ()
#8  0x0000000000000030 in ?? ()
#9  0x0000001fff000740 in ?? ()
#10 0x0ccccccccccccccc in ?? ()
#11 0x0000000000000030 in ?? ()
#12 0x0000000000000030 in ?? ()
#13 0x0000000005d69760 in ?? ()
#14 0x0000000000000001 in ?? ()
#15 0x0000000000110090 in ?? ()
#16 0x0000000005d652a0 in ?? ()
#17 0x00000000059fc977 in ?? ()
#18 0x0000001fff0007e0 in ?? ()
#19 0x0000000000314040 in ?? ()
#20 0x0000000000314048 in ?? ()
#21 0x0000000000109910 in ?? ()
#22 0x0000001fff000790 in ?? ()
#23 0x0000000000000030 in ?? ()
#24 0x0000000000000000 in ?? ()
