==9389== Memcheck, a memory error detector
==9389== Copyright (C) 2002-2017, and GNU GPL'd, by Julian Seward et al.
==9389== Using Valgrind-3.13.0 and LibVEX; rerun with -h for copyright info
==9389== Command: /rhome/m/mhadzic9/workspace/TP/Z1/Z4/.runme
==9389== Parent PID: 9373
==9389== 
==9389== 
==9389== Process terminating with default action of signal 6 (SIGABRT): dumping core
==9389==    at 0x561DE97: raise (raise.c:51)
==9389==    by 0x561F800: abort (abort.c:79)
==9389==    by 0x50CA956: ??? (in /usr/lib/x86_64-linux-gnu/libstdc++.so.6.0.25)
==9389==    by 0x50D0AE5: ??? (in /usr/lib/x86_64-linux-gnu/libstdc++.so.6.0.25)
==9389==    by 0x50D0B20: std::terminate() (in /usr/lib/x86_64-linux-gnu/libstdc++.so.6.0.25)
==9389==    by 0x50D0D53: __cxa_throw (in /usr/lib/x86_64-linux-gnu/libstdc++.so.6.0.25)
==9389==    by 0x50CC85A: ??? (in /usr/lib/x86_64-linux-gnu/libstdc++.so.6.0.25)
==9389==    by 0x51631DE: std::__cxx11::basic_string<char, std::char_traits<char>, std::allocator<char> >::at(unsigned long) (in /usr/lib/x86_64-linux-gnu/libstdc++.so.6.0.25)
==9389==    by 0x109596: IstakniSavrsenoRitmicneRijeci(std::__cxx11::basic_string<char, std::char_traits<char>, std::allocator<char> >) (main.cpp:94)
==9389==    by 0x109B32: main (main.cpp:130)
==9389== 
==9389== HEAP SUMMARY:
==9389==     in use at exit: 232 bytes in 2 blocks
==9389==   total heap usage: 5 allocs, 3 frees, 73,992 bytes allocated
==9389== 
==9389== 144 bytes in 1 blocks are possibly lost in loss record 2 of 2
==9389==    at 0x4C2FB0F: malloc (in /usr/lib/valgrind/vgpreload_memcheck-amd64-linux.so)
==9389==    by 0x50CF8FF: __cxa_allocate_exception (in /usr/lib/x86_64-linux-gnu/libstdc++.so.6.0.25)
==9389==    by 0x50F92CA: std::__throw_out_of_range_fmt(char const*, ...) (in /usr/lib/x86_64-linux-gnu/libstdc++.so.6.0.25)
==9389==    by 0x51631DE: std::__cxx11::basic_string<char, std::char_traits<char>, std::allocator<char> >::at(unsigned long) (in /usr/lib/x86_64-linux-gnu/libstdc++.so.6.0.25)
==9389==    by 0x109596: IstakniSavrsenoRitmicneRijeci(std::__cxx11::basic_string<char, std::char_traits<char>, std::allocator<char> >) (main.cpp:94)
==9389==    by 0x109B32: main (main.cpp:130)
==9389== 
==9389== LEAK SUMMARY:
==9389==    definitely lost: 0 bytes in 0 blocks
==9389==    indirectly lost: 0 bytes in 0 blocks
==9389==      possibly lost: 144 bytes in 1 blocks
==9389==    still reachable: 88 bytes in 1 blocks
==9389==                       of which reachable via heuristic:
==9389==                         stdstring          : 88 bytes in 1 blocks
==9389==         suppressed: 0 bytes in 0 blocks
==9389== Reachable blocks (those to which a pointer was found) are not shown.
==9389== To see them, rerun with: --leak-check=full --show-leak-kinds=all
==9389== 
==9389== For counts of detected and suppressed errors, rerun with: -v
==9389== ERROR SUMMARY: 1 errors from 1 contexts (suppressed: 0 from 0)
