==7174== Memcheck, a memory error detector
==7174== Copyright (C) 2002-2017, and GNU GPL'd, by Julian Seward et al.
==7174== Using Valgrind-3.13.0 and LibVEX; rerun with -h for copyright info
==7174== Command: /rhome/m/mhadzic9/workspace/TP/T12/Z5/.runme
==7174== Parent PID: 7155
==7174== 
==7174== 
==7174== Process terminating with default action of signal 1 (SIGHUP)
==7174==    at 0x56EF081: read (read.c:27)
==7174==    by 0x566C147: _IO_file_underflow@@GLIBC_2.2.5 (fileops.c:531)
==7174==    by 0x566D3F1: _IO_default_uflow (genops.c:380)
==7174==    by 0x512B95C: __gnu_cxx::stdio_sync_filebuf<char, std::char_traits<char> >::underflow() (in /usr/lib/x86_64-linux-gnu/libstdc++.so.6.0.25)
==7174==    by 0x5139739: std::istream::sentry::sentry(std::istream&, bool) (in /usr/lib/x86_64-linux-gnu/libstdc++.so.6.0.25)
==7174==    by 0x513996D: std::istream::operator>>(int&) (in /usr/lib/x86_64-linux-gnu/libstdc++.so.6.0.25)
==7174==    by 0x108CD7: main (main.cpp:15)
==7174== 
==7174== HEAP SUMMARY:
==7174==     in use at exit: 0 bytes in 0 blocks
==7174==   total heap usage: 2 allocs, 2 frees, 73,728 bytes allocated
==7174== 
==7174== All heap blocks were freed -- no leaks are possible
==7174== 
==7174== For counts of detected and suppressed errors, rerun with: -v
==7174== ERROR SUMMARY: 0 errors from 0 contexts (suppressed: 0 from 0)
