/rhome/m/mhadzic9/workspace/TP/T11/Z4/main.cpp: In constructor ‘Tim::Tim(const char*)’:
/rhome/m/mhadzic9/workspace/TP/T11/Z4/main.cpp:18:54: warning: ‘Tim::broj_nerijesenih’ will be initialized after [-Wreorder]
  mutable int broj_odigranih,broj_pobjeda,broj_poraza,broj_nerijesenih,broj_datih,broj_primljenih,broj_poena;
                                                      ^~~~~~~~~~~~~~~~
/rhome/m/mhadzic9/workspace/TP/T11/Z4/main.cpp:18:42: warning:   ‘int Tim::broj_poraza’ [-Wreorder]
  mutable int broj_odigranih,broj_pobjeda,broj_poraza,broj_nerijesenih,broj_datih,broj_primljenih,broj_poena;
                                          ^~~~~~~~~~~
/rhome/m/mhadzic9/workspace/TP/T11/Z4/main.cpp:20:2: warning:   when initialized here [-Wreorder]
  Tim (const char ime[]):broj_odigranih(0),broj_pobjeda(0),broj_nerijesenih(0),broj_poraza(0),broj_datih(0),broj_primljenih(0),broj_poena(0)
  ^~~
/rhome/m/mhadzic9/workspace/TP/T11/Z4/main.cpp: In constructor ‘Liga::Liga(int)’:
/rhome/m/mhadzic9/workspace/TP/T11/Z4/main.cpp:44:12: warning: ‘Liga::max_broj_timova’ will be initialized after [-Wreorder]
  const int max_broj_timova;
            ^~~~~~~~~~~~~~~
/rhome/m/mhadzic9/workspace/TP/T11/Z4/main.cpp:43:6: warning:   ‘int Liga::broj_timova’ [-Wreorder]
  int broj_timova;
      ^~~~~~~~~~~
/rhome/m/mhadzic9/workspace/TP/T11/Z4/main.cpp:47:11: warning:   when initialized here [-Wreorder]
  explicit Liga (int velicina_lige): max_broj_timova(velicina_lige),broj_timova(0),timovi(new Tim*[velicina_lige]) {}
           ^~~~
/rhome/m/mhadzic9/workspace/TP/T11/Z4/main.cpp: In constructor ‘Liga::Liga(std::initializer_list<Tim>)’:
/rhome/m/mhadzic9/workspace/TP/T11/Z4/main.cpp:44:12: warning: ‘Liga::max_broj_timova’ will be initialized after [-Wreorder]
  const int max_broj_timova;
            ^~~~~~~~~~~~~~~
/rhome/m/mhadzic9/workspace/TP/T11/Z4/main.cpp:43:6: warning:   ‘int Liga::broj_timova’ [-Wreorder]
  int broj_timova;
      ^~~~~~~~~~~
/rhome/m/mhadzic9/workspace/TP/T11/Z4/main.cpp:48:11: warning:   when initialized here [-Wreorder]
  explicit Liga (std::initializer_list <Tim> lista_timova):max_broj_timova(lista_timova.size()),broj_timova(0),timovi (new Tim*[lista_timova.size()])
           ^~~~
/rhome/m/mhadzic9/workspace/TP/T11/Z4/main.cpp: In copy constructor ‘Liga::Liga(const Liga&)’:
/rhome/m/mhadzic9/workspace/TP/T11/Z4/main.cpp:45:8: warning: ‘Liga::timovi’ will be initialized after [-Wreorder]
  Tim** timovi;
        ^~~~~~
/rhome/m/mhadzic9/workspace/TP/T11/Z4/main.cpp:44:12: warning:   ‘const int Liga::max_broj_timova’ [-Wreorder]
  const int max_broj_timova;
            ^~~~~~~~~~~~~~~
/rhome/m/mhadzic9/workspace/TP/T11/Z4/main.cpp:72:1: warning:   when initialized here [-Wreorder]
 Liga::Liga(const Liga& l):timovi (new Tim*[l.max_broj_timova] {}),max_broj_timova(l.max_broj_timova),broj_timova(l.broj_timova)
 ^~~~
/rhome/m/mhadzic9/workspace/TP/T11/Z4/main.cpp:44:12: warning: ‘Liga::max_broj_timova’ will be initialized after [-Wreorder]
  const int max_broj_timova;
            ^~~~~~~~~~~~~~~
/rhome/m/mhadzic9/workspace/TP/T11/Z4/main.cpp:43:6: warning:   ‘int Liga::broj_timova’ [-Wreorder]
  int broj_timova;
      ^~~~~~~~~~~
/rhome/m/mhadzic9/workspace/TP/T11/Z4/main.cpp:72:1: warning:   when initialized here [-Wreorder]
 Liga::Liga(const Liga& l):timovi (new Tim*[l.max_broj_timova] {}),max_broj_timova(l.max_broj_timova),broj_timova(l.broj_timova)
 ^~~~
/rhome/m/mhadzic9/workspace/TP/T11/Z4/main.cpp: In constructor ‘Liga::Liga(Liga&&)’:
/rhome/m/mhadzic9/workspace/TP/T11/Z4/main.cpp:45:8: warning: ‘Liga::timovi’ will be initialized after [-Wreorder]
  Tim** timovi;
        ^~~~~~
/rhome/m/mhadzic9/workspace/TP/T11/Z4/main.cpp:44:12: warning:   ‘const int Liga::max_broj_timova’ [-Wreorder]
  const int max_broj_timova;
            ^~~~~~~~~~~~~~~
/rhome/m/mhadzic9/workspace/TP/T11/Z4/main.cpp:97:1: warning:   when initialized here [-Wreorder]
 Liga::Liga(Liga &&l): timovi(l.timovi),max_broj_timova(l.max_broj_timova),broj_timova(l.broj_timova)
 ^~~~
/rhome/m/mhadzic9/workspace/TP/T11/Z4/main.cpp:44:12: warning: ‘Liga::max_broj_timova’ will be initialized after [-Wreorder]
  const int max_broj_timova;
            ^~~~~~~~~~~~~~~
/rhome/m/mhadzic9/workspace/TP/T11/Z4/main.cpp:43:6: warning:   ‘int Liga::broj_timova’ [-Wreorder]
  int broj_timova;
      ^~~~~~~~~~~
/rhome/m/mhadzic9/workspace/TP/T11/Z4/main.cpp:97:1: warning:   when initialized here [-Wreorder]
 Liga::Liga(Liga &&l): timovi(l.timovi),max_broj_timova(l.max_broj_timova),broj_timova(l.broj_timova)
 ^~~~
