==5917== Memcheck, a memory error detector
==5917== Copyright (C) 2002-2017, and GNU GPL'd, by Julian Seward et al.
==5917== Using Valgrind-3.13.0 and LibVEX; rerun with -h for copyright info
==5917== Command: /rhome/m/mhadzic9/workspace/TP/T11/Z4/.runme
==5917== Parent PID: 5876
==5917== 
==5917== 
==5917== Process terminating with default action of signal 1 (SIGHUP)
==5917==    at 0x56EF081: read (read.c:27)
==5917==    by 0x566C147: _IO_file_underflow@@GLIBC_2.2.5 (fileops.c:531)
==5917==    by 0x566D3F1: _IO_default_uflow (genops.c:380)
==5917==    by 0x512B7EC: __gnu_cxx::stdio_sync_filebuf<char, std::char_traits<char> >::underflow() (in /usr/lib/x86_64-linux-gnu/libstdc++.so.6.0.25)
==5917==    by 0x50E8B58: std::istream::getline(char*, long, char) (in /usr/lib/x86_64-linux-gnu/libstdc++.so.6.0.25)
==5917==    by 0x10A1C4: main (main.cpp:176)
==5917== 
==5917== HEAP SUMMARY:
==5917==     in use at exit: 280 bytes in 6 blocks
==5917==   total heap usage: 8 allocs, 2 frees, 74,008 bytes allocated
==5917== 
==5917== LEAK SUMMARY:
==5917==    definitely lost: 0 bytes in 0 blocks
==5917==    indirectly lost: 0 bytes in 0 blocks
==5917==      possibly lost: 0 bytes in 0 blocks
==5917==    still reachable: 280 bytes in 6 blocks
==5917==         suppressed: 0 bytes in 0 blocks
==5917== Reachable blocks (those to which a pointer was found) are not shown.
==5917== To see them, rerun with: --leak-check=full --show-leak-kinds=all
==5917== 
==5917== For counts of detected and suppressed errors, rerun with: -v
==5917== ERROR SUMMARY: 0 errors from 0 contexts (suppressed: 0 from 0)
