[New LWP 7283]
Core was generated by `'.
Program terminated with signal SIGSEGV, Segmentation fault.
#0  0x0000000000108a94 in ?? ()
#0  0x0000000000108a94 in ?? ()
#1  0x0000001fff000934 in ?? ()
#2  0x0000001fff000920 in ?? ()
#3  0x0000000000000001 in ?? ()
#4  0x00000005001089db in ?? ()
#5  0x0000000100000000 in ?? ()
#6  0x0000001fff000934 in ?? ()
#7  0x0000000005d7fc80 in ?? ()
#8  0x00000000001089f1 in ?? ()
#9  0x0000001fff000940 in ?? ()
#10 0x000000000010896b in ?? ()
#11 0x0000001fff000920 in ?? ()
#12 0x0000001fff000934 in ?? ()
#13 0x0000000200000001 in ?? ()
#14 0x0000000400000003 in ?? ()
#15 0x0000001f00000005 in ?? ()
#16 0xf4317a46acabc500 in ?? ()
#17 0x0000000000108b00 in ?? ()
#18 0x00000000053e8b97 in ?? ()
#19 0x00000000057af2a0 in ?? ()
#20 0x0000001fff000a28 in ?? ()
#21 0x00000001057b3760 in ?? ()
#22 0x000000000010890a in ?? ()
#23 0x0000000000000000 in ?? ()
