==1413== Memcheck, a memory error detector
==1413== Copyright (C) 2002-2017, and GNU GPL'd, by Julian Seward et al.
==1413== Using Valgrind-3.13.0 and LibVEX; rerun with -h for copyright info
==1413== Command: /rhome/m/mhadzic9/workspace/TP/T6/Z6/.runme
==1413== Parent PID: 1393
==1413== 
==1413== 
==1413== Process terminating with default action of signal 1 (SIGHUP)
==1413==    at 0x56EF081: read (read.c:27)
==1413==    by 0x566C147: _IO_file_underflow@@GLIBC_2.2.5 (fileops.c:531)
==1413==    by 0x566D3F1: _IO_default_uflow (genops.c:380)
==1413==    by 0x512B7FC: __gnu_cxx::stdio_sync_filebuf<char, std::char_traits<char> >::underflow() (in /usr/lib/x86_64-linux-gnu/libstdc++.so.6.0.25)
==1413==    by 0x51395E9: std::istream::sentry::sentry(std::istream&, bool) (in /usr/lib/x86_64-linux-gnu/libstdc++.so.6.0.25)
==1413==    by 0x513981D: std::istream::operator>>(int&) (in /usr/lib/x86_64-linux-gnu/libstdc++.so.6.0.25)
==1413==    by 0x109051: main (main.cpp:53)
==1413== 
==1413== HEAP SUMMARY:
==1413==     in use at exit: 0 bytes in 0 blocks
==1413==   total heap usage: 2 allocs, 2 frees, 73,728 bytes allocated
==1413== 
==1413== All heap blocks were freed -- no leaks are possible
==1413== 
==1413== For counts of detected and suppressed errors, rerun with: -v
==1413== ERROR SUMMARY: 0 errors from 0 contexts (suppressed: 0 from 0)
