==1886== Memcheck, a memory error detector
==1886== Copyright (C) 2002-2017, and GNU GPL'd, by Julian Seward et al.
==1886== Using Valgrind-3.13.0 and LibVEX; rerun with -h for copyright info
==1886== Command: /rhome/m/mhadzic9/workspace/TP/T7/Z1/.runme
==1886== Parent PID: 1868
==1886== 
==1886== 
==1886== Process terminating with default action of signal 1 (SIGHUP)
==1886==    at 0x56EF081: read (read.c:27)
==1886==    by 0x566C147: _IO_file_underflow@@GLIBC_2.2.5 (fileops.c:531)
==1886==    by 0x566D3F1: _IO_default_uflow (genops.c:380)
==1886==    by 0x512B7FC: __gnu_cxx::stdio_sync_filebuf<char, std::char_traits<char> >::underflow() (in /usr/lib/x86_64-linux-gnu/libstdc++.so.6.0.25)
==1886==    by 0x51395E9: std::istream::sentry::sentry(std::istream&, bool) (in /usr/lib/x86_64-linux-gnu/libstdc++.so.6.0.25)
==1886==    by 0x513981D: std::istream::operator>>(int&) (in /usr/lib/x86_64-linux-gnu/libstdc++.so.6.0.25)
==1886==    by 0x108FE9: main (main.cpp:21)
==1886== 
==1886== HEAP SUMMARY:
==1886==     in use at exit: 0 bytes in 0 blocks
==1886==   total heap usage: 2 allocs, 2 frees, 73,728 bytes allocated
==1886== 
==1886== All heap blocks were freed -- no leaks are possible
==1886== 
==1886== For counts of detected and suppressed errors, rerun with: -v
==1886== ERROR SUMMARY: 0 errors from 0 contexts (suppressed: 0 from 0)
