==14182== Memcheck, a memory error detector
==14182== Copyright (C) 2002-2017, and GNU GPL'd, by Julian Seward et al.
==14182== Using Valgrind-3.13.0 and LibVEX; rerun with -h for copyright info
==14182== Command: /rhome/m/mhadzic9/workspace/TP/ZSR1/Z12/.runme
==14182== Parent PID: 14165
==14182== 
==14182== 
==14182== Process terminating with default action of signal 1 (SIGHUP)
==14182==    at 0x54D7081: read (read.c:27)
==14182==    by 0x5454147: _IO_file_underflow@@GLIBC_2.2.5 (fileops.c:531)
==14182==    by 0x54553F1: _IO_default_uflow (genops.c:380)
==14182==    by 0x512B7FC: __gnu_cxx::stdio_sync_filebuf<char, std::char_traits<char> >::underflow() (in /usr/lib/x86_64-linux-gnu/libstdc++.so.6.0.25)
==14182==    by 0x51395E9: std::istream::sentry::sentry(std::istream&, bool) (in /usr/lib/x86_64-linux-gnu/libstdc++.so.6.0.25)
==14182==    by 0x513BB4D: std::istream& std::istream::_M_extract<double>(double&) (in /usr/lib/x86_64-linux-gnu/libstdc++.so.6.0.25)
==14182==    by 0x1089D6: main (main.cpp:9)
==14182== 
==14182== HEAP SUMMARY:
==14182==     in use at exit: 0 bytes in 0 blocks
==14182==   total heap usage: 2 allocs, 2 frees, 73,728 bytes allocated
==14182== 
==14182== All heap blocks were freed -- no leaks are possible
==14182== 
==14182== For counts of detected and suppressed errors, rerun with: -v
==14182== ERROR SUMMARY: 0 errors from 0 contexts (suppressed: 0 from 0)
