==28305== Memcheck, a memory error detector
==28305== Copyright (C) 2002-2017, and GNU GPL'd, by Julian Seward et al.
==28305== Using Valgrind-3.13.0 and LibVEX; rerun with -h for copyright info
==28305== Command: /rhome/m/mhadzic9/workspace/TP/ZSR3/Z45/.runme
==28305== Parent PID: 28286
==28305== 
==28305== Conditional jump or move depends on uninitialised value(s)
==28305==    at 0x1098ED: std::_Vector_base<int, std::allocator<int> >::_M_allocate(unsigned long) (stl_vector.h:172)
==28305==    by 0x109BE8: std::_Vector_base<int, std::allocator<int> >::_M_create_storage(unsigned long) (stl_vector.h:187)
==28305==    by 0x1099D8: std::_Vector_base<int, std::allocator<int> >::_Vector_base(unsigned long, std::allocator<int> const&) (stl_vector.h:138)
==28305==    by 0x109667: std::vector<int, std::allocator<int> >::vector(unsigned long, std::allocator<int> const&) (stl_vector.h:284)
==28305==    by 0x109056: void Funkcija<int>(int, int, int&, int&) (main.cpp:15)
==28305==    by 0x108D99: main (main.cpp:38)
==28305== 
==28305== Conditional jump or move depends on uninitialised value(s)
==28305==    at 0x109CBD: __gnu_cxx::new_allocator<int>::allocate(unsigned long, void const*) (new_allocator.h:101)
==28305==    by 0x109AF0: std::allocator_traits<std::allocator<int> >::allocate(std::allocator<int>&, unsigned long) (alloc_traits.h:436)
==28305==    by 0x109901: std::_Vector_base<int, std::allocator<int> >::_M_allocate(unsigned long) (stl_vector.h:172)
==28305==    by 0x109BE8: std::_Vector_base<int, std::allocator<int> >::_M_create_storage(unsigned long) (stl_vector.h:187)
==28305==    by 0x1099D8: std::_Vector_base<int, std::allocator<int> >::_Vector_base(unsigned long, std::allocator<int> const&) (stl_vector.h:138)
==28305==    by 0x109667: std::vector<int, std::allocator<int> >::vector(unsigned long, std::allocator<int> const&) (stl_vector.h:284)
==28305==    by 0x109056: void Funkcija<int>(int, int, int&, int&) (main.cpp:15)
==28305==    by 0x108D99: main (main.cpp:38)
==28305== 
==28305== Conditional jump or move depends on uninitialised value(s)
==28305==    at 0x4C3012C: operator new(unsigned long) (in /usr/lib/valgrind/vgpreload_memcheck-amd64-linux.so)
==28305==    by 0x109CD3: __gnu_cxx::new_allocator<int>::allocate(unsigned long, void const*) (new_allocator.h:111)
==28305==    by 0x109AF0: std::allocator_traits<std::allocator<int> >::allocate(std::allocator<int>&, unsigned long) (alloc_traits.h:436)
==28305==    by 0x109901: std::_Vector_base<int, std::allocator<int> >::_M_allocate(unsigned long) (stl_vector.h:172)
==28305==    by 0x109BE8: std::_Vector_base<int, std::allocator<int> >::_M_create_storage(unsigned long) (stl_vector.h:187)
==28305==    by 0x1099D8: std::_Vector_base<int, std::allocator<int> >::_Vector_base(unsigned long, std::allocator<int> const&) (stl_vector.h:138)
==28305==    by 0x109667: std::vector<int, std::allocator<int> >::vector(unsigned long, std::allocator<int> const&) (stl_vector.h:284)
==28305==    by 0x109056: void Funkcija<int>(int, int, int&, int&) (main.cpp:15)
==28305==    by 0x108D99: main (main.cpp:38)
==28305== 
==28305== Conditional jump or move depends on uninitialised value(s)
==28305==    at 0x109F48: __gnu_cxx::__enable_if<std::__is_scalar<int>::__value, int*>::__type std::__fill_n_a<int*, unsigned long, int>(int*, unsigned long, int const&) (stl_algobase.h:753)
==28305==    by 0x109E97: int* std::fill_n<int*, unsigned long, int>(int*, unsigned long, int const&) (stl_algobase.h:789)
==28305==    by 0x109DFF: int* std::__uninitialized_default_n_1<true>::__uninit_default_n<int*, unsigned long>(int*, unsigned long) (stl_uninitialized.h:548)
==28305==    by 0x109D6E: int* std::__uninitialized_default_n<int*, unsigned long>(int*, unsigned long) (stl_uninitialized.h:583)
==28305==    by 0x109C45: int* std::__uninitialized_default_n_a<int*, unsigned long, int>(int*, unsigned long, std::allocator<int>&) (stl_uninitialized.h:645)
==28305==    by 0x109A30: std::vector<int, std::allocator<int> >::_M_default_initialize(unsigned long) (stl_vector.h:1352)
==28305==    by 0x10967A: std::vector<int, std::allocator<int> >::vector(unsigned long, std::allocator<int> const&) (stl_vector.h:285)
==28305==    by 0x109056: void Funkcija<int>(int, int, int&, int&) (main.cpp:15)
==28305==    by 0x108D99: main (main.cpp:38)
==28305== 
==28305== Conditional jump or move depends on uninitialised value(s)
==28305==    at 0x1090A2: void Funkcija<int>(int, int, int&, int&) (main.cpp:18)
==28305==    by 0x108D99: main (main.cpp:38)
==28305== 
==28305== 
==28305== HEAP SUMMARY:
==28305==     in use at exit: 0 bytes in 0 blocks
==28305==   total heap usage: 7 allocs, 7 frees, 73,808 bytes allocated
==28305== 
==28305== All heap blocks were freed -- no leaks are possible
==28305== 
==28305== For counts of detected and suppressed errors, rerun with: -v
==28305== Use --track-origins=yes to see where uninitialised values come from
==28305== ERROR SUMMARY: 15 errors from 5 contexts (suppressed: 0 from 0)
