==11755== Memcheck, a memory error detector
==11755== Copyright (C) 2002-2017, and GNU GPL'd, by Julian Seward et al.
==11755== Using Valgrind-3.13.0 and LibVEX; rerun with -h for copyright info
==11755== Command: /rhome/m/mhadzic9/workspace/TP/Z1/Z1/.runme
==11755== Parent PID: 11736
==11755== 
==11755== 
==11755== Process terminating with default action of signal 15 (SIGTERM)
==11755==    at 0x56EF081: read (read.c:27)
==11755==    by 0x566C147: _IO_file_underflow@@GLIBC_2.2.5 (fileops.c:531)
==11755==    by 0x566D3F1: _IO_default_uflow (genops.c:380)
==11755==    by 0x512B95C: __gnu_cxx::stdio_sync_filebuf<char, std::char_traits<char> >::underflow() (in /usr/lib/x86_64-linux-gnu/libstdc++.so.6.0.25)
==11755==    by 0x5139739: std::istream::sentry::sentry(std::istream&, bool) (in /usr/lib/x86_64-linux-gnu/libstdc++.so.6.0.25)
==11755==    by 0x513996D: std::istream::operator>>(int&) (in /usr/lib/x86_64-linux-gnu/libstdc++.so.6.0.25)
==11755==    by 0x109045: main (main.cpp:42)
==11755== 
==11755== HEAP SUMMARY:
==11755==     in use at exit: 0 bytes in 0 blocks
==11755==   total heap usage: 2 allocs, 2 frees, 73,728 bytes allocated
==11755== 
==11755== All heap blocks were freed -- no leaks are possible
==11755== 
==11755== For counts of detected and suppressed errors, rerun with: -v
==11755== ERROR SUMMARY: 0 errors from 0 contexts (suppressed: 0 from 0)
