==29208== Memcheck, a memory error detector
==29208== Copyright (C) 2002-2017, and GNU GPL'd, by Julian Seward et al.
==29208== Using Valgrind-3.13.0 and LibVEX; rerun with -h for copyright info
==29208== Command: /rhome/m/mhadzic9/workspace/TP/T8/Z5/.runme
==29208== Parent PID: 29182
==29208== 
==29208== 
==29208== Process terminating with default action of signal 1 (SIGHUP)
==29208==    at 0x54D7081: read (read.c:27)
==29208==    by 0x5454147: _IO_file_underflow@@GLIBC_2.2.5 (fileops.c:531)
==29208==    by 0x54553F1: _IO_default_uflow (genops.c:380)
==29208==    by 0x512B7EC: __gnu_cxx::stdio_sync_filebuf<char, std::char_traits<char> >::underflow() (in /usr/lib/x86_64-linux-gnu/libstdc++.so.6.0.25)
==29208==    by 0x51395D9: std::istream::sentry::sentry(std::istream&, bool) (in /usr/lib/x86_64-linux-gnu/libstdc++.so.6.0.25)
==29208==    by 0x513BB3D: std::istream& std::istream::_M_extract<double>(double&) (in /usr/lib/x86_64-linux-gnu/libstdc++.so.6.0.25)
==29208==    by 0x1089D3: UnesiVektor(std::tuple<double, double, double>&) (main.cpp:9)
==29208==    by 0x108E6C: main (main.cpp:42)
==29208== 
==29208== HEAP SUMMARY:
==29208==     in use at exit: 0 bytes in 0 blocks
==29208==   total heap usage: 2 allocs, 2 frees, 73,728 bytes allocated
==29208== 
==29208== All heap blocks were freed -- no leaks are possible
==29208== 
==29208== For counts of detected and suppressed errors, rerun with: -v
==29208== ERROR SUMMARY: 0 errors from 0 contexts (suppressed: 0 from 0)
