==8261== Memcheck, a memory error detector
==8261== Copyright (C) 2002-2017, and GNU GPL'd, by Julian Seward et al.
==8261== Using Valgrind-3.13.0 and LibVEX; rerun with -h for copyright info
==8261== Command: /rhome/m/mhadzic9/workspace/TP/T2/Z1/.runme
==8261== Parent PID: 8240
==8261== 
==8261== 
==8261== Process terminating with default action of signal 15 (SIGTERM)
==8261==    at 0x5A8D081: read (read.c:27)
==8261==    by 0x5A0A147: _IO_file_underflow@@GLIBC_2.2.5 (fileops.c:531)
==8261==    by 0x5A0B3F1: _IO_default_uflow (genops.c:380)
==8261==    by 0x512B95C: __gnu_cxx::stdio_sync_filebuf<char, std::char_traits<char> >::underflow() (in /usr/lib/x86_64-linux-gnu/libstdc++.so.6.0.25)
==8261==    by 0x5139739: std::istream::sentry::sentry(std::istream&, bool) (in /usr/lib/x86_64-linux-gnu/libstdc++.so.6.0.25)
==8261==    by 0x513996D: std::istream::operator>>(int&) (in /usr/lib/x86_64-linux-gnu/libstdc++.so.6.0.25)
==8261==    by 0x108F53: main (main.cpp:37)
==8261== 
==8261== HEAP SUMMARY:
==8261==     in use at exit: 0 bytes in 0 blocks
==8261==   total heap usage: 2 allocs, 2 frees, 73,728 bytes allocated
==8261== 
==8261== All heap blocks were freed -- no leaks are possible
==8261== 
==8261== For counts of detected and suppressed errors, rerun with: -v
==8261== ERROR SUMMARY: 0 errors from 0 contexts (suppressed: 0 from 0)
