==4822== Memcheck, a memory error detector
==4822== Copyright (C) 2002-2017, and GNU GPL'd, by Julian Seward et al.
==4822== Using Valgrind-3.13.0 and LibVEX; rerun with -h for copyright info
==4822== Command: /rhome/m/mhadzic9/workspace/TP/ZSR3/Z40/.runme
==4822== Parent PID: 4804
==4822== 
==4822== 
==4822== Process terminating with default action of signal 1 (SIGHUP)
==4822==    at 0x56EF081: read (read.c:27)
==4822==    by 0x566C147: _IO_file_underflow@@GLIBC_2.2.5 (fileops.c:531)
==4822==    by 0x566D3F1: _IO_default_uflow (genops.c:380)
==4822==    by 0x512B7FC: __gnu_cxx::stdio_sync_filebuf<char, std::char_traits<char> >::underflow() (in /usr/lib/x86_64-linux-gnu/libstdc++.so.6.0.25)
==4822==    by 0x50EA088: std::basic_istream<char, std::char_traits<char> >& std::getline<char, std::char_traits<char>, std::allocator<char> >(std::basic_istream<char, std::char_traits<char> >&, std::__cxx11::basic_string<char, std::char_traits<char>, std::allocator<char> >&, char) (in /usr/lib/x86_64-linux-gnu/libstdc++.so.6.0.25)
==4822==    by 0x109002: main (main.cpp:25)
==4822== 
==4822== HEAP SUMMARY:
==4822==     in use at exit: 0 bytes in 0 blocks
==4822==   total heap usage: 2 allocs, 2 frees, 73,728 bytes allocated
==4822== 
==4822== All heap blocks were freed -- no leaks are possible
==4822== 
==4822== For counts of detected and suppressed errors, rerun with: -v
==4822== ERROR SUMMARY: 0 errors from 0 contexts (suppressed: 0 from 0)
