==10768== Memcheck, a memory error detector
==10768== Copyright (C) 2002-2017, and GNU GPL'd, by Julian Seward et al.
==10768== Using Valgrind-3.13.0 and LibVEX; rerun with -h for copyright info
==10768== Command: /rhome/m/mhadzic9/workspace/TP/Ispit1/Z3/.runme
==10768== Parent PID: 10743
==10768== 
==10768== 
==10768== Process terminating with default action of signal 24 (SIGXCPU): dumping core
==10768==    at 0x5163559: std::__cxx11::basic_string<char, std::char_traits<char>, std::allocator<char> >::_M_replace_aux(unsigned long, unsigned long, unsigned long, char) (in /usr/lib/x86_64-linux-gnu/libstdc++.so.6.0.25)
==10768==    by 0x51636F1: std::__cxx11::basic_string<char, std::char_traits<char>, std::allocator<char> >::insert(__gnu_cxx::__normal_iterator<char const*, std::__cxx11::basic_string<char, std::char_traits<char>, std::allocator<char> > >, char) (in /usr/lib/x86_64-linux-gnu/libstdc++.so.6.0.25)
==10768==    by 0x1092DE: OgradiRijec(std::__cxx11::basic_string<char, std::char_traits<char>, std::allocator<char> >, int) (main.cpp:20)
==10768==    by 0x1093B0: main (main.cpp:36)
==10768== 
==10768== HEAP SUMMARY:
==10768==     in use at exit: 7,864,321 bytes in 1 blocks
==10768==   total heap usage: 20 allocs, 19 frees, 15,801,333 bytes allocated
==10768== 
==10768== LEAK SUMMARY:
==10768==    definitely lost: 0 bytes in 0 blocks
==10768==    indirectly lost: 0 bytes in 0 blocks
==10768==      possibly lost: 0 bytes in 0 blocks
==10768==    still reachable: 7,864,321 bytes in 1 blocks
==10768==         suppressed: 0 bytes in 0 blocks
==10768== Reachable blocks (those to which a pointer was found) are not shown.
==10768== To see them, rerun with: --leak-check=full --show-leak-kinds=all
==10768== 
==10768== For counts of detected and suppressed errors, rerun with: -v
==10768== ERROR SUMMARY: 0 errors from 0 contexts (suppressed: 0 from 0)
