==6870== Memcheck, a memory error detector
==6870== Copyright (C) 2002-2017, and GNU GPL'd, by Julian Seward et al.
==6870== Using Valgrind-3.13.0 and LibVEX; rerun with -h for copyright info
==6870== Command: /rhome/m/mhadzic9/workspace/TP/ZSR3/Z49/.runme
==6870== Parent PID: 6852
==6870== 
==6870== 
==6870== Process terminating with default action of signal 6 (SIGABRT): dumping core
==6870==    at 0x561DE97: raise (raise.c:51)
==6870==    by 0x561F800: abort (abort.c:79)
==6870==    by 0x50CA956: ??? (in /usr/lib/x86_64-linux-gnu/libstdc++.so.6.0.25)
==6870==    by 0x50D0AE5: ??? (in /usr/lib/x86_64-linux-gnu/libstdc++.so.6.0.25)
==6870==    by 0x50D0B20: std::terminate() (in /usr/lib/x86_64-linux-gnu/libstdc++.so.6.0.25)
==6870==    by 0x50D0D53: __cxa_throw (in /usr/lib/x86_64-linux-gnu/libstdc++.so.6.0.25)
==6870==    by 0x50CC85A: ??? (in /usr/lib/x86_64-linux-gnu/libstdc++.so.6.0.25)
==6870==    by 0x51631DE: std::__cxx11::basic_string<char, std::char_traits<char>, std::allocator<char> >::at(unsigned long) (in /usr/lib/x86_64-linux-gnu/libstdc++.so.6.0.25)
==6870==    by 0x109339: BrojeviUStringu(std::__cxx11::basic_string<char, std::char_traits<char>, std::allocator<char> >) (main.cpp:19)
==6870==    by 0x1094E0: main (main.cpp:35)
==6870== 
==6870== HEAP SUMMARY:
==6870==     in use at exit: 232 bytes in 2 blocks
==6870==   total heap usage: 5 allocs, 3 frees, 73,992 bytes allocated
==6870== 
==6870== 144 bytes in 1 blocks are possibly lost in loss record 2 of 2
==6870==    at 0x4C2FB0F: malloc (in /usr/lib/valgrind/vgpreload_memcheck-amd64-linux.so)
==6870==    by 0x50CF8FF: __cxa_allocate_exception (in /usr/lib/x86_64-linux-gnu/libstdc++.so.6.0.25)
==6870==    by 0x50F92CA: std::__throw_out_of_range_fmt(char const*, ...) (in /usr/lib/x86_64-linux-gnu/libstdc++.so.6.0.25)
==6870==    by 0x51631DE: std::__cxx11::basic_string<char, std::char_traits<char>, std::allocator<char> >::at(unsigned long) (in /usr/lib/x86_64-linux-gnu/libstdc++.so.6.0.25)
==6870==    by 0x109339: BrojeviUStringu(std::__cxx11::basic_string<char, std::char_traits<char>, std::allocator<char> >) (main.cpp:19)
==6870==    by 0x1094E0: main (main.cpp:35)
==6870== 
==6870== LEAK SUMMARY:
==6870==    definitely lost: 0 bytes in 0 blocks
==6870==    indirectly lost: 0 bytes in 0 blocks
==6870==      possibly lost: 144 bytes in 1 blocks
==6870==    still reachable: 88 bytes in 1 blocks
==6870==                       of which reachable via heuristic:
==6870==                         stdstring          : 88 bytes in 1 blocks
==6870==         suppressed: 0 bytes in 0 blocks
==6870== Reachable blocks (those to which a pointer was found) are not shown.
==6870== To see them, rerun with: --leak-check=full --show-leak-kinds=all
==6870== 
==6870== For counts of detected and suppressed errors, rerun with: -v
==6870== ERROR SUMMARY: 1 errors from 1 contexts (suppressed: 0 from 0)
