==24600== Memcheck, a memory error detector
==24600== Copyright (C) 2002-2017, and GNU GPL'd, by Julian Seward et al.
==24600== Using Valgrind-3.13.0 and LibVEX; rerun with -h for copyright info
==24600== Command: /rhome/m/mhadzic9/workspace/TP/T8/Z5/.runme
==24600== Parent PID: 24554
==24600== 
==24600== 
==24600== Process terminating with default action of signal 15 (SIGTERM)
==24600==    at 0x54D7081: read (read.c:27)
==24600==    by 0x5454147: _IO_file_underflow@@GLIBC_2.2.5 (fileops.c:531)
==24600==    by 0x54553F1: _IO_default_uflow (genops.c:380)
==24600==    by 0x512B95C: __gnu_cxx::stdio_sync_filebuf<char, std::char_traits<char> >::underflow() (in /usr/lib/x86_64-linux-gnu/libstdc++.so.6.0.25)
==24600==    by 0x5139739: std::istream::sentry::sentry(std::istream&, bool) (in /usr/lib/x86_64-linux-gnu/libstdc++.so.6.0.25)
==24600==    by 0x513BCCD: std::istream& std::istream::_M_extract<double>(double&) (in /usr/lib/x86_64-linux-gnu/libstdc++.so.6.0.25)
==24600==    by 0x108A93: UnesiVektor(std::tuple<double, double, double>&) (main.cpp:8)
==24600==    by 0x108F2C: main (main.cpp:39)
==24600== 
==24600== HEAP SUMMARY:
==24600==     in use at exit: 0 bytes in 0 blocks
==24600==   total heap usage: 2 allocs, 2 frees, 73,728 bytes allocated
==24600== 
==24600== All heap blocks were freed -- no leaks are possible
==24600== 
==24600== For counts of detected and suppressed errors, rerun with: -v
==24600== ERROR SUMMARY: 0 errors from 0 contexts (suppressed: 0 from 0)
