==18843== Memcheck, a memory error detector
==18843== Copyright (C) 2002-2017, and GNU GPL'd, by Julian Seward et al.
==18843== Using Valgrind-3.13.0 and LibVEX; rerun with -h for copyright info
==18843== Command: /rhome/m/mhadzic9/workspace/TP/ZSR2/Z32/.runme
==18843== Parent PID: 18805
==18843== 
==18843== 
==18843== Process terminating with default action of signal 1 (SIGHUP)
==18843==    at 0x56EF081: read (read.c:27)
==18843==    by 0x566C147: _IO_file_underflow@@GLIBC_2.2.5 (fileops.c:531)
==18843==    by 0x566D3F1: _IO_default_uflow (genops.c:380)
==18843==    by 0x512B7FC: __gnu_cxx::stdio_sync_filebuf<char, std::char_traits<char> >::underflow() (in /usr/lib/x86_64-linux-gnu/libstdc++.so.6.0.25)
==18843==    by 0x51395E9: std::istream::sentry::sentry(std::istream&, bool) (in /usr/lib/x86_64-linux-gnu/libstdc++.so.6.0.25)
==18843==    by 0x513981D: std::istream::operator>>(int&) (in /usr/lib/x86_64-linux-gnu/libstdc++.so.6.0.25)
==18843==    by 0x1090C8: main (main.cpp:62)
==18843== 
==18843== HEAP SUMMARY:
==18843==     in use at exit: 0 bytes in 0 blocks
==18843==   total heap usage: 2 allocs, 2 frees, 73,728 bytes allocated
==18843== 
==18843== All heap blocks were freed -- no leaks are possible
==18843== 
==18843== For counts of detected and suppressed errors, rerun with: -v
==18843== ERROR SUMMARY: 0 errors from 0 contexts (suppressed: 0 from 0)
