==4130== Memcheck, a memory error detector
==4130== Copyright (C) 2002-2017, and GNU GPL'd, by Julian Seward et al.
==4130== Using Valgrind-3.13.0 and LibVEX; rerun with -h for copyright info
==4130== Command: /rhome/m/mhadzic9/workspace/TP/ZSR3/Z51/.runme
==4130== Parent PID: 4111
==4130== 
==4130== 
==4130== Process terminating with default action of signal 6 (SIGABRT): dumping core
==4130==    at 0x561DE97: raise (raise.c:51)
==4130==    by 0x561F800: abort (abort.c:79)
==4130==    by 0x50CA956: ??? (in /usr/lib/x86_64-linux-gnu/libstdc++.so.6.0.25)
==4130==    by 0x50D0AE5: ??? (in /usr/lib/x86_64-linux-gnu/libstdc++.so.6.0.25)
==4130==    by 0x50D0B20: std::terminate() (in /usr/lib/x86_64-linux-gnu/libstdc++.so.6.0.25)
==4130==    by 0x50D0D53: __cxa_throw (in /usr/lib/x86_64-linux-gnu/libstdc++.so.6.0.25)
==4130==    by 0x50CC85A: ??? (in /usr/lib/x86_64-linux-gnu/libstdc++.so.6.0.25)
==4130==    by 0x10A1DB: std::vector<double, std::allocator<double> >::_M_range_check(unsigned long) const (stl_vector.h:825)
==4130==    by 0x109F2A: std::vector<double, std::allocator<double> >::at(unsigned long) (stl_vector.h:846)
==4130==    by 0x1099BD: Funkcija(std::__cxx11::basic_string<char, std::char_traits<char>, std::allocator<char> >, std::vector<double, std::allocator<double> >) (main.cpp:16)
==4130==    by 0x109B36: main (main.cpp:27)
==4130== 
==4130== HEAP SUMMARY:
==4130==     in use at exit: 270 bytes in 3 blocks
==4130==   total heap usage: 5 allocs, 2 frees, 73,006 bytes allocated
==4130== 
==4130== 144 bytes in 1 blocks are possibly lost in loss record 3 of 3
==4130==    at 0x4C2FB0F: malloc (in /usr/lib/valgrind/vgpreload_memcheck-amd64-linux.so)
==4130==    by 0x50CF8FF: __cxa_allocate_exception (in /usr/lib/x86_64-linux-gnu/libstdc++.so.6.0.25)
==4130==    by 0x50F92CA: std::__throw_out_of_range_fmt(char const*, ...) (in /usr/lib/x86_64-linux-gnu/libstdc++.so.6.0.25)
==4130==    by 0x10A1DB: std::vector<double, std::allocator<double> >::_M_range_check(unsigned long) const (stl_vector.h:825)
==4130==    by 0x109F2A: std::vector<double, std::allocator<double> >::at(unsigned long) (stl_vector.h:846)
==4130==    by 0x1099BD: Funkcija(std::__cxx11::basic_string<char, std::char_traits<char>, std::allocator<char> >, std::vector<double, std::allocator<double> >) (main.cpp:16)
==4130==    by 0x109B36: main (main.cpp:27)
==4130== 
==4130== LEAK SUMMARY:
==4130==    definitely lost: 0 bytes in 0 blocks
==4130==    indirectly lost: 0 bytes in 0 blocks
==4130==      possibly lost: 144 bytes in 1 blocks
==4130==    still reachable: 126 bytes in 2 blocks
==4130==                       of which reachable via heuristic:
==4130==                         stdstring          : 94 bytes in 1 blocks
==4130==         suppressed: 0 bytes in 0 blocks
==4130== Reachable blocks (those to which a pointer was found) are not shown.
==4130== To see them, rerun with: --leak-check=full --show-leak-kinds=all
==4130== 
==4130== For counts of detected and suppressed errors, rerun with: -v
==4130== ERROR SUMMARY: 1 errors from 1 contexts (suppressed: 0 from 0)
