==9314== Memcheck, a memory error detector
==9314== Copyright (C) 2002-2017, and GNU GPL'd, by Julian Seward et al.
==9314== Using Valgrind-3.13.0 and LibVEX; rerun with -h for copyright info
==9314== Command: /rhome/m/mhadzic9/workspace/TP/ZSR1/Z15/.runme
==9314== Parent PID: 9307
==9314== 
==9314== 
==9314== Process terminating with default action of signal 1 (SIGHUP)
==9314==    at 0x54D7081: read (read.c:27)
==9314==    by 0x5454147: _IO_file_underflow@@GLIBC_2.2.5 (fileops.c:531)
==9314==    by 0x54553F1: _IO_default_uflow (genops.c:380)
==9314==    by 0x512B7FC: __gnu_cxx::stdio_sync_filebuf<char, std::char_traits<char> >::underflow() (in /usr/lib/x86_64-linux-gnu/libstdc++.so.6.0.25)
==9314==    by 0x51395A9: std::istream::sentry::sentry(std::istream&, bool) (in /usr/lib/x86_64-linux-gnu/libstdc++.so.6.0.25)
==9314==    by 0x513981D: std::istream::operator>>(int&) (in /usr/lib/x86_64-linux-gnu/libstdc++.so.6.0.25)
==9314==    by 0x108B35: main (main.cpp:28)
==9314== 
==9314== HEAP SUMMARY:
==9314==     in use at exit: 0 bytes in 0 blocks
==9314==   total heap usage: 2 allocs, 2 frees, 73,728 bytes allocated
==9314== 
==9314== All heap blocks were freed -- no leaks are possible
==9314== 
==9314== For counts of detected and suppressed errors, rerun with: -v
==9314== ERROR SUMMARY: 0 errors from 0 contexts (suppressed: 0 from 0)
