==17151== Memcheck, a memory error detector
==17151== Copyright (C) 2002-2017, and GNU GPL'd, by Julian Seward et al.
==17151== Using Valgrind-3.13.0 and LibVEX; rerun with -h for copyright info
==17151== Command: /rhome/m/mhadzic9/workspace/TP/Z3/Z6/.runme
==17151== Parent PID: 17144
==17151== 
==17151== 
==17151== Process terminating with default action of signal 1 (SIGHUP)
==17151==    at 0x56EF081: read (read.c:27)
==17151==    by 0x566C147: _IO_file_underflow@@GLIBC_2.2.5 (fileops.c:531)
==17151==    by 0x566D3F1: _IO_default_uflow (genops.c:380)
==17151==    by 0x512B7EC: __gnu_cxx::stdio_sync_filebuf<char, std::char_traits<char> >::underflow() (in /usr/lib/x86_64-linux-gnu/libstdc++.so.6.0.25)
==17151==    by 0x51395D9: std::istream::sentry::sentry(std::istream&, bool) (in /usr/lib/x86_64-linux-gnu/libstdc++.so.6.0.25)
==17151==    by 0x513980D: std::istream::operator>>(int&) (in /usr/lib/x86_64-linux-gnu/libstdc++.so.6.0.25)
==17151==    by 0x109647: main (main.cpp:85)
==17151== 
==17151== HEAP SUMMARY:
==17151==     in use at exit: 0 bytes in 0 blocks
==17151==   total heap usage: 2 allocs, 2 frees, 73,728 bytes allocated
==17151== 
==17151== All heap blocks were freed -- no leaks are possible
==17151== 
==17151== For counts of detected and suppressed errors, rerun with: -v
==17151== ERROR SUMMARY: 0 errors from 0 contexts (suppressed: 0 from 0)
