==27349== Memcheck, a memory error detector
==27349== Copyright (C) 2002-2017, and GNU GPL'd, by Julian Seward et al.
==27349== Using Valgrind-3.13.0 and LibVEX; rerun with -h for copyright info
==27349== Command: /rhome/m/mhadzic9/workspace/TP/T3/Z2/.runme
==27349== Parent PID: 27341
==27349== 
==27349== 
==27349== Process terminating with default action of signal 15 (SIGTERM)
==27349==    at 0x56EF081: read (read.c:27)
==27349==    by 0x566C147: _IO_file_underflow@@GLIBC_2.2.5 (fileops.c:531)
==27349==    by 0x566D3F1: _IO_default_uflow (genops.c:380)
==27349==    by 0x512B95C: __gnu_cxx::stdio_sync_filebuf<char, std::char_traits<char> >::underflow() (in /usr/lib/x86_64-linux-gnu/libstdc++.so.6.0.25)
==27349==    by 0x5139739: std::istream::sentry::sentry(std::istream&, bool) (in /usr/lib/x86_64-linux-gnu/libstdc++.so.6.0.25)
==27349==    by 0x513996D: std::istream::operator>>(int&) (in /usr/lib/x86_64-linux-gnu/libstdc++.so.6.0.25)
==27349==    by 0x108F2A: main (main.cpp:29)
==27349== 
==27349== HEAP SUMMARY:
==27349==     in use at exit: 0 bytes in 0 blocks
==27349==   total heap usage: 2 allocs, 2 frees, 73,728 bytes allocated
==27349== 
==27349== All heap blocks were freed -- no leaks are possible
==27349== 
==27349== For counts of detected and suppressed errors, rerun with: -v
==27349== ERROR SUMMARY: 0 errors from 0 contexts (suppressed: 0 from 0)
