==6073== Memcheck, a memory error detector
==6073== Copyright (C) 2002-2017, and GNU GPL'd, by Julian Seward et al.
==6073== Using Valgrind-3.13.0 and LibVEX; rerun with -h for copyright info
==6073== Command: /rhome/m/mhadzic9/workspace/TP/Z1/Z3/.runme
==6073== Parent PID: 6056
==6073== 
==6073== 
==6073== Process terminating with default action of signal 1 (SIGHUP)
==6073==    at 0x56EF081: read (read.c:27)
==6073==    by 0x566C147: _IO_file_underflow@@GLIBC_2.2.5 (fileops.c:531)
==6073==    by 0x566D3F1: _IO_default_uflow (genops.c:380)
==6073==    by 0x512B7FC: __gnu_cxx::stdio_sync_filebuf<char, std::char_traits<char> >::underflow() (in /usr/lib/x86_64-linux-gnu/libstdc++.so.6.0.25)
==6073==    by 0x51395E9: std::istream::sentry::sentry(std::istream&, bool) (in /usr/lib/x86_64-linux-gnu/libstdc++.so.6.0.25)
==6073==    by 0x513981D: std::istream::operator>>(int&) (in /usr/lib/x86_64-linux-gnu/libstdc++.so.6.0.25)
==6073==    by 0x10A4BB: main (main.cpp:148)
==6073== 
==6073== HEAP SUMMARY:
==6073==     in use at exit: 0 bytes in 0 blocks
==6073==   total heap usage: 2 allocs, 2 frees, 73,728 bytes allocated
==6073== 
==6073== All heap blocks were freed -- no leaks are possible
==6073== 
==6073== For counts of detected and suppressed errors, rerun with: -v
==6073== ERROR SUMMARY: 0 errors from 0 contexts (suppressed: 0 from 0)
