==11811== Memcheck, a memory error detector
==11811== Copyright (C) 2002-2017, and GNU GPL'd, by Julian Seward et al.
==11811== Using Valgrind-3.13.0 and LibVEX; rerun with -h for copyright info
==11811== Command: /rhome/m/mhadzic9/workspace/TP/T2/Z3/.runme
==11811== Parent PID: 11802
==11811== 
==11811== Conditional jump or move depends on uninitialised value(s)
==11811==    at 0x108BD4: main (main.cpp:11)
==11811== 
==11811== 
==11811== Process terminating with default action of signal 1 (SIGHUP)
==11811==    at 0x56EF152: write (write.c:27)
==11811==    by 0x566A1BC: _IO_file_write@@GLIBC_2.2.5 (fileops.c:1203)
==11811==    by 0x566AB2E: new_do_write (fileops.c:457)
==11811==    by 0x566AB2E: _IO_file_xsputn@@GLIBC_2.2.5 (fileops.c:1277)
==11811==    by 0x565E976: fwrite (iofwrite.c:39)
==11811==    by 0x5151E93: std::basic_ostream<char, std::char_traits<char> >& std::__ostream_insert<char, std::char_traits<char> >(std::basic_ostream<char, std::char_traits<char> >&, char const*, long) (in /usr/lib/x86_64-linux-gnu/libstdc++.so.6.0.25)
==11811==    by 0x5152206: std::basic_ostream<char, std::char_traits<char> >& std::operator<< <std::char_traits<char> >(std::basic_ostream<char, std::char_traits<char> >&, char const*) (in /usr/lib/x86_64-linux-gnu/libstdc++.so.6.0.25)
==11811==    by 0x108CCE: main (main.cpp:18)
==11811== 
==11811== HEAP SUMMARY:
==11811==     in use at exit: 0 bytes in 0 blocks
==11811==   total heap usage: 2 allocs, 2 frees, 73,728 bytes allocated
==11811== 
==11811== All heap blocks were freed -- no leaks are possible
==11811== 
==11811== For counts of detected and suppressed errors, rerun with: -v
==11811== Use --track-origins=yes to see where uninitialised values come from
==11811== ERROR SUMMARY: 1 errors from 1 contexts (suppressed: 0 from 0)
