==26358== Memcheck, a memory error detector
==26358== Copyright (C) 2002-2017, and GNU GPL'd, by Julian Seward et al.
==26358== Using Valgrind-3.13.0 and LibVEX; rerun with -h for copyright info
==26358== Command: /rhome/m/mhadzic9/workspace/TP/T5/Z6/.runme
==26358== Parent PID: 26340
==26358== 
==26358== 
==26358== Process terminating with default action of signal 15 (SIGTERM)
==26358==    at 0x56EF081: read (read.c:27)
==26358==    by 0x566C147: _IO_file_underflow@@GLIBC_2.2.5 (fileops.c:531)
==26358==    by 0x566D3F1: _IO_default_uflow (genops.c:380)
==26358==    by 0x512B95C: __gnu_cxx::stdio_sync_filebuf<char, std::char_traits<char> >::underflow() (in /usr/lib/x86_64-linux-gnu/libstdc++.so.6.0.25)
==26358==    by 0x5139739: std::istream::sentry::sentry(std::istream&, bool) (in /usr/lib/x86_64-linux-gnu/libstdc++.so.6.0.25)
==26358==    by 0x513996D: std::istream::operator>>(int&) (in /usr/lib/x86_64-linux-gnu/libstdc++.so.6.0.25)
==26358==    by 0x108D7A: main (main.cpp:34)
==26358== 
==26358== HEAP SUMMARY:
==26358==     in use at exit: 0 bytes in 0 blocks
==26358==   total heap usage: 2 allocs, 2 frees, 73,728 bytes allocated
==26358== 
==26358== All heap blocks were freed -- no leaks are possible
==26358== 
==26358== For counts of detected and suppressed errors, rerun with: -v
==26358== ERROR SUMMARY: 0 errors from 0 contexts (suppressed: 0 from 0)
