==10920== Memcheck, a memory error detector
==10920== Copyright (C) 2002-2017, and GNU GPL'd, by Julian Seward et al.
==10920== Using Valgrind-3.13.0 and LibVEX; rerun with -h for copyright info
==10920== Command: /rhome/m/mhadzic9/workspace/TP/T2/Z4/.runme
==10920== Parent PID: 10913
==10920== 
==10920== 
==10920== Process terminating with default action of signal 15 (SIGTERM)
==10920==    at 0x56EF081: read (read.c:27)
==10920==    by 0x566C147: _IO_file_underflow@@GLIBC_2.2.5 (fileops.c:531)
==10920==    by 0x566D3F1: _IO_default_uflow (genops.c:380)
==10920==    by 0x512B89C: __gnu_cxx::stdio_sync_filebuf<char, std::char_traits<char> >::underflow() (in /usr/lib/x86_64-linux-gnu/libstdc++.so.6.0.25)
==10920==    by 0x5139679: std::istream::sentry::sentry(std::istream&, bool) (in /usr/lib/x86_64-linux-gnu/libstdc++.so.6.0.25)
==10920==    by 0x51398AD: std::istream::operator>>(int&) (in /usr/lib/x86_64-linux-gnu/libstdc++.so.6.0.25)
==10920==    by 0x108B6C: main (main.cpp:9)
==10920== 
==10920== HEAP SUMMARY:
==10920==     in use at exit: 0 bytes in 0 blocks
==10920==   total heap usage: 2 allocs, 2 frees, 73,728 bytes allocated
==10920== 
==10920== All heap blocks were freed -- no leaks are possible
==10920== 
==10920== For counts of detected and suppressed errors, rerun with: -v
==10920== ERROR SUMMARY: 0 errors from 0 contexts (suppressed: 0 from 0)
