==15146== Memcheck, a memory error detector
==15146== Copyright (C) 2002-2017, and GNU GPL'd, by Julian Seward et al.
==15146== Using Valgrind-3.13.0 and LibVEX; rerun with -h for copyright info
==15146== Command: /rhome/m/mhadzic9/workspace/TP/T4/Z4/.runme
==15146== Parent PID: 15129
==15146== 
==15146== 
==15146== Process terminating with default action of signal 1 (SIGHUP)
==15146==    at 0x54D7081: read (read.c:27)
==15146==    by 0x5454147: _IO_file_underflow@@GLIBC_2.2.5 (fileops.c:531)
==15146==    by 0x54553F1: _IO_default_uflow (genops.c:380)
==15146==    by 0x512B7FC: __gnu_cxx::stdio_sync_filebuf<char, std::char_traits<char> >::underflow() (in /usr/lib/x86_64-linux-gnu/libstdc++.so.6.0.25)
==15146==    by 0x51395E9: std::istream::sentry::sentry(std::istream&, bool) (in /usr/lib/x86_64-linux-gnu/libstdc++.so.6.0.25)
==15146==    by 0x513BB4D: std::istream& std::istream::_M_extract<double>(double&) (in /usr/lib/x86_64-linux-gnu/libstdc++.so.6.0.25)
==15146==    by 0x108E2F: void UnosBroja<char const*, double>(char const*, char const*, double&) (main.cpp:11)
==15146==    by 0x108C5A: main (main.cpp:24)
==15146== 
==15146== HEAP SUMMARY:
==15146==     in use at exit: 0 bytes in 0 blocks
==15146==   total heap usage: 3 allocs, 3 frees, 73,785 bytes allocated
==15146== 
==15146== All heap blocks were freed -- no leaks are possible
==15146== 
==15146== For counts of detected and suppressed errors, rerun with: -v
==15146== ERROR SUMMARY: 0 errors from 0 contexts (suppressed: 0 from 0)
