==26761== Memcheck, a memory error detector
==26761== Copyright (C) 2002-2017, and GNU GPL'd, by Julian Seward et al.
==26761== Using Valgrind-3.13.0 and LibVEX; rerun with -h for copyright info
==26761== Command: /rhome/m/mhadzic9/workspace/TP/T8/Z6/.runme
==26761== Parent PID: 26743
==26761== 
==26761== 
==26761== Process terminating with default action of signal 1 (SIGHUP)
==26761==    at 0x54D7081: read (read.c:27)
==26761==    by 0x5454147: _IO_file_underflow@@GLIBC_2.2.5 (fileops.c:531)
==26761==    by 0x54553F1: _IO_default_uflow (genops.c:380)
==26761==    by 0x512B7EC: __gnu_cxx::stdio_sync_filebuf<char, std::char_traits<char> >::underflow() (in /usr/lib/x86_64-linux-gnu/libstdc++.so.6.0.25)
==26761==    by 0x51395D9: std::istream::sentry::sentry(std::istream&, bool) (in /usr/lib/x86_64-linux-gnu/libstdc++.so.6.0.25)
==26761==    by 0x513BB3D: std::istream& std::istream::_M_extract<double>(double&) (in /usr/lib/x86_64-linux-gnu/libstdc++.so.6.0.25)
==26761==    by 0x108B23: Cvor<double>* KreirajPovezanuListu<double>(double) (main.cpp:15)
==26761==    by 0x1089EE: main (main.cpp:71)
==26761== 
==26761== HEAP SUMMARY:
==26761==     in use at exit: 0 bytes in 0 blocks
==26761==   total heap usage: 2 allocs, 2 frees, 73,728 bytes allocated
==26761== 
==26761== All heap blocks were freed -- no leaks are possible
==26761== 
==26761== For counts of detected and suppressed errors, rerun with: -v
==26761== ERROR SUMMARY: 0 errors from 0 contexts (suppressed: 0 from 0)
