==14703== Memcheck, a memory error detector
==14703== Copyright (C) 2002-2017, and GNU GPL'd, by Julian Seward et al.
==14703== Using Valgrind-3.13.0 and LibVEX; rerun with -h for copyright info
==14703== Command: /rhome/m/mhadzic9/workspace/TP/T6/Z2/.runme
==14703== Parent PID: 14676
==14703== 
==14703== 
==14703== Process terminating with default action of signal 15 (SIGTERM)
==14703==    at 0x56EF081: read (read.c:27)
==14703==    by 0x566C147: _IO_file_underflow@@GLIBC_2.2.5 (fileops.c:531)
==14703==    by 0x566D3F1: _IO_default_uflow (genops.c:380)
==14703==    by 0x512B95C: __gnu_cxx::stdio_sync_filebuf<char, std::char_traits<char> >::underflow() (in /usr/lib/x86_64-linux-gnu/libstdc++.so.6.0.25)
==14703==    by 0x5139739: std::istream::sentry::sentry(std::istream&, bool) (in /usr/lib/x86_64-linux-gnu/libstdc++.so.6.0.25)
==14703==    by 0x513996D: std::istream::operator>>(int&) (in /usr/lib/x86_64-linux-gnu/libstdc++.so.6.0.25)
==14703==    by 0x108E57: main (main.cpp:32)
==14703== 
==14703== HEAP SUMMARY:
==14703==     in use at exit: 0 bytes in 0 blocks
==14703==   total heap usage: 2 allocs, 2 frees, 73,728 bytes allocated
==14703== 
==14703== All heap blocks were freed -- no leaks are possible
==14703== 
==14703== For counts of detected and suppressed errors, rerun with: -v
==14703== ERROR SUMMARY: 0 errors from 0 contexts (suppressed: 0 from 0)
