==13564== Memcheck, a memory error detector
==13564== Copyright (C) 2002-2017, and GNU GPL'd, by Julian Seward et al.
==13564== Using Valgrind-3.13.0 and LibVEX; rerun with -h for copyright info
==13564== Command: /rhome/m/mhadzic9/workspace/TP/T3/Z3/.runme
==13564== Parent PID: 13542
==13564== 
==13564== Conditional jump or move depends on uninitialised value(s)
==13564==    at 0x108EE8: main (main.cpp:31)
==13564== 
==13564== 
==13564== Process terminating with default action of signal 1 (SIGHUP)
==13564==    at 0x56EF152: write (write.c:27)
==13564==    by 0x566A1BC: _IO_file_write@@GLIBC_2.2.5 (fileops.c:1203)
==13564==    by 0x566AB2E: new_do_write (fileops.c:457)
==13564==    by 0x566AB2E: _IO_file_xsputn@@GLIBC_2.2.5 (fileops.c:1277)
==13564==    by 0x565E976: fwrite (iofwrite.c:39)
==13564==    by 0x5151E93: std::basic_ostream<char, std::char_traits<char> >& std::__ostream_insert<char, std::char_traits<char> >(std::basic_ostream<char, std::char_traits<char> >&, char const*, long) (in /usr/lib/x86_64-linux-gnu/libstdc++.so.6.0.25)
==13564==    by 0x5152206: std::basic_ostream<char, std::char_traits<char> >& std::operator<< <std::char_traits<char> >(std::basic_ostream<char, std::char_traits<char> >&, char const*) (in /usr/lib/x86_64-linux-gnu/libstdc++.so.6.0.25)
==13564==    by 0x108EFC: main (main.cpp:31)
==13564== 
==13564== HEAP SUMMARY:
==13564==     in use at exit: 0 bytes in 0 blocks
==13564==   total heap usage: 2 allocs, 2 frees, 73,728 bytes allocated
==13564== 
==13564== All heap blocks were freed -- no leaks are possible
==13564== 
==13564== For counts of detected and suppressed errors, rerun with: -v
==13564== Use --track-origins=yes to see where uninitialised values come from
==13564== ERROR SUMMARY: 1 errors from 1 contexts (suppressed: 0 from 0)
