==26836== Memcheck, a memory error detector
==26836== Copyright (C) 2002-2017, and GNU GPL'd, by Julian Seward et al.
==26836== Using Valgrind-3.13.0 and LibVEX; rerun with -h for copyright info
==26836== Command: /rhome/m/mhadzic9/workspace/TP/Ispit1/Z1/.runme
==26836== Parent PID: 26801
==26836== 
==26836== 
==26836== Process terminating with default action of signal 1 (SIGHUP)
==26836==    at 0x56EF152: write (write.c:27)
==26836==    by 0x566A1BC: _IO_file_write@@GLIBC_2.2.5 (fileops.c:1203)
==26836==    by 0x566AB2E: new_do_write (fileops.c:457)
==26836==    by 0x566AB2E: _IO_file_xsputn@@GLIBC_2.2.5 (fileops.c:1277)
==26836==    by 0x565E976: fwrite (iofwrite.c:39)
==26836==    by 0x5151B83: std::basic_ostream<char, std::char_traits<char> >& std::__ostream_insert<char, std::char_traits<char> >(std::basic_ostream<char, std::char_traits<char> >&, char const*, long) (in /usr/lib/x86_64-linux-gnu/libstdc++.so.6.0.25)
==26836==    by 0x5151EF6: std::basic_ostream<char, std::char_traits<char> >& std::operator<< <std::char_traits<char> >(std::basic_ostream<char, std::char_traits<char> >&, char const*) (in /usr/lib/x86_64-linux-gnu/libstdc++.so.6.0.25)
==26836==    by 0x109854: main (main.cpp:56)
==26836== 
==26836== HEAP SUMMARY:
==26836==     in use at exit: 0 bytes in 0 blocks
==26836==   total heap usage: 2 allocs, 2 frees, 73,728 bytes allocated
==26836== 
==26836== All heap blocks were freed -- no leaks are possible
==26836== 
==26836== For counts of detected and suppressed errors, rerun with: -v
==26836== ERROR SUMMARY: 0 errors from 0 contexts (suppressed: 0 from 0)
