==4925== Memcheck, a memory error detector
==4925== Copyright (C) 2002-2017, and GNU GPL'd, by Julian Seward et al.
==4925== Using Valgrind-3.13.0 and LibVEX; rerun with -h for copyright info
==4925== Command: /rhome/m/mhadzic9/workspace/TP2018/ZSR1/Z28/.runme
==4925== Parent PID: 4918
==4925== 
==4925== 
==4925== Process terminating with default action of signal 15 (SIGTERM)
==4925==    at 0x54D7081: read (read.c:27)
==4925==    by 0x5454147: _IO_file_underflow@@GLIBC_2.2.5 (fileops.c:531)
==4925==    by 0x54553F1: _IO_default_uflow (genops.c:380)
==4925==    by 0x512B7FC: __gnu_cxx::stdio_sync_filebuf<char, std::char_traits<char> >::underflow() (in /usr/lib/x86_64-linux-gnu/libstdc++.so.6.0.25)
==4925==    by 0x51395E9: std::istream::sentry::sentry(std::istream&, bool) (in /usr/lib/x86_64-linux-gnu/libstdc++.so.6.0.25)
==4925==    by 0x513981D: std::istream::operator>>(int&) (in /usr/lib/x86_64-linux-gnu/libstdc++.so.6.0.25)
==4925==    by 0x108976: main (main.cpp:7)
==4925== 
==4925== HEAP SUMMARY:
==4925==     in use at exit: 0 bytes in 0 blocks
==4925==   total heap usage: 2 allocs, 2 frees, 73,728 bytes allocated
==4925== 
==4925== All heap blocks were freed -- no leaks are possible
==4925== 
==4925== For counts of detected and suppressed errors, rerun with: -v
==4925== ERROR SUMMARY: 0 errors from 0 contexts (suppressed: 0 from 0)
