/rhome/m/mhadzic9/workspace/TP/T12/Z4/main.cpp: In function ‘bool operator==(const Kompleksni&, const Kompleksni&)’:
/rhome/m/mhadzic9/workspace/TP/T12/Z4/main.cpp:43:18: warning: comparing floating point with == or != is unsafe [-Wfloat-equal]
   return a.re==b.re && a.im==b.im;
                  ^~
/rhome/m/mhadzic9/workspace/TP/T12/Z4/main.cpp:43:32: warning: comparing floating point with == or != is unsafe [-Wfloat-equal]
   return a.re==b.re && a.im==b.im;
                                ^~
/rhome/m/mhadzic9/workspace/TP/T12/Z4/main.cpp: In function ‘std::ostream& operator<<(std::ostream&, const Kompleksni&)’:
/rhome/m/mhadzic9/workspace/TP/T12/Z4/main.cpp:77:13: warning: comparing floating point with == or != is unsafe [-Wfloat-equal]
   if (a.re!=0 && a.im>0 && a.im!=1) tok << a.re << "+" << a.im << "i";
             ^
/rhome/m/mhadzic9/workspace/TP/T12/Z4/main.cpp:77:34: warning: comparing floating point with == or != is unsafe [-Wfloat-equal]
   if (a.re!=0 && a.im>0 && a.im!=1) tok << a.re << "+" << a.im << "i";
                                  ^
/rhome/m/mhadzic9/workspace/TP/T12/Z4/main.cpp:78:28: warning: comparing floating point with == or != is unsafe [-Wfloat-equal]
   else if (a.im<0 && a.im!=1 && a.re!=0 && a.im!=-1) tok << a.re << a.im << "i";
                            ^
/rhome/m/mhadzic9/workspace/TP/T12/Z4/main.cpp:78:39: warning: comparing floating point with == or != is unsafe [-Wfloat-equal]
   else if (a.im<0 && a.im!=1 && a.re!=0 && a.im!=-1) tok << a.re << a.im << "i";
                                       ^
/rhome/m/mhadzic9/workspace/TP/T12/Z4/main.cpp:78:51: warning: comparing floating point with == or != is unsafe [-Wfloat-equal]
   else if (a.im<0 && a.im!=1 && a.re!=0 && a.im!=-1) tok << a.re << a.im << "i";
                                                   ^
/rhome/m/mhadzic9/workspace/TP/T12/Z4/main.cpp:79:18: warning: comparing floating point with == or != is unsafe [-Wfloat-equal]
   else if (a.im==1 && a.re!=0) tok << a.re << "+i";
                  ^
/rhome/m/mhadzic9/workspace/TP/T12/Z4/main.cpp:79:29: warning: comparing floating point with == or != is unsafe [-Wfloat-equal]
   else if (a.im==1 && a.re!=0) tok << a.re << "+i";
                             ^
/rhome/m/mhadzic9/workspace/TP/T12/Z4/main.cpp:80:19: warning: comparing floating point with == or != is unsafe [-Wfloat-equal]
   else if (a.im==-1 && a.re!=0) tok << a.re << "-i";
                   ^
/rhome/m/mhadzic9/workspace/TP/T12/Z4/main.cpp:80:30: warning: comparing floating point with == or != is unsafe [-Wfloat-equal]
   else if (a.im==-1 && a.re!=0) tok << a.re << "-i";
                              ^
/rhome/m/mhadzic9/workspace/TP/T12/Z4/main.cpp:81:18: warning: comparing floating point with == or != is unsafe [-Wfloat-equal]
   else if (a.re==0) {
                  ^
/rhome/m/mhadzic9/workspace/TP/T12/Z4/main.cpp:82:14: warning: comparing floating point with == or != is unsafe [-Wfloat-equal]
    if (a.im==1) tok << "i";
              ^
/rhome/m/mhadzic9/workspace/TP/T12/Z4/main.cpp:83:20: warning: comparing floating point with == or != is unsafe [-Wfloat-equal]
    else if (a.im==-1) tok << "-i";
                    ^
/rhome/m/mhadzic9/workspace/TP/T12/Z4/main.cpp:84:19: warning: comparing floating point with == or != is unsafe [-Wfloat-equal]
    else if (a.im==0) tok << a.re;
                   ^
/rhome/m/mhadzic9/workspace/TP/T12/Z4/main.cpp:86:20: warning: comparing floating point with == or != is unsafe [-Wfloat-equal]
   } else if (a.im==0) tok << a.re;
                    ^
