==5212== Memcheck, a memory error detector
==5212== Copyright (C) 2002-2017, and GNU GPL'd, by Julian Seward et al.
==5212== Using Valgrind-3.13.0 and LibVEX; rerun with -h for copyright info
==5212== Command: /rhome/m/mhadzic9/workspace/TP/T11/Z2/.runme
==5212== Parent PID: 5185
==5212== 
==5212== 
==5212== Process terminating with default action of signal 15 (SIGTERM)
==5212==    at 0x56EF081: read (read.c:27)
==5212==    by 0x566C147: _IO_file_underflow@@GLIBC_2.2.5 (fileops.c:531)
==5212==    by 0x566D3F1: _IO_default_uflow (genops.c:380)
==5212==    by 0x512B95C: __gnu_cxx::stdio_sync_filebuf<char, std::char_traits<char> >::underflow() (in /usr/lib/x86_64-linux-gnu/libstdc++.so.6.0.25)
==5212==    by 0x5139739: std::istream::sentry::sentry(std::istream&, bool) (in /usr/lib/x86_64-linux-gnu/libstdc++.so.6.0.25)
==5212==    by 0x513BCCD: std::istream& std::istream::_M_extract<double>(double&) (in /usr/lib/x86_64-linux-gnu/libstdc++.so.6.0.25)
==5212==    by 0x108DD7: main (main.cpp:55)
==5212== 
==5212== HEAP SUMMARY:
==5212==     in use at exit: 0 bytes in 0 blocks
==5212==   total heap usage: 2 allocs, 2 frees, 73,728 bytes allocated
==5212== 
==5212== All heap blocks were freed -- no leaks are possible
==5212== 
==5212== For counts of detected and suppressed errors, rerun with: -v
==5212== ERROR SUMMARY: 0 errors from 0 contexts (suppressed: 0 from 0)
