==5304== Memcheck, a memory error detector
==5304== Copyright (C) 2002-2017, and GNU GPL'd, by Julian Seward et al.
==5304== Using Valgrind-3.13.0 and LibVEX; rerun with -h for copyright info
==5304== Command: /rhome/m/mhadzic9/workspace/TP/T3/Z7/.runme
==5304== Parent PID: 5278
==5304== 
==5304== 
==5304== Process terminating with default action of signal 1 (SIGHUP)
==5304==    at 0x56EF152: write (write.c:27)
==5304==    by 0x566A1BC: _IO_file_write@@GLIBC_2.2.5 (fileops.c:1203)
==5304==    by 0x566BF50: new_do_write (fileops.c:457)
==5304==    by 0x566BF50: _IO_do_write@@GLIBC_2.2.5 (fileops.c:433)
==5304==    by 0x566C402: _IO_file_overflow@@GLIBC_2.2.5 (fileops.c:798)
==5304==    by 0x5151999: std::ostream::put(char) (in /usr/lib/x86_64-linux-gnu/libstdc++.so.6.0.25)
==5304==    by 0x5151B9E: std::basic_ostream<char, std::char_traits<char> >& std::endl<char, std::char_traits<char> >(std::basic_ostream<char, std::char_traits<char> >&) (in /usr/lib/x86_64-linux-gnu/libstdc++.so.6.0.25)
==5304==    by 0x1095BA: main (main.cpp:49)
==5304== 
==5304== HEAP SUMMARY:
==5304==     in use at exit: 0 bytes in 0 blocks
==5304==   total heap usage: 2 allocs, 2 frees, 73,728 bytes allocated
==5304== 
==5304== All heap blocks were freed -- no leaks are possible
==5304== 
==5304== For counts of detected and suppressed errors, rerun with: -v
==5304== ERROR SUMMARY: 0 errors from 0 contexts (suppressed: 0 from 0)
