==10583== Memcheck, a memory error detector
==10583== Copyright (C) 2002-2017, and GNU GPL'd, by Julian Seward et al.
==10583== Using Valgrind-3.13.0 and LibVEX; rerun with -h for copyright info
==10583== Command: /rhome/m/mhadzic9/workspace/TP/T7/Z4/.runme
==10583== Parent PID: 10561
==10583== 
==10583== 
==10583== Process terminating with default action of signal 1 (SIGHUP)
==10583==    at 0x56EF152: write (write.c:27)
==10583==    by 0x566A1BC: _IO_file_write@@GLIBC_2.2.5 (fileops.c:1203)
==10583==    by 0x566AB2E: new_do_write (fileops.c:457)
==10583==    by 0x566AB2E: _IO_file_xsputn@@GLIBC_2.2.5 (fileops.c:1277)
==10583==    by 0x565E976: fwrite (iofwrite.c:39)
==10583==    by 0x5151B93: std::basic_ostream<char, std::char_traits<char> >& std::__ostream_insert<char, std::char_traits<char> >(std::basic_ostream<char, std::char_traits<char> >&, char const*, long) (in /usr/lib/x86_64-linux-gnu/libstdc++.so.6.0.25)
==10583==    by 0x5151F06: std::basic_ostream<char, std::char_traits<char> >& std::operator<< <std::char_traits<char> >(std::basic_ostream<char, std::char_traits<char> >&, char const*) (in /usr/lib/x86_64-linux-gnu/libstdc++.so.6.0.25)
==10583==    by 0x1096AA: main (main.cpp:24)
==10583== 
==10583== HEAP SUMMARY:
==10583==     in use at exit: 0 bytes in 0 blocks
==10583==   total heap usage: 2 allocs, 2 frees, 73,728 bytes allocated
==10583== 
==10583== All heap blocks were freed -- no leaks are possible
==10583== 
==10583== For counts of detected and suppressed errors, rerun with: -v
==10583== ERROR SUMMARY: 0 errors from 0 contexts (suppressed: 0 from 0)
