==21293== Memcheck, a memory error detector
==21293== Copyright (C) 2002-2017, and GNU GPL'd, by Julian Seward et al.
==21293== Using Valgrind-3.13.0 and LibVEX; rerun with -h for copyright info
==21293== Command: /rhome/m/mhadzic9/workspace/TP/Z2/Z4/.runme
==21293== Parent PID: 21258
==21293== 
==21293== 
==21293== Process terminating with default action of signal 15 (SIGTERM)
==21293==    at 0x56EF081: read (read.c:27)
==21293==    by 0x566C147: _IO_file_underflow@@GLIBC_2.2.5 (fileops.c:531)
==21293==    by 0x566D3F1: _IO_default_uflow (genops.c:380)
==21293==    by 0x512B7EC: __gnu_cxx::stdio_sync_filebuf<char, std::char_traits<char> >::underflow() (in /usr/lib/x86_64-linux-gnu/libstdc++.so.6.0.25)
==21293==    by 0x50EA078: std::basic_istream<char, std::char_traits<char> >& std::getline<char, std::char_traits<char>, std::allocator<char> >(std::basic_istream<char, std::char_traits<char> >&, std::__cxx11::basic_string<char, std::char_traits<char>, std::allocator<char> >&, char) (in /usr/lib/x86_64-linux-gnu/libstdc++.so.6.0.25)
==21293==    by 0x109C1A: main (main.cpp:48)
==21293== 
==21293== HEAP SUMMARY:
==21293==     in use at exit: 104 bytes in 1 blocks
==21293==   total heap usage: 3 allocs, 2 frees, 73,832 bytes allocated
==21293== 
==21293== LEAK SUMMARY:
==21293==    definitely lost: 0 bytes in 0 blocks
==21293==    indirectly lost: 0 bytes in 0 blocks
==21293==      possibly lost: 0 bytes in 0 blocks
==21293==    still reachable: 104 bytes in 1 blocks
==21293==         suppressed: 0 bytes in 0 blocks
==21293== Reachable blocks (those to which a pointer was found) are not shown.
==21293== To see them, rerun with: --leak-check=full --show-leak-kinds=all
==21293== 
==21293== For counts of detected and suppressed errors, rerun with: -v
==21293== ERROR SUMMARY: 0 errors from 0 contexts (suppressed: 0 from 0)
