==23353== Memcheck, a memory error detector
==23353== Copyright (C) 2002-2017, and GNU GPL'd, by Julian Seward et al.
==23353== Using Valgrind-3.13.0 and LibVEX; rerun with -h for copyright info
==23353== Command: /rhome/m/mhadzic9/workspace/TP/T6/Z3/.runme
==23353== Parent PID: 23332
==23353== 
==23353== 
==23353== Process terminating with default action of signal 15 (SIGTERM)
==23353==    at 0x56EF081: read (read.c:27)
==23353==    by 0x566C147: _IO_file_underflow@@GLIBC_2.2.5 (fileops.c:531)
==23353==    by 0x566D3F1: _IO_default_uflow (genops.c:380)
==23353==    by 0x512B95C: __gnu_cxx::stdio_sync_filebuf<char, std::char_traits<char> >::underflow() (in /usr/lib/x86_64-linux-gnu/libstdc++.so.6.0.25)
==23353==    by 0x5139739: std::istream::sentry::sentry(std::istream&, bool) (in /usr/lib/x86_64-linux-gnu/libstdc++.so.6.0.25)
==23353==    by 0x513996D: std::istream::operator>>(int&) (in /usr/lib/x86_64-linux-gnu/libstdc++.so.6.0.25)
==23353==    by 0x1094F2: main (main.cpp:46)
==23353== 
==23353== HEAP SUMMARY:
==23353==     in use at exit: 0 bytes in 0 blocks
==23353==   total heap usage: 2 allocs, 2 frees, 73,728 bytes allocated
==23353== 
==23353== All heap blocks were freed -- no leaks are possible
==23353== 
==23353== For counts of detected and suppressed errors, rerun with: -v
==23353== ERROR SUMMARY: 0 errors from 0 contexts (suppressed: 0 from 0)
