==10598== Memcheck, a memory error detector
==10598== Copyright (C) 2002-2017, and GNU GPL'd, by Julian Seward et al.
==10598== Using Valgrind-3.13.0 and LibVEX; rerun with -h for copyright info
==10598== Command: /rhome/m/mhadzic9/workspace/TP/ZSR2/Z31/.runme
==10598== Parent PID: 10591
==10598== 
==10598== 
==10598== Process terminating with default action of signal 24 (SIGXCPU): dumping core
==10598==    at 0x10901B: std::vector<int, std::allocator<int> >::at(unsigned long) (stl_vector.h:847)
==10598==    by 0x108DCB: PrijateljskiBrojevi(std::vector<int, std::allocator<int> >) (main.cpp:15)
==10598==    by 0x108EE0: main (main.cpp:35)
==10598== 
==10598== HEAP SUMMARY:
==10598==     in use at exit: 108 bytes in 2 blocks
==10598==   total heap usage: 8 allocs, 6 frees, 73,896 bytes allocated
==10598== 
==10598== LEAK SUMMARY:
==10598==    definitely lost: 0 bytes in 0 blocks
==10598==    indirectly lost: 0 bytes in 0 blocks
==10598==      possibly lost: 0 bytes in 0 blocks
==10598==    still reachable: 108 bytes in 2 blocks
==10598==         suppressed: 0 bytes in 0 blocks
==10598== Reachable blocks (those to which a pointer was found) are not shown.
==10598== To see them, rerun with: --leak-check=full --show-leak-kinds=all
==10598== 
==10598== For counts of detected and suppressed errors, rerun with: -v
==10598== ERROR SUMMARY: 0 errors from 0 contexts (suppressed: 0 from 0)
