==15171== Memcheck, a memory error detector
==15171== Copyright (C) 2002-2017, and GNU GPL'd, by Julian Seward et al.
==15171== Using Valgrind-3.13.0 and LibVEX; rerun with -h for copyright info
==15171== Command: /rhome/m/mhadzic9/workspace/TP/ZSR1/Z13/.runme
==15171== Parent PID: 15164
==15171== 
==15171== Conditional jump or move depends on uninitialised value(s)
==15171==    at 0x57C41B8: __printf_fp_l (printf_fp.c:392)
==15171==    by 0x57C1A06: vfprintf (vfprintf.c:1642)
==15171==    by 0x57ED90F: vsnprintf (vsnprintf.c:114)
==15171==    by 0x5117CFB: ??? (in /usr/lib/x86_64-linux-gnu/libstdc++.so.6.0.25)
==15171==    by 0x51468B6: std::ostreambuf_iterator<char, std::char_traits<char> > std::num_put<char, std::ostreambuf_iterator<char, std::char_traits<char> > >::_M_insert_float<double>(std::ostreambuf_iterator<char, std::char_traits<char> >, std::ios_base&, char, char, double) const (in /usr/lib/x86_64-linux-gnu/libstdc++.so.6.0.25)
==15171==    by 0x5152A6B: std::ostream& std::ostream::_M_insert<double>(double) (in /usr/lib/x86_64-linux-gnu/libstdc++.so.6.0.25)
==15171==    by 0x108B88: main (main.cpp:20)
==15171== 
==15171== Conditional jump or move depends on uninitialised value(s)
==15171==    at 0x57C41D9: __printf_fp_l (printf_fp.c:392)
==15171==    by 0x57C1A06: vfprintf (vfprintf.c:1642)
==15171==    by 0x57ED90F: vsnprintf (vsnprintf.c:114)
==15171==    by 0x5117CFB: ??? (in /usr/lib/x86_64-linux-gnu/libstdc++.so.6.0.25)
==15171==    by 0x51468B6: std::ostreambuf_iterator<char, std::char_traits<char> > std::num_put<char, std::ostreambuf_iterator<char, std::char_traits<char> > >::_M_insert_float<double>(std::ostreambuf_iterator<char, std::char_traits<char> >, std::ios_base&, char, char, double) const (in /usr/lib/x86_64-linux-gnu/libstdc++.so.6.0.25)
==15171==    by 0x5152A6B: std::ostream& std::ostream::_M_insert<double>(double) (in /usr/lib/x86_64-linux-gnu/libstdc++.so.6.0.25)
==15171==    by 0x108B88: main (main.cpp:20)
==15171== 
==15171== Conditional jump or move depends on uninitialised value(s)
==15171==    at 0x57B9A30: __mpn_extract_double (dbl2mpn.c:56)
==15171==    by 0x57C4208: __printf_fp_l (printf_fp.c:392)
==15171==    by 0x57C1A06: vfprintf (vfprintf.c:1642)
==15171==    by 0x57ED90F: vsnprintf (vsnprintf.c:114)
==15171==    by 0x5117CFB: ??? (in /usr/lib/x86_64-linux-gnu/libstdc++.so.6.0.25)
==15171==    by 0x51468B6: std::ostreambuf_iterator<char, std::char_traits<char> > std::num_put<char, std::ostreambuf_iterator<char, std::char_traits<char> > >::_M_insert_float<double>(std::ostreambuf_iterator<char, std::char_traits<char> >, std::ios_base&, char, char, double) const (in /usr/lib/x86_64-linux-gnu/libstdc++.so.6.0.25)
==15171==    by 0x5152A6B: std::ostream& std::ostream::_M_insert<double>(double) (in /usr/lib/x86_64-linux-gnu/libstdc++.so.6.0.25)
==15171==    by 0x108B88: main (main.cpp:20)
==15171== 
==15171== Conditional jump or move depends on uninitialised value(s)
==15171==    at 0x57C4061: __printf_fp_l (printf_fp.c:442)
==15171==    by 0x57C1A06: vfprintf (vfprintf.c:1642)
==15171==    by 0x57ED90F: vsnprintf (vsnprintf.c:114)
==15171==    by 0x5117CFB: ??? (in /usr/lib/x86_64-linux-gnu/libstdc++.so.6.0.25)
==15171==    by 0x51468B6: std::ostreambuf_iterator<char, std::char_traits<char> > std::num_put<char, std::ostreambuf_iterator<char, std::char_traits<char> > >::_M_insert_float<double>(std::ostreambuf_iterator<char, std::char_traits<char> >, std::ios_base&, char, char, double) const (in /usr/lib/x86_64-linux-gnu/libstdc++.so.6.0.25)
==15171==    by 0x5152A6B: std::ostream& std::ostream::_M_insert<double>(double) (in /usr/lib/x86_64-linux-gnu/libstdc++.so.6.0.25)
==15171==    by 0x108B88: main (main.cpp:20)
==15171== 
==15171== Conditional jump or move depends on uninitialised value(s)
==15171==    at 0x57C4DFA: __printf_fp_l (printf_fp.c:645)
==15171==    by 0x57C1A06: vfprintf (vfprintf.c:1642)
==15171==    by 0x57ED90F: vsnprintf (vsnprintf.c:114)
==15171==    by 0x5117CFB: ??? (in /usr/lib/x86_64-linux-gnu/libstdc++.so.6.0.25)
==15171==    by 0x51468B6: std::ostreambuf_iterator<char, std::char_traits<char> > std::num_put<char, std::ostreambuf_iterator<char, std::char_traits<char> > >::_M_insert_float<double>(std::ostreambuf_iterator<char, std::char_traits<char> >, std::ios_base&, char, char, double) const (in /usr/lib/x86_64-linux-gnu/libstdc++.so.6.0.25)
==15171==    by 0x5152A6B: std::ostream& std::ostream::_M_insert<double>(double) (in /usr/lib/x86_64-linux-gnu/libstdc++.so.6.0.25)
==15171==    by 0x108B88: main (main.cpp:20)
==15171== 
==15171== Use of uninitialised value of size 8
==15171==    at 0x57C4E08: __printf_fp_l (printf_fp.c:821)
==15171==    by 0x57C1A06: vfprintf (vfprintf.c:1642)
==15171==    by 0x57ED90F: vsnprintf (vsnprintf.c:114)
==15171==    by 0x5117CFB: ??? (in /usr/lib/x86_64-linux-gnu/libstdc++.so.6.0.25)
==15171==    by 0x51468B6: std::ostreambuf_iterator<char, std::char_traits<char> > std::num_put<char, std::ostreambuf_iterator<char, std::char_traits<char> > >::_M_insert_float<double>(std::ostreambuf_iterator<char, std::char_traits<char> >, std::ios_base&, char, char, double) const (in /usr/lib/x86_64-linux-gnu/libstdc++.so.6.0.25)
==15171==    by 0x5152A6B: std::ostream& std::ostream::_M_insert<double>(double) (in /usr/lib/x86_64-linux-gnu/libstdc++.so.6.0.25)
==15171==    by 0x108B88: main (main.cpp:20)
==15171== 
==15171== Use of uninitialised value of size 8
==15171==    at 0x57B8288: __mpn_lshift (lshift.S:59)
==15171==    by 0x57C4E0C: __printf_fp_l (printf_fp.c:821)
==15171==    by 0x57C1A06: vfprintf (vfprintf.c:1642)
==15171==    by 0x57ED90F: vsnprintf (vsnprintf.c:114)
==15171==    by 0x5117CFB: ??? (in /usr/lib/x86_64-linux-gnu/libstdc++.so.6.0.25)
==15171==    by 0x51468B6: std::ostreambuf_iterator<char, std::char_traits<char> > std::num_put<char, std::ostreambuf_iterator<char, std::char_traits<char> > >::_M_insert_float<double>(std::ostreambuf_iterator<char, std::char_traits<char> >, std::ios_base&, char, char, double) const (in /usr/lib/x86_64-linux-gnu/libstdc++.so.6.0.25)
==15171==    by 0x5152A6B: std::ostream& std::ostream::_M_insert<double>(double) (in /usr/lib/x86_64-linux-gnu/libstdc++.so.6.0.25)
==15171==    by 0x108B88: main (main.cpp:20)
==15171== 
==15171== Use of uninitialised value of size 8
==15171==    at 0x57B828B: __mpn_lshift (lshift.S:60)
==15171==    by 0x57C4E0C: __printf_fp_l (printf_fp.c:821)
==15171==    by 0x57C1A06: vfprintf (vfprintf.c:1642)
==15171==    by 0x57ED90F: vsnprintf (vsnprintf.c:114)
==15171==    by 0x5117CFB: ??? (in /usr/lib/x86_64-linux-gnu/libstdc++.so.6.0.25)
==15171==    by 0x51468B6: std::ostreambuf_iterator<char, std::char_traits<char> > std::num_put<char, std::ostreambuf_iterator<char, std::char_traits<char> > >::_M_insert_float<double>(std::ostreambuf_iterator<char, std::char_traits<char> >, std::ios_base&, char, char, double) const (in /usr/lib/x86_64-linux-gnu/libstdc++.so.6.0.25)
==15171==    by 0x5152A6B: std::ostream& std::ostream::_M_insert<double>(double) (in /usr/lib/x86_64-linux-gnu/libstdc++.so.6.0.25)
==15171==    by 0x108B88: main (main.cpp:20)
==15171== 
==15171== Use of uninitialised value of size 8
==15171==    at 0x57C4E26: __printf_fp_l (printf_fp.c:822)
==15171==    by 0x57C1A06: vfprintf (vfprintf.c:1642)
==15171==    by 0x57ED90F: vsnprintf (vsnprintf.c:114)
==15171==    by 0x5117CFB: ??? (in /usr/lib/x86_64-linux-gnu/libstdc++.so.6.0.25)
==15171==    by 0x51468B6: std::ostreambuf_iterator<char, std::char_traits<char> > std::num_put<char, std::ostreambuf_iterator<char, std::char_traits<char> > >::_M_insert_float<double>(std::ostreambuf_iterator<char, std::char_traits<char> >, std::ios_base&, char, char, double) const (in /usr/lib/x86_64-linux-gnu/libstdc++.so.6.0.25)
==15171==    by 0x5152A6B: std::ostream& std::ostream::_M_insert<double>(double) (in /usr/lib/x86_64-linux-gnu/libstdc++.so.6.0.25)
==15171==    by 0x108B88: main (main.cpp:20)
==15171== 
==15171== Use of uninitialised value of size 8
==15171==    at 0x57C3989: hack_digit (printf_fp.c:174)
==15171==    by 0x57C488B: __printf_fp_l (printf_fp.c:938)
==15171==    by 0x57C1A06: vfprintf (vfprintf.c:1642)
==15171==    by 0x57ED90F: vsnprintf (vsnprintf.c:114)
==15171==    by 0x5117CFB: ??? (in /usr/lib/x86_64-linux-gnu/libstdc++.so.6.0.25)
==15171==    by 0x51468B6: std::ostreambuf_iterator<char, std::char_traits<char> > std::num_put<char, std::ostreambuf_iterator<char, std::char_traits<char> > >::_M_insert_float<double>(std::ostreambuf_iterator<char, std::char_traits<char> >, std::ios_base&, char, char, double) const (in /usr/lib/x86_64-linux-gnu/libstdc++.so.6.0.25)
==15171==    by 0x5152A6B: std::ostream& std::ostream::_M_insert<double>(double) (in /usr/lib/x86_64-linux-gnu/libstdc++.so.6.0.25)
==15171==    by 0x108B88: main (main.cpp:20)
==15171== 
==15171== Use of uninitialised value of size 8
==15171==    at 0x57B88C4: __mpn_mul_1 (mul_1.S:36)
==15171==    by 0x57C3990: hack_digit (printf_fp.c:175)
==15171==    by 0x57C488B: __printf_fp_l (printf_fp.c:938)
==15171==    by 0x57C1A06: vfprintf (vfprintf.c:1642)
==15171==    by 0x57ED90F: vsnprintf (vsnprintf.c:114)
==15171==    by 0x5117CFB: ??? (in /usr/lib/x86_64-linux-gnu/libstdc++.so.6.0.25)
==15171==    by 0x51468B6: std::ostreambuf_iterator<char, std::char_traits<char> > std::num_put<char, std::ostreambuf_iterator<char, std::char_traits<char> > >::_M_insert_float<double>(std::ostreambuf_iterator<char, std::char_traits<char> >, std::ios_base&, char, char, double) const (in /usr/lib/x86_64-linux-gnu/libstdc++.so.6.0.25)
==15171==    by 0x5152A6B: std::ostream& std::ostream::_M_insert<double>(double) (in /usr/lib/x86_64-linux-gnu/libstdc++.so.6.0.25)
==15171==    by 0x108B88: main (main.cpp:20)
==15171== 
==15171== Use of uninitialised value of size 8
==15171==    at 0x57B88E8: __mpn_mul_1 (mul_1.S:52)
==15171==    by 0x57C3990: hack_digit (printf_fp.c:175)
==15171==    by 0x57C488B: __printf_fp_l (printf_fp.c:938)
==15171==    by 0x57C1A06: vfprintf (vfprintf.c:1642)
==15171==    by 0x57ED90F: vsnprintf (vsnprintf.c:114)
==15171==    by 0x5117CFB: ??? (in /usr/lib/x86_64-linux-gnu/libstdc++.so.6.0.25)
==15171==    by 0x51468B6: std::ostreambuf_iterator<char, std::char_traits<char> > std::num_put<char, std::ostreambuf_iterator<char, std::char_traits<char> > >::_M_insert_float<double>(std::ostreambuf_iterator<char, std::char_traits<char> >, std::ios_base&, char, char, double) const (in /usr/lib/x86_64-linux-gnu/libstdc++.so.6.0.25)
==15171==    by 0x5152A6B: std::ostream& std::ostream::_M_insert<double>(double) (in /usr/lib/x86_64-linux-gnu/libstdc++.so.6.0.25)
==15171==    by 0x108B88: main (main.cpp:20)
==15171== 
==15171== Use of uninitialised value of size 8
==15171==    at 0x57C4AD9: hack_digit (printf_fp.c:174)
==15171==    by 0x57C4AD9: __printf_fp_l (printf_fp.c:962)
==15171==    by 0x57C1A06: vfprintf (vfprintf.c:1642)
==15171==    by 0x57ED90F: vsnprintf (vsnprintf.c:114)
==15171==    by 0x5117CFB: ??? (in /usr/lib/x86_64-linux-gnu/libstdc++.so.6.0.25)
==15171==    by 0x51468B6: std::ostreambuf_iterator<char, std::char_traits<char> > std::num_put<char, std::ostreambuf_iterator<char, std::char_traits<char> > >::_M_insert_float<double>(std::ostreambuf_iterator<char, std::char_traits<char> >, std::ios_base&, char, char, double) const (in /usr/lib/x86_64-linux-gnu/libstdc++.so.6.0.25)
==15171==    by 0x5152A6B: std::ostream& std::ostream::_M_insert<double>(double) (in /usr/lib/x86_64-linux-gnu/libstdc++.so.6.0.25)
==15171==    by 0x108B88: main (main.cpp:20)
==15171== 
==15171== Use of uninitialised value of size 8
==15171==    at 0x57B88C4: __mpn_mul_1 (mul_1.S:36)
==15171==    by 0x57C4AE7: hack_digit (printf_fp.c:175)
==15171==    by 0x57C4AE7: __printf_fp_l (printf_fp.c:962)
==15171==    by 0x57C1A06: vfprintf (vfprintf.c:1642)
==15171==    by 0x57ED90F: vsnprintf (vsnprintf.c:114)
==15171==    by 0x5117CFB: ??? (in /usr/lib/x86_64-linux-gnu/libstdc++.so.6.0.25)
==15171==    by 0x51468B6: std::ostreambuf_iterator<char, std::char_traits<char> > std::num_put<char, std::ostreambuf_iterator<char, std::char_traits<char> > >::_M_insert_float<double>(std::ostreambuf_iterator<char, std::char_traits<char> >, std::ios_base&, char, char, double) const (in /usr/lib/x86_64-linux-gnu/libstdc++.so.6.0.25)
==15171==    by 0x5152A6B: std::ostream& std::ostream::_M_insert<double>(double) (in /usr/lib/x86_64-linux-gnu/libstdc++.so.6.0.25)
==15171==    by 0x108B88: main (main.cpp:20)
==15171== 
==15171== Use of uninitialised value of size 8
==15171==    at 0x57B88E8: __mpn_mul_1 (mul_1.S:52)
==15171==    by 0x57C4AE7: hack_digit (printf_fp.c:175)
==15171==    by 0x57C4AE7: __printf_fp_l (printf_fp.c:962)
==15171==    by 0x57C1A06: vfprintf (vfprintf.c:1642)
==15171==    by 0x57ED90F: vsnprintf (vsnprintf.c:114)
==15171==    by 0x5117CFB: ??? (in /usr/lib/x86_64-linux-gnu/libstdc++.so.6.0.25)
==15171==    by 0x51468B6: std::ostreambuf_iterator<char, std::char_traits<char> > std::num_put<char, std::ostreambuf_iterator<char, std::char_traits<char> > >::_M_insert_float<double>(std::ostreambuf_iterator<char, std::char_traits<char> >, std::ios_base&, char, char, double) const (in /usr/lib/x86_64-linux-gnu/libstdc++.so.6.0.25)
==15171==    by 0x5152A6B: std::ostream& std::ostream::_M_insert<double>(double) (in /usr/lib/x86_64-linux-gnu/libstdc++.so.6.0.25)
==15171==    by 0x108B88: main (main.cpp:20)
==15171== 
==15171== Conditional jump or move depends on uninitialised value(s)
==15171==    at 0x57C4B1D: __printf_fp_l (printf_fp.c:974)
==15171==    by 0x57C1A06: vfprintf (vfprintf.c:1642)
==15171==    by 0x57ED90F: vsnprintf (vsnprintf.c:114)
==15171==    by 0x5117CFB: ??? (in /usr/lib/x86_64-linux-gnu/libstdc++.so.6.0.25)
==15171==    by 0x51468B6: std::ostreambuf_iterator<char, std::char_traits<char> > std::num_put<char, std::ostreambuf_iterator<char, std::char_traits<char> > >::_M_insert_float<double>(std::ostreambuf_iterator<char, std::char_traits<char> >, std::ios_base&, char, char, double) const (in /usr/lib/x86_64-linux-gnu/libstdc++.so.6.0.25)
==15171==    by 0x5152A6B: std::ostream& std::ostream::_M_insert<double>(double) (in /usr/lib/x86_64-linux-gnu/libstdc++.so.6.0.25)
==15171==    by 0x108B88: main (main.cpp:20)
==15171== 
==15171== Use of uninitialised value of size 8
==15171==    at 0x57C3989: hack_digit (printf_fp.c:174)
==15171==    by 0x57C4B2F: __printf_fp_l (printf_fp.c:975)
==15171==    by 0x57C1A06: vfprintf (vfprintf.c:1642)
==15171==    by 0x57ED90F: vsnprintf (vsnprintf.c:114)
==15171==    by 0x5117CFB: ??? (in /usr/lib/x86_64-linux-gnu/libstdc++.so.6.0.25)
==15171==    by 0x51468B6: std::ostreambuf_iterator<char, std::char_traits<char> > std::num_put<char, std::ostreambuf_iterator<char, std::char_traits<char> > >::_M_insert_float<double>(std::ostreambuf_iterator<char, std::char_traits<char> >, std::ios_base&, char, char, double) const (in /usr/lib/x86_64-linux-gnu/libstdc++.so.6.0.25)
==15171==    by 0x5152A6B: std::ostream& std::ostream::_M_insert<double>(double) (in /usr/lib/x86_64-linux-gnu/libstdc++.so.6.0.25)
==15171==    by 0x108B88: main (main.cpp:20)
==15171== 
==15171== Use of uninitialised value of size 8
==15171==    at 0x57B88C4: __mpn_mul_1 (mul_1.S:36)
==15171==    by 0x57C3990: hack_digit (printf_fp.c:175)
==15171==    by 0x57C4B2F: __printf_fp_l (printf_fp.c:975)
==15171==    by 0x57C1A06: vfprintf (vfprintf.c:1642)
==15171==    by 0x57ED90F: vsnprintf (vsnprintf.c:114)
==15171==    by 0x5117CFB: ??? (in /usr/lib/x86_64-linux-gnu/libstdc++.so.6.0.25)
==15171==    by 0x51468B6: std::ostreambuf_iterator<char, std::char_traits<char> > std::num_put<char, std::ostreambuf_iterator<char, std::char_traits<char> > >::_M_insert_float<double>(std::ostreambuf_iterator<char, std::char_traits<char> >, std::ios_base&, char, char, double) const (in /usr/lib/x86_64-linux-gnu/libstdc++.so.6.0.25)
==15171==    by 0x5152A6B: std::ostream& std::ostream::_M_insert<double>(double) (in /usr/lib/x86_64-linux-gnu/libstdc++.so.6.0.25)
==15171==    by 0x108B88: main (main.cpp:20)
==15171== 
==15171== Use of uninitialised value of size 8
==15171==    at 0x57B88E8: __mpn_mul_1 (mul_1.S:52)
==15171==    by 0x57C3990: hack_digit (printf_fp.c:175)
==15171==    by 0x57C4B2F: __printf_fp_l (printf_fp.c:975)
==15171==    by 0x57C1A06: vfprintf (vfprintf.c:1642)
==15171==    by 0x57ED90F: vsnprintf (vsnprintf.c:114)
==15171==    by 0x5117CFB: ??? (in /usr/lib/x86_64-linux-gnu/libstdc++.so.6.0.25)
==15171==    by 0x51468B6: std::ostreambuf_iterator<char, std::char_traits<char> > std::num_put<char, std::ostreambuf_iterator<char, std::char_traits<char> > >::_M_insert_float<double>(std::ostreambuf_iterator<char, std::char_traits<char> >, std::ios_base&, char, char, double) const (in /usr/lib/x86_64-linux-gnu/libstdc++.so.6.0.25)
==15171==    by 0x5152A6B: std::ostream& std::ostream::_M_insert<double>(double) (in /usr/lib/x86_64-linux-gnu/libstdc++.so.6.0.25)
==15171==    by 0x108B88: main (main.cpp:20)
==15171== 
==15171== Conditional jump or move depends on uninitialised value(s)
==15171==    at 0x57C4B3E: __printf_fp_l (printf_fp.c:977)
==15171==    by 0x57C1A06: vfprintf (vfprintf.c:1642)
==15171==    by 0x57ED90F: vsnprintf (vsnprintf.c:114)
==15171==    by 0x5117CFB: ??? (in /usr/lib/x86_64-linux-gnu/libstdc++.so.6.0.25)
==15171==    by 0x51468B6: std::ostreambuf_iterator<char, std::char_traits<char> > std::num_put<char, std::ostreambuf_iterator<char, std::char_traits<char> > >::_M_insert_float<double>(std::ostreambuf_iterator<char, std::char_traits<char> >, std::ios_base&, char, char, double) const (in /usr/lib/x86_64-linux-gnu/libstdc++.so.6.0.25)
==15171==    by 0x5152A6B: std::ostream& std::ostream::_M_insert<double>(double) (in /usr/lib/x86_64-linux-gnu/libstdc++.so.6.0.25)
==15171==    by 0x108B88: main (main.cpp:20)
==15171== 
==15171== Conditional jump or move depends on uninitialised value(s)
==15171==    at 0x57C52CC: round_away (rounding-mode.h:52)
==15171==    by 0x57C52CC: __printf_fp_l (printf_fp.c:994)
==15171==    by 0x57C1A06: vfprintf (vfprintf.c:1642)
==15171==    by 0x57ED90F: vsnprintf (vsnprintf.c:114)
==15171==    by 0x5117CFB: ??? (in /usr/lib/x86_64-linux-gnu/libstdc++.so.6.0.25)
==15171==    by 0x51468B6: std::ostreambuf_iterator<char, std::char_traits<char> > std::num_put<char, std::ostreambuf_iterator<char, std::char_traits<char> > >::_M_insert_float<double>(std::ostreambuf_iterator<char, std::char_traits<char> >, std::ios_base&, char, char, double) const (in /usr/lib/x86_64-linux-gnu/libstdc++.so.6.0.25)
==15171==    by 0x5152A6B: std::ostream& std::ostream::_M_insert<double>(double) (in /usr/lib/x86_64-linux-gnu/libstdc++.so.6.0.25)
==15171==    by 0x108B88: main (main.cpp:20)
==15171== 
==15171== Conditional jump or move depends on uninitialised value(s)
==15171==    at 0x57C52D6: round_away (rounding-mode.h:52)
==15171==    by 0x57C52D6: __printf_fp_l (printf_fp.c:994)
==15171==    by 0x57C1A06: vfprintf (vfprintf.c:1642)
==15171==    by 0x57ED90F: vsnprintf (vsnprintf.c:114)
==15171==    by 0x5117CFB: ??? (in /usr/lib/x86_64-linux-gnu/libstdc++.so.6.0.25)
==15171==    by 0x51468B6: std::ostreambuf_iterator<char, std::char_traits<char> > std::num_put<char, std::ostreambuf_iterator<char, std::char_traits<char> > >::_M_insert_float<double>(std::ostreambuf_iterator<char, std::char_traits<char> >, std::ios_base&, char, char, double) const (in /usr/lib/x86_64-linux-gnu/libstdc++.so.6.0.25)
==15171==    by 0x5152A6B: std::ostream& std::ostream::_M_insert<double>(double) (in /usr/lib/x86_64-linux-gnu/libstdc++.so.6.0.25)
==15171==    by 0x108B88: main (main.cpp:20)
==15171== 
==15171== Conditional jump or move depends on uninitialised value(s)
==15171==    at 0x57C52FD: __printf_fp_l (printf_fp.c:1004)
==15171==    by 0x57C1A06: vfprintf (vfprintf.c:1642)
==15171==    by 0x57ED90F: vsnprintf (vsnprintf.c:114)
==15171==    by 0x5117CFB: ??? (in /usr/lib/x86_64-linux-gnu/libstdc++.so.6.0.25)
==15171==    by 0x51468B6: std::ostreambuf_iterator<char, std::char_traits<char> > std::num_put<char, std::ostreambuf_iterator<char, std::char_traits<char> > >::_M_insert_float<double>(std::ostreambuf_iterator<char, std::char_traits<char> >, std::ios_base&, char, char, double) const (in /usr/lib/x86_64-linux-gnu/libstdc++.so.6.0.25)
==15171==    by 0x5152A6B: std::ostream& std::ostream::_M_insert<double>(double) (in /usr/lib/x86_64-linux-gnu/libstdc++.so.6.0.25)
==15171==    by 0x108B88: main (main.cpp:20)
==15171== 
==15171== Conditional jump or move depends on uninitialised value(s)
==15171==    at 0x57C5322: __printf_fp_l (printf_fp.c:1004)
==15171==    by 0x57C1A06: vfprintf (vfprintf.c:1642)
==15171==    by 0x57ED90F: vsnprintf (vsnprintf.c:114)
==15171==    by 0x5117CFB: ??? (in /usr/lib/x86_64-linux-gnu/libstdc++.so.6.0.25)
==15171==    by 0x51468B6: std::ostreambuf_iterator<char, std::char_traits<char> > std::num_put<char, std::ostreambuf_iterator<char, std::char_traits<char> > >::_M_insert_float<double>(std::ostreambuf_iterator<char, std::char_traits<char> >, std::ios_base&, char, char, double) const (in /usr/lib/x86_64-linux-gnu/libstdc++.so.6.0.25)
==15171==    by 0x5152A6B: std::ostream& std::ostream::_M_insert<double>(double) (in /usr/lib/x86_64-linux-gnu/libstdc++.so.6.0.25)
==15171==    by 0x108B88: main (main.cpp:20)
==15171== 
==15171== Conditional jump or move depends on uninitialised value(s)
==15171==    at 0x57C5319: __printf_fp_l (printf_fp.c:1004)
==15171==    by 0x57C1A06: vfprintf (vfprintf.c:1642)
==15171==    by 0x57ED90F: vsnprintf (vsnprintf.c:114)
==15171==    by 0x5117CFB: ??? (in /usr/lib/x86_64-linux-gnu/libstdc++.so.6.0.25)
==15171==    by 0x51468B6: std::ostreambuf_iterator<char, std::char_traits<char> > std::num_put<char, std::ostreambuf_iterator<char, std::char_traits<char> > >::_M_insert_float<double>(std::ostreambuf_iterator<char, std::char_traits<char> >, std::ios_base&, char, char, double) const (in /usr/lib/x86_64-linux-gnu/libstdc++.so.6.0.25)
==15171==    by 0x5152A6B: std::ostream& std::ostream::_M_insert<double>(double) (in /usr/lib/x86_64-linux-gnu/libstdc++.so.6.0.25)
==15171==    by 0x108B88: main (main.cpp:20)
==15171== 
==15171== Conditional jump or move depends on uninitialised value(s)
==15171==    at 0x57C535B: __printf_fp_l (printf_fp.c:1024)
==15171==    by 0x57C1A06: vfprintf (vfprintf.c:1642)
==15171==    by 0x57ED90F: vsnprintf (vsnprintf.c:114)
==15171==    by 0x5117CFB: ??? (in /usr/lib/x86_64-linux-gnu/libstdc++.so.6.0.25)
==15171==    by 0x51468B6: std::ostreambuf_iterator<char, std::char_traits<char> > std::num_put<char, std::ostreambuf_iterator<char, std::char_traits<char> > >::_M_insert_float<double>(std::ostreambuf_iterator<char, std::char_traits<char> >, std::ios_base&, char, char, double) const (in /usr/lib/x86_64-linux-gnu/libstdc++.so.6.0.25)
==15171==    by 0x5152A6B: std::ostream& std::ostream::_M_insert<double>(double) (in /usr/lib/x86_64-linux-gnu/libstdc++.so.6.0.25)
==15171==    by 0x108B88: main (main.cpp:20)
==15171== 
==15171== Conditional jump or move depends on uninitialised value(s)
==15171==    at 0x57C4BBB: __printf_fp_l (printf_fp.c:1093)
==15171==    by 0x57C1A06: vfprintf (vfprintf.c:1642)
==15171==    by 0x57ED90F: vsnprintf (vsnprintf.c:114)
==15171==    by 0x5117CFB: ??? (in /usr/lib/x86_64-linux-gnu/libstdc++.so.6.0.25)
==15171==    by 0x51468B6: std::ostreambuf_iterator<char, std::char_traits<char> > std::num_put<char, std::ostreambuf_iterator<char, std::char_traits<char> > >::_M_insert_float<double>(std::ostreambuf_iterator<char, std::char_traits<char> >, std::ios_base&, char, char, double) const (in /usr/lib/x86_64-linux-gnu/libstdc++.so.6.0.25)
==15171==    by 0x5152A6B: std::ostream& std::ostream::_M_insert<double>(double) (in /usr/lib/x86_64-linux-gnu/libstdc++.so.6.0.25)
==15171==    by 0x108B88: main (main.cpp:20)
==15171== 
==15171== Conditional jump or move depends on uninitialised value(s)
==15171==    at 0x57C4CB1: __printf_fp_l (printf_fp.c:1162)
==15171==    by 0x57C1A06: vfprintf (vfprintf.c:1642)
==15171==    by 0x57ED90F: vsnprintf (vsnprintf.c:114)
==15171==    by 0x5117CFB: ??? (in /usr/lib/x86_64-linux-gnu/libstdc++.so.6.0.25)
==15171==    by 0x51468B6: std::ostreambuf_iterator<char, std::char_traits<char> > std::num_put<char, std::ostreambuf_iterator<char, std::char_traits<char> > >::_M_insert_float<double>(std::ostreambuf_iterator<char, std::char_traits<char> >, std::ios_base&, char, char, double) const (in /usr/lib/x86_64-linux-gnu/libstdc++.so.6.0.25)
==15171==    by 0x5152A6B: std::ostream& std::ostream::_M_insert<double>(double) (in /usr/lib/x86_64-linux-gnu/libstdc++.so.6.0.25)
==15171==    by 0x108B88: main (main.cpp:20)
==15171== 
==15171== Conditional jump or move depends on uninitialised value(s)
==15171==    at 0x57C4DA4: __printf_fp_l (printf_fp.c:1169)
==15171==    by 0x57C1A06: vfprintf (vfprintf.c:1642)
==15171==    by 0x57ED90F: vsnprintf (vsnprintf.c:114)
==15171==    by 0x5117CFB: ??? (in /usr/lib/x86_64-linux-gnu/libstdc++.so.6.0.25)
==15171==    by 0x51468B6: std::ostreambuf_iterator<char, std::char_traits<char> > std::num_put<char, std::ostreambuf_iterator<char, std::char_traits<char> > >::_M_insert_float<double>(std::ostreambuf_iterator<char, std::char_traits<char> >, std::ios_base&, char, char, double) const (in /usr/lib/x86_64-linux-gnu/libstdc++.so.6.0.25)
==15171==    by 0x5152A6B: std::ostream& std::ostream::_M_insert<double>(double) (in /usr/lib/x86_64-linux-gnu/libstdc++.so.6.0.25)
==15171==    by 0x108B88: main (main.cpp:20)
==15171== 
==15171== Conditional jump or move depends on uninitialised value(s)
==15171==    at 0x57C589A: __printf_fp_l (printf_fp.c:1225)
==15171==    by 0x57C1A06: vfprintf (vfprintf.c:1642)
==15171==    by 0x57ED90F: vsnprintf (vsnprintf.c:114)
==15171==    by 0x5117CFB: ??? (in /usr/lib/x86_64-linux-gnu/libstdc++.so.6.0.25)
==15171==    by 0x51468B6: std::ostreambuf_iterator<char, std::char_traits<char> > std::num_put<char, std::ostreambuf_iterator<char, std::char_traits<char> > >::_M_insert_float<double>(std::ostreambuf_iterator<char, std::char_traits<char> >, std::ios_base&, char, char, double) const (in /usr/lib/x86_64-linux-gnu/libstdc++.so.6.0.25)
==15171==    by 0x5152A6B: std::ostream& std::ostream::_M_insert<double>(double) (in /usr/lib/x86_64-linux-gnu/libstdc++.so.6.0.25)
==15171==    by 0x108B88: main (main.cpp:20)
==15171== 
==15171== Conditional jump or move depends on uninitialised value(s)
==15171==    at 0x57C587B: __printf_fp_l (printf_fp.c:1227)
==15171==    by 0x57C1A06: vfprintf (vfprintf.c:1642)
==15171==    by 0x57ED90F: vsnprintf (vsnprintf.c:114)
==15171==    by 0x5117CFB: ??? (in /usr/lib/x86_64-linux-gnu/libstdc++.so.6.0.25)
==15171==    by 0x51468B6: std::ostreambuf_iterator<char, std::char_traits<char> > std::num_put<char, std::ostreambuf_iterator<char, std::char_traits<char> > >::_M_insert_float<double>(std::ostreambuf_iterator<char, std::char_traits<char> >, std::ios_base&, char, char, double) const (in /usr/lib/x86_64-linux-gnu/libstdc++.so.6.0.25)
==15171==    by 0x5152A6B: std::ostream& std::ostream::_M_insert<double>(double) (in /usr/lib/x86_64-linux-gnu/libstdc++.so.6.0.25)
==15171==    by 0x108B88: main (main.cpp:20)
==15171== 
==15171== Conditional jump or move depends on uninitialised value(s)
==15171==    at 0x4C33F8C: memchr (in /usr/lib/valgrind/vgpreload_memcheck-amd64-linux.so)
==15171==    by 0x5146927: std::ostreambuf_iterator<char, std::char_traits<char> > std::num_put<char, std::ostreambuf_iterator<char, std::char_traits<char> > >::_M_insert_float<double>(std::ostreambuf_iterator<char, std::char_traits<char> >, std::ios_base&, char, char, double) const (in /usr/lib/x86_64-linux-gnu/libstdc++.so.6.0.25)
==15171==    by 0x5152A6B: std::ostream& std::ostream::_M_insert<double>(double) (in /usr/lib/x86_64-linux-gnu/libstdc++.so.6.0.25)
==15171==    by 0x108B88: main (main.cpp:20)
==15171== 
==15171== Syscall param write(buf) points to uninitialised byte(s)
==15171==    at 0x5875154: write (write.c:27)
==15171==    by 0x57F01BC: _IO_file_write@@GLIBC_2.2.5 (fileops.c:1203)
==15171==    by 0x57F0B2E: new_do_write (fileops.c:457)
==15171==    by 0x57F0B2E: _IO_file_xsputn@@GLIBC_2.2.5 (fileops.c:1277)
==15171==    by 0x57E4976: fwrite (iofwrite.c:39)
==15171==    by 0x5146988: std::ostreambuf_iterator<char, std::char_traits<char> > std::num_put<char, std::ostreambuf_iterator<char, std::char_traits<char> > >::_M_insert_float<double>(std::ostreambuf_iterator<char, std::char_traits<char> >, std::ios_base&, char, char, double) const (in /usr/lib/x86_64-linux-gnu/libstdc++.so.6.0.25)
==15171==    by 0x5152A6B: std::ostream& std::ostream::_M_insert<double>(double) (in /usr/lib/x86_64-linux-gnu/libstdc++.so.6.0.25)
==15171==    by 0x108B88: main (main.cpp:20)
==15171==  Address 0x1fff000780 is on thread 1's stack
==15171==  in frame #4, created by std::ostreambuf_iterator<char, std::char_traits<char> > std::num_put<char, std::ostreambuf_iterator<char, std::char_traits<char> > >::_M_insert_float<double>(std::ostreambuf_iterator<char, std::char_traits<char> >, std::ios_base&, char, char, double) const (???:)
==15171== 
==15171== 
==15171== HEAP SUMMARY:
==15171==     in use at exit: 0 bytes in 0 blocks
==15171==   total heap usage: 8 allocs, 8 frees, 74,070 bytes allocated
==15171== 
==15171== All heap blocks were freed -- no leaks are possible
==15171== 
==15171== For counts of detected and suppressed errors, rerun with: -v
==15171== Use --track-origins=yes to see where uninitialised values come from
==15171== ERROR SUMMARY: 54 errors from 33 contexts (suppressed: 0 from 0)
