==1981== Memcheck, a memory error detector
==1981== Copyright (C) 2002-2017, and GNU GPL'd, by Julian Seward et al.
==1981== Using Valgrind-3.13.0 and LibVEX; rerun with -h for copyright info
==1981== Command: /rhome/m/mhadzic9/workspace/TP/T11/Z5/.runme
==1981== Parent PID: 1958
==1981== 
==1981== 
==1981== Process terminating with default action of signal 1 (SIGHUP)
==1981==    at 0x56EF081: read (read.c:27)
==1981==    by 0x566C147: _IO_file_underflow@@GLIBC_2.2.5 (fileops.c:531)
==1981==    by 0x566D3F1: _IO_default_uflow (genops.c:380)
==1981==    by 0x512B7EC: __gnu_cxx::stdio_sync_filebuf<char, std::char_traits<char> >::underflow() (in /usr/lib/x86_64-linux-gnu/libstdc++.so.6.0.25)
==1981==    by 0x50E8B58: std::istream::getline(char*, long, char) (in /usr/lib/x86_64-linux-gnu/libstdc++.so.6.0.25)
==1981==    by 0x10A004: main (main.cpp:141)
==1981== 
==1981== HEAP SUMMARY:
==1981==     in use at exit: 400 bytes in 6 blocks
==1981==   total heap usage: 8 allocs, 2 frees, 74,128 bytes allocated
==1981== 
==1981== LEAK SUMMARY:
==1981==    definitely lost: 0 bytes in 0 blocks
==1981==    indirectly lost: 0 bytes in 0 blocks
==1981==      possibly lost: 0 bytes in 0 blocks
==1981==    still reachable: 400 bytes in 6 blocks
==1981==         suppressed: 0 bytes in 0 blocks
==1981== Reachable blocks (those to which a pointer was found) are not shown.
==1981== To see them, rerun with: --leak-check=full --show-leak-kinds=all
==1981== 
==1981== For counts of detected and suppressed errors, rerun with: -v
==1981== ERROR SUMMARY: 0 errors from 0 contexts (suppressed: 0 from 0)
