==26497== Memcheck, a memory error detector
==26497== Copyright (C) 2002-2017, and GNU GPL'd, by Julian Seward et al.
==26497== Using Valgrind-3.13.0 and LibVEX; rerun with -h for copyright info
==26497== Command: /rhome/m/mhadzic9/workspace/TP/T3/Z1/.runme
==26497== Parent PID: 26473
==26497== 
==26497== Conditional jump or move depends on uninitialised value(s)
==26497==    at 0x108EB3: main (main.cpp:27)
==26497== 
==26497== 
==26497== Process terminating with default action of signal 1 (SIGHUP)
==26497==    at 0x56EF152: write (write.c:27)
==26497==    by 0x566A1BC: _IO_file_write@@GLIBC_2.2.5 (fileops.c:1203)
==26497==    by 0x566AB2E: new_do_write (fileops.c:457)
==26497==    by 0x566AB2E: _IO_file_xsputn@@GLIBC_2.2.5 (fileops.c:1277)
==26497==    by 0x565E976: fwrite (iofwrite.c:39)
==26497==    by 0x5151E93: std::basic_ostream<char, std::char_traits<char> >& std::__ostream_insert<char, std::char_traits<char> >(std::basic_ostream<char, std::char_traits<char> >&, char const*, long) (in /usr/lib/x86_64-linux-gnu/libstdc++.so.6.0.25)
==26497==    by 0x5152206: std::basic_ostream<char, std::char_traits<char> >& std::operator<< <std::char_traits<char> >(std::basic_ostream<char, std::char_traits<char> >&, char const*) (in /usr/lib/x86_64-linux-gnu/libstdc++.so.6.0.25)
==26497==    by 0x108EC7: main (main.cpp:27)
==26497== 
==26497== HEAP SUMMARY:
==26497==     in use at exit: 0 bytes in 0 blocks
==26497==   total heap usage: 2 allocs, 2 frees, 73,728 bytes allocated
==26497== 
==26497== All heap blocks were freed -- no leaks are possible
==26497== 
==26497== For counts of detected and suppressed errors, rerun with: -v
==26497== Use --track-origins=yes to see where uninitialised values come from
==26497== ERROR SUMMARY: 1 errors from 1 contexts (suppressed: 0 from 0)
