==18561== Memcheck, a memory error detector
==18561== Copyright (C) 2002-2017, and GNU GPL'd, by Julian Seward et al.
==18561== Using Valgrind-3.13.0 and LibVEX; rerun with -h for copyright info
==18561== Command: /rhome/m/mhadzic9/workspace/TP/T3/Z2/.runme
==18561== Parent PID: 18538
==18561== 
==18561== 
==18561== Process terminating with default action of signal 15 (SIGTERM)
==18561==    at 0x56EF081: read (read.c:27)
==18561==    by 0x566C147: _IO_file_underflow@@GLIBC_2.2.5 (fileops.c:531)
==18561==    by 0x566D3F1: _IO_default_uflow (genops.c:380)
==18561==    by 0x512B7FC: __gnu_cxx::stdio_sync_filebuf<char, std::char_traits<char> >::underflow() (in /usr/lib/x86_64-linux-gnu/libstdc++.so.6.0.25)
==18561==    by 0x51395E9: std::istream::sentry::sentry(std::istream&, bool) (in /usr/lib/x86_64-linux-gnu/libstdc++.so.6.0.25)
==18561==    by 0x513981D: std::istream::operator>>(int&) (in /usr/lib/x86_64-linux-gnu/libstdc++.so.6.0.25)
==18561==    by 0x108F37: main (main.cpp:32)
==18561== 
==18561== HEAP SUMMARY:
==18561==     in use at exit: 0 bytes in 0 blocks
==18561==   total heap usage: 2 allocs, 2 frees, 73,728 bytes allocated
==18561== 
==18561== All heap blocks were freed -- no leaks are possible
==18561== 
==18561== For counts of detected and suppressed errors, rerun with: -v
==18561== ERROR SUMMARY: 0 errors from 0 contexts (suppressed: 0 from 0)
