==13637== Memcheck, a memory error detector
==13637== Copyright (C) 2002-2017, and GNU GPL'd, by Julian Seward et al.
==13637== Using Valgrind-3.13.0 and LibVEX; rerun with -h for copyright info
==13637== Command: /rhome/m/mhadzic9/workspace/TP/Z3/Z2/.runme
==13637== Parent PID: 13603
==13637== 
==13637== 
==13637== Process terminating with default action of signal 15 (SIGTERM)
==13637==    at 0x56EF081: read (read.c:27)
==13637==    by 0x566C147: _IO_file_underflow@@GLIBC_2.2.5 (fileops.c:531)
==13637==    by 0x566D3F1: _IO_default_uflow (genops.c:380)
==13637==    by 0x512B95C: __gnu_cxx::stdio_sync_filebuf<char, std::char_traits<char> >::underflow() (in /usr/lib/x86_64-linux-gnu/libstdc++.so.6.0.25)
==13637==    by 0x50E9F48: std::basic_istream<char, std::char_traits<char> >& std::getline<char, std::char_traits<char>, std::allocator<char> >(std::basic_istream<char, std::char_traits<char> >&, std::__cxx11::basic_string<char, std::char_traits<char>, std::allocator<char> >&, char) (in /usr/lib/x86_64-linux-gnu/libstdc++.so.6.0.25)
==13637==    by 0x10AA79: main (main.cpp:89)
==13637== 
==13637== HEAP SUMMARY:
==13637==     in use at exit: 0 bytes in 0 blocks
==13637==   total heap usage: 2 allocs, 2 frees, 73,728 bytes allocated
==13637== 
==13637== All heap blocks were freed -- no leaks are possible
==13637== 
==13637== For counts of detected and suppressed errors, rerun with: -v
==13637== ERROR SUMMARY: 0 errors from 0 contexts (suppressed: 0 from 0)
