==8729== Memcheck, a memory error detector
==8729== Copyright (C) 2002-2017, and GNU GPL'd, by Julian Seward et al.
==8729== Using Valgrind-3.13.0 and LibVEX; rerun with -h for copyright info
==8729== Command: /rhome/m/mhadzic9/workspace/TP/T7/Z3/.runme
==8729== Parent PID: 8701
==8729== 
==8729== 
==8729== Process terminating with default action of signal 1 (SIGHUP)
==8729==    at 0x56EF152: write (write.c:27)
==8729==    by 0x566A1BC: _IO_file_write@@GLIBC_2.2.5 (fileops.c:1203)
==8729==    by 0x566AB2E: new_do_write (fileops.c:457)
==8729==    by 0x566AB2E: _IO_file_xsputn@@GLIBC_2.2.5 (fileops.c:1277)
==8729==    by 0x565E976: fwrite (iofwrite.c:39)
==8729==    by 0x5151E93: std::basic_ostream<char, std::char_traits<char> >& std::__ostream_insert<char, std::char_traits<char> >(std::basic_ostream<char, std::char_traits<char> >&, char const*, long) (in /usr/lib/x86_64-linux-gnu/libstdc++.so.6.0.25)
==8729==    by 0x5152206: std::basic_ostream<char, std::char_traits<char> >& std::operator<< <std::char_traits<char> >(std::basic_ostream<char, std::char_traits<char> >&, char const*) (in /usr/lib/x86_64-linux-gnu/libstdc++.so.6.0.25)
==8729==    by 0x1092AD: main (main.cpp:20)
==8729== 
==8729== HEAP SUMMARY:
==8729==     in use at exit: 0 bytes in 0 blocks
==8729==   total heap usage: 2 allocs, 2 frees, 73,728 bytes allocated
==8729== 
==8729== All heap blocks were freed -- no leaks are possible
==8729== 
==8729== For counts of detected and suppressed errors, rerun with: -v
==8729== ERROR SUMMARY: 0 errors from 0 contexts (suppressed: 0 from 0)
