==28922== Memcheck, a memory error detector
==28922== Copyright (C) 2002-2017, and GNU GPL'd, by Julian Seward et al.
==28922== Using Valgrind-3.13.0 and LibVEX; rerun with -h for copyright info
==28922== Command: /rhome/m/mhadzic9/workspace/TP/T6/Z5/.runme
==28922== Parent PID: 28902
==28922== 
==28922== 
==28922== Process terminating with default action of signal 1 (SIGHUP)
==28922==    at 0x56EF081: read (read.c:27)
==28922==    by 0x566C147: _IO_file_underflow@@GLIBC_2.2.5 (fileops.c:531)
==28922==    by 0x566D3F1: _IO_default_uflow (genops.c:380)
==28922==    by 0x512B7FC: __gnu_cxx::stdio_sync_filebuf<char, std::char_traits<char> >::underflow() (in /usr/lib/x86_64-linux-gnu/libstdc++.so.6.0.25)
==28922==    by 0x51395E9: std::istream::sentry::sentry(std::istream&, bool) (in /usr/lib/x86_64-linux-gnu/libstdc++.so.6.0.25)
==28922==    by 0x513981D: std::istream::operator>>(int&) (in /usr/lib/x86_64-linux-gnu/libstdc++.so.6.0.25)
==28922==    by 0x10904F: main (main.cpp:45)
==28922== 
==28922== HEAP SUMMARY:
==28922==     in use at exit: 0 bytes in 0 blocks
==28922==   total heap usage: 2 allocs, 2 frees, 73,728 bytes allocated
==28922== 
==28922== All heap blocks were freed -- no leaks are possible
==28922== 
==28922== For counts of detected and suppressed errors, rerun with: -v
==28922== ERROR SUMMARY: 0 errors from 0 contexts (suppressed: 0 from 0)
