==10645== Memcheck, a memory error detector
==10645== Copyright (C) 2002-2017, and GNU GPL'd, by Julian Seward et al.
==10645== Using Valgrind-3.13.0 and LibVEX; rerun with -h for copyright info
==10645== Command: /rhome/m/mhadzic9/workspace/TP/T2/Z4/.runme
==10645== Parent PID: 10620
==10645== 
==10645== Conditional jump or move depends on uninitialised value(s)
==10645==    at 0x108B94: main (main.cpp:11)
==10645== 
==10645== 
==10645== Process terminating with default action of signal 1 (SIGHUP)
==10645==    at 0x56EF152: write (write.c:27)
==10645==    by 0x566A1BC: _IO_file_write@@GLIBC_2.2.5 (fileops.c:1203)
==10645==    by 0x566AB2E: new_do_write (fileops.c:457)
==10645==    by 0x566AB2E: _IO_file_xsputn@@GLIBC_2.2.5 (fileops.c:1277)
==10645==    by 0x565E976: fwrite (iofwrite.c:39)
==10645==    by 0x5151E93: std::basic_ostream<char, std::char_traits<char> >& std::__ostream_insert<char, std::char_traits<char> >(std::basic_ostream<char, std::char_traits<char> >&, char const*, long) (in /usr/lib/x86_64-linux-gnu/libstdc++.so.6.0.25)
==10645==    by 0x5152206: std::basic_ostream<char, std::char_traits<char> >& std::operator<< <std::char_traits<char> >(std::basic_ostream<char, std::char_traits<char> >&, char const*) (in /usr/lib/x86_64-linux-gnu/libstdc++.so.6.0.25)
==10645==    by 0x108BC6: main (main.cpp:14)
==10645== 
==10645== HEAP SUMMARY:
==10645==     in use at exit: 0 bytes in 0 blocks
==10645==   total heap usage: 2 allocs, 2 frees, 73,728 bytes allocated
==10645== 
==10645== All heap blocks were freed -- no leaks are possible
==10645== 
==10645== For counts of detected and suppressed errors, rerun with: -v
==10645== Use --track-origins=yes to see where uninitialised values come from
==10645== ERROR SUMMARY: 1 errors from 1 contexts (suppressed: 0 from 0)
