==2639== Memcheck, a memory error detector
==2639== Copyright (C) 2002-2017, and GNU GPL'd, by Julian Seward et al.
==2639== Using Valgrind-3.13.0 and LibVEX; rerun with -h for copyright info
==2639== Command: /rhome/m/mhadzic9/workspace/TP/Z1/Z1/.runme
==2639== Parent PID: 2617
==2639== 
==2639== 
==2639== Process terminating with default action of signal 15 (SIGTERM)
==2639==    at 0x56EF081: read (read.c:27)
==2639==    by 0x566C147: _IO_file_underflow@@GLIBC_2.2.5 (fileops.c:531)
==2639==    by 0x566D3F1: _IO_default_uflow (genops.c:380)
==2639==    by 0x512B7FC: __gnu_cxx::stdio_sync_filebuf<char, std::char_traits<char> >::underflow() (in /usr/lib/x86_64-linux-gnu/libstdc++.so.6.0.25)
==2639==    by 0x51395E9: std::istream::sentry::sentry(std::istream&, bool) (in /usr/lib/x86_64-linux-gnu/libstdc++.so.6.0.25)
==2639==    by 0x513981D: std::istream::operator>>(int&) (in /usr/lib/x86_64-linux-gnu/libstdc++.so.6.0.25)
==2639==    by 0x109620: main (main.cpp:142)
==2639== 
==2639== HEAP SUMMARY:
==2639==     in use at exit: 0 bytes in 0 blocks
==2639==   total heap usage: 2 allocs, 2 frees, 73,728 bytes allocated
==2639== 
==2639== All heap blocks were freed -- no leaks are possible
==2639== 
==2639== For counts of detected and suppressed errors, rerun with: -v
==2639== ERROR SUMMARY: 0 errors from 0 contexts (suppressed: 0 from 0)
