==3291== Memcheck, a memory error detector
==3291== Copyright (C) 2002-2017, and GNU GPL'd, by Julian Seward et al.
==3291== Using Valgrind-3.13.0 and LibVEX; rerun with -h for copyright info
==3291== Command: /rhome/m/mhadzic9/workspace/TP/T7/Z5/.runme
==3291== Parent PID: 3216
==3291== 
==3291== 
==3291== Process terminating with default action of signal 15 (SIGTERM)
==3291==    at 0x56EF081: read (read.c:27)
==3291==    by 0x566C147: _IO_file_underflow@@GLIBC_2.2.5 (fileops.c:531)
==3291==    by 0x566D3F1: _IO_default_uflow (genops.c:380)
==3291==    by 0x512B7FC: __gnu_cxx::stdio_sync_filebuf<char, std::char_traits<char> >::underflow() (in /usr/lib/x86_64-linux-gnu/libstdc++.so.6.0.25)
==3291==    by 0x51395E9: std::istream::sentry::sentry(std::istream&, bool) (in /usr/lib/x86_64-linux-gnu/libstdc++.so.6.0.25)
==3291==    by 0x513981D: std::istream::operator>>(int&) (in /usr/lib/x86_64-linux-gnu/libstdc++.so.6.0.25)
==3291==    by 0x109844: main (main.cpp:19)
==3291== 
==3291== HEAP SUMMARY:
==3291==     in use at exit: 0 bytes in 0 blocks
==3291==   total heap usage: 2 allocs, 2 frees, 73,728 bytes allocated
==3291== 
==3291== All heap blocks were freed -- no leaks are possible
==3291== 
==3291== For counts of detected and suppressed errors, rerun with: -v
==3291== ERROR SUMMARY: 0 errors from 0 contexts (suppressed: 0 from 0)
