==11404== Memcheck, a memory error detector
==11404== Copyright (C) 2002-2017, and GNU GPL'd, by Julian Seward et al.
==11404== Using Valgrind-3.13.0 and LibVEX; rerun with -h for copyright info
==11404== Command: /rhome/m/mhadzic9/workspace/TP/Z1/Z3/.runme
==11404== Parent PID: 11395
==11404== 
==11404== 
==11404== Process terminating with default action of signal 1 (SIGHUP)
==11404==    at 0x5A8D081: read (read.c:27)
==11404==    by 0x5A0A147: _IO_file_underflow@@GLIBC_2.2.5 (fileops.c:531)
==11404==    by 0x5A0B3F1: _IO_default_uflow (genops.c:380)
==11404==    by 0x512B95C: __gnu_cxx::stdio_sync_filebuf<char, std::char_traits<char> >::underflow() (in /usr/lib/x86_64-linux-gnu/libstdc++.so.6.0.25)
==11404==    by 0x5139739: std::istream::sentry::sentry(std::istream&, bool) (in /usr/lib/x86_64-linux-gnu/libstdc++.so.6.0.25)
==11404==    by 0x513996D: std::istream::operator>>(int&) (in /usr/lib/x86_64-linux-gnu/libstdc++.so.6.0.25)
==11404==    by 0x10990E: main (main.cpp:39)
==11404== 
==11404== HEAP SUMMARY:
==11404==     in use at exit: 0 bytes in 0 blocks
==11404==   total heap usage: 2 allocs, 2 frees, 73,728 bytes allocated
==11404== 
==11404== All heap blocks were freed -- no leaks are possible
==11404== 
==11404== For counts of detected and suppressed errors, rerun with: -v
==11404== ERROR SUMMARY: 0 errors from 0 contexts (suppressed: 0 from 0)
