==20113== Memcheck, a memory error detector
==20113== Copyright (C) 2002-2017, and GNU GPL'd, by Julian Seward et al.
==20113== Using Valgrind-3.13.0 and LibVEX; rerun with -h for copyright info
==20113== Command: /rhome/m/mhadzic9/workspace/TP/T3/Z5/.runme
==20113== Parent PID: 20073
==20113== 
==20113== 
==20113== Process terminating with default action of signal 15 (SIGTERM)
==20113==    at 0x56EF081: read (read.c:27)
==20113==    by 0x566C147: _IO_file_underflow@@GLIBC_2.2.5 (fileops.c:531)
==20113==    by 0x566D3F1: _IO_default_uflow (genops.c:380)
==20113==    by 0x512B95C: __gnu_cxx::stdio_sync_filebuf<char, std::char_traits<char> >::underflow() (in /usr/lib/x86_64-linux-gnu/libstdc++.so.6.0.25)
==20113==    by 0x5139739: std::istream::sentry::sentry(std::istream&, bool) (in /usr/lib/x86_64-linux-gnu/libstdc++.so.6.0.25)
==20113==    by 0x513996D: std::istream::operator>>(int&) (in /usr/lib/x86_64-linux-gnu/libstdc++.so.6.0.25)
==20113==    by 0x108EDA: main (main.cpp:30)
==20113== 
==20113== HEAP SUMMARY:
==20113==     in use at exit: 0 bytes in 0 blocks
==20113==   total heap usage: 2 allocs, 2 frees, 73,728 bytes allocated
==20113== 
==20113== All heap blocks were freed -- no leaks are possible
==20113== 
==20113== For counts of detected and suppressed errors, rerun with: -v
==20113== ERROR SUMMARY: 0 errors from 0 contexts (suppressed: 0 from 0)
