==6313== Memcheck, a memory error detector
==6313== Copyright (C) 2002-2017, and GNU GPL'd, by Julian Seward et al.
==6313== Using Valgrind-3.13.0 and LibVEX; rerun with -h for copyright info
==6313== Command: /rhome/m/mhadzic9/workspace/TP/T2/Z5/.runme
==6313== Parent PID: 6297
==6313== 
==6313== 
==6313== Process terminating with default action of signal 15 (SIGTERM)
==6313==    at 0x5A8D081: read (read.c:27)
==6313==    by 0x5A0A147: _IO_file_underflow@@GLIBC_2.2.5 (fileops.c:531)
==6313==    by 0x5A0B3F1: _IO_default_uflow (genops.c:380)
==6313==    by 0x512B7FC: __gnu_cxx::stdio_sync_filebuf<char, std::char_traits<char> >::underflow() (in /usr/lib/x86_64-linux-gnu/libstdc++.so.6.0.25)
==6313==    by 0x51395E9: std::istream::sentry::sentry(std::istream&, bool) (in /usr/lib/x86_64-linux-gnu/libstdc++.so.6.0.25)
==6313==    by 0x513981D: std::istream::operator>>(int&) (in /usr/lib/x86_64-linux-gnu/libstdc++.so.6.0.25)
==6313==    by 0x108CB9: main (main.cpp:11)
==6313== 
==6313== HEAP SUMMARY:
==6313==     in use at exit: 0 bytes in 0 blocks
==6313==   total heap usage: 2 allocs, 2 frees, 73,728 bytes allocated
==6313== 
==6313== All heap blocks were freed -- no leaks are possible
==6313== 
==6313== For counts of detected and suppressed errors, rerun with: -v
==6313== ERROR SUMMARY: 0 errors from 0 contexts (suppressed: 0 from 0)
