==10903== Memcheck, a memory error detector
==10903== Copyright (C) 2002-2017, and GNU GPL'd, by Julian Seward et al.
==10903== Using Valgrind-3.13.0 and LibVEX; rerun with -h for copyright info
==10903== Command: /rhome/m/mhadzic9/workspace/TP/T6/Z1/.runme
==10903== Parent PID: 10877
==10903== 
==10903== 
==10903== Process terminating with default action of signal 1 (SIGHUP)
==10903==    at 0x56EF081: read (read.c:27)
==10903==    by 0x566C147: _IO_file_underflow@@GLIBC_2.2.5 (fileops.c:531)
==10903==    by 0x566D3F1: _IO_default_uflow (genops.c:380)
==10903==    by 0x512B95C: __gnu_cxx::stdio_sync_filebuf<char, std::char_traits<char> >::underflow() (in /usr/lib/x86_64-linux-gnu/libstdc++.so.6.0.25)
==10903==    by 0x5139739: std::istream::sentry::sentry(std::istream&, bool) (in /usr/lib/x86_64-linux-gnu/libstdc++.so.6.0.25)
==10903==    by 0x513996D: std::istream::operator>>(int&) (in /usr/lib/x86_64-linux-gnu/libstdc++.so.6.0.25)
==10903==    by 0x1091C7: main (main.cpp:39)
==10903== 
==10903== HEAP SUMMARY:
==10903==     in use at exit: 0 bytes in 0 blocks
==10903==   total heap usage: 2 allocs, 2 frees, 73,728 bytes allocated
==10903== 
==10903== All heap blocks were freed -- no leaks are possible
==10903== 
==10903== For counts of detected and suppressed errors, rerun with: -v
==10903== ERROR SUMMARY: 0 errors from 0 contexts (suppressed: 0 from 0)
