==28820== Memcheck, a memory error detector
==28820== Copyright (C) 2002-2017, and GNU GPL'd, by Julian Seward et al.
==28820== Using Valgrind-3.13.0 and LibVEX; rerun with -h for copyright info
==28820== Command: /rhome/m/mhadzic9/workspace/TP/T3/Z4/.runme
==28820== Parent PID: 28803
==28820== 
==28820== 
==28820== Process terminating with default action of signal 15 (SIGTERM)
==28820==    at 0x56EF081: read (read.c:27)
==28820==    by 0x566C147: _IO_file_underflow@@GLIBC_2.2.5 (fileops.c:531)
==28820==    by 0x566D3F1: _IO_default_uflow (genops.c:380)
==28820==    by 0x512B7FC: __gnu_cxx::stdio_sync_filebuf<char, std::char_traits<char> >::underflow() (in /usr/lib/x86_64-linux-gnu/libstdc++.so.6.0.25)
==28820==    by 0x51395E9: std::istream::sentry::sentry(std::istream&, bool) (in /usr/lib/x86_64-linux-gnu/libstdc++.so.6.0.25)
==28820==    by 0x513981D: std::istream::operator>>(int&) (in /usr/lib/x86_64-linux-gnu/libstdc++.so.6.0.25)
==28820==    by 0x108FAC: main (main.cpp:35)
==28820== 
==28820== HEAP SUMMARY:
==28820==     in use at exit: 576 bytes in 2 blocks
==28820==   total heap usage: 4 allocs, 2 frees, 74,304 bytes allocated
==28820== 
==28820== LEAK SUMMARY:
==28820==    definitely lost: 0 bytes in 0 blocks
==28820==    indirectly lost: 0 bytes in 0 blocks
==28820==      possibly lost: 0 bytes in 0 blocks
==28820==    still reachable: 576 bytes in 2 blocks
==28820==         suppressed: 0 bytes in 0 blocks
==28820== Reachable blocks (those to which a pointer was found) are not shown.
==28820== To see them, rerun with: --leak-check=full --show-leak-kinds=all
==28820== 
==28820== For counts of detected and suppressed errors, rerun with: -v
==28820== ERROR SUMMARY: 0 errors from 0 contexts (suppressed: 0 from 0)
