==24373== Memcheck, a memory error detector
==24373== Copyright (C) 2002-2017, and GNU GPL'd, by Julian Seward et al.
==24373== Using Valgrind-3.13.0 and LibVEX; rerun with -h for copyright info
==24373== Command: /rhome/m/mhadzic9/workspace/TP/T1/Z2/.runme
==24373== Parent PID: 24349
==24373== 
==24373== 
==24373== Process terminating with default action of signal 15 (SIGTERM)
==24373==    at 0x5875081: read (read.c:27)
==24373==    by 0x57F2147: _IO_file_underflow@@GLIBC_2.2.5 (fileops.c:531)
==24373==    by 0x57F33F1: _IO_default_uflow (genops.c:380)
==24373==    by 0x512B95C: __gnu_cxx::stdio_sync_filebuf<char, std::char_traits<char> >::underflow() (in /usr/lib/x86_64-linux-gnu/libstdc++.so.6.0.25)
==24373==    by 0x5139739: std::istream::sentry::sentry(std::istream&, bool) (in /usr/lib/x86_64-linux-gnu/libstdc++.so.6.0.25)
==24373==    by 0x513BCCD: std::istream& std::istream::_M_extract<double>(double&) (in /usr/lib/x86_64-linux-gnu/libstdc++.so.6.0.25)
==24373==    by 0x108B46: main (main.cpp:9)
==24373== 
==24373== HEAP SUMMARY:
==24373==     in use at exit: 0 bytes in 0 blocks
==24373==   total heap usage: 2 allocs, 2 frees, 73,728 bytes allocated
==24373== 
==24373== All heap blocks were freed -- no leaks are possible
==24373== 
==24373== For counts of detected and suppressed errors, rerun with: -v
==24373== ERROR SUMMARY: 0 errors from 0 contexts (suppressed: 0 from 0)
