==25762== Memcheck, a memory error detector
==25762== Copyright (C) 2002-2017, and GNU GPL'd, by Julian Seward et al.
==25762== Using Valgrind-3.13.0 and LibVEX; rerun with -h for copyright info
==25762== Command: /rhome/m/mhadzic9/workspace/TP/Ispit6/Z2/.runme
==25762== Parent PID: 25706
==25762== 
==25762== Conditional jump or move depends on uninitialised value(s)
==25762==    at 0x4C32D39: __strlen_sse2 (in /usr/lib/valgrind/vgpreload_memcheck-amd64-linux.so)
==25762==    by 0x5151EE8: std::basic_ostream<char, std::char_traits<char> >& std::operator<< <std::char_traits<char> >(std::basic_ostream<char, std::char_traits<char> >&, char const*) (in /usr/lib/x86_64-linux-gnu/libstdc++.so.6.0.25)
==25762==    by 0x108F33: operator<<(std::ostream&, String const&) (main.cpp:61)
==25762==    by 0x108BB5: main (main.cpp:102)
==25762== 
==25762== Invalid read of size 1
==25762==    at 0x4C32D44: __strlen_sse2 (in /usr/lib/valgrind/vgpreload_memcheck-amd64-linux.so)
==25762==    by 0x5151EE8: std::basic_ostream<char, std::char_traits<char> >& std::operator<< <std::char_traits<char> >(std::basic_ostream<char, std::char_traits<char> >&, char const*) (in /usr/lib/x86_64-linux-gnu/libstdc++.so.6.0.25)
==25762==    by 0x108F33: operator<<(std::ostream&, String const&) (main.cpp:61)
==25762==    by 0x108BD6: main (main.cpp:102)
==25762==  Address 0x5d7fcdf is 0 bytes after a block of size 15 alloc'd
==25762==    at 0x4C3089F: operator new[](unsigned long) (in /usr/lib/valgrind/vgpreload_memcheck-amd64-linux.so)
==25762==    by 0x108E05: String::String(std::initializer_list<char>) (main.cpp:22)
==25762==    by 0x108B90: main (main.cpp:101)
==25762== 
==25762== Mismatched free() / delete / delete []
==25762==    at 0x4C3123B: operator delete(void*) (in /usr/lib/valgrind/vgpreload_memcheck-amd64-linux.so)
==25762==    by 0x108EBC: String::operator=(String const&) (main.cpp:35)
==25762==    by 0x108BFE: main (main.cpp:103)
==25762==  Address 0x5d7fc80 is 0 bytes inside a block of size 9 alloc'd
==25762==    at 0x4C3089F: operator new[](unsigned long) (in /usr/lib/valgrind/vgpreload_memcheck-amd64-linux.so)
==25762==    by 0x108D47: String::String(char const*) (main.cpp:10)
==25762==    by 0x108B68: main (main.cpp:101)
==25762== 
==25762== Invalid write of size 1
==25762==    at 0x108F00: String::operator=(String const&) (main.cpp:38)
==25762==    by 0x108BFE: main (main.cpp:103)
==25762==  Address 0x5d7fc80 is 0 bytes inside a block of size 9 free'd
==25762==    at 0x4C3123B: operator delete(void*) (in /usr/lib/valgrind/vgpreload_memcheck-amd64-linux.so)
==25762==    by 0x108EBC: String::operator=(String const&) (main.cpp:35)
==25762==    by 0x108BFE: main (main.cpp:103)
==25762==  Block was alloc'd at
==25762==    at 0x4C3089F: operator new[](unsigned long) (in /usr/lib/valgrind/vgpreload_memcheck-amd64-linux.so)
==25762==    by 0x108D47: String::String(char const*) (main.cpp:10)
==25762==    by 0x108B68: main (main.cpp:101)
==25762== 
==25762== Invalid read of size 1
==25762==    at 0x4C32D32: __strlen_sse2 (in /usr/lib/valgrind/vgpreload_memcheck-amd64-linux.so)
==25762==    by 0x5151EE8: std::basic_ostream<char, std::char_traits<char> >& std::operator<< <std::char_traits<char> >(std::basic_ostream<char, std::char_traits<char> >&, char const*) (in /usr/lib/x86_64-linux-gnu/libstdc++.so.6.0.25)
==25762==    by 0x108F33: operator<<(std::ostream&, String const&) (main.cpp:61)
==25762==    by 0x108C23: main (main.cpp:104)
==25762==  Address 0x5d7fc80 is 0 bytes inside a block of size 9 free'd
==25762==    at 0x4C3123B: operator delete(void*) (in /usr/lib/valgrind/vgpreload_memcheck-amd64-linux.so)
==25762==    by 0x108EBC: String::operator=(String const&) (main.cpp:35)
==25762==    by 0x108BFE: main (main.cpp:103)
==25762==  Block was alloc'd at
==25762==    at 0x4C3089F: operator new[](unsigned long) (in /usr/lib/valgrind/vgpreload_memcheck-amd64-linux.so)
==25762==    by 0x108D47: String::String(char const*) (main.cpp:10)
==25762==    by 0x108B68: main (main.cpp:101)
==25762== 
==25762== Invalid read of size 1
==25762==    at 0x4C32D44: __strlen_sse2 (in /usr/lib/valgrind/vgpreload_memcheck-amd64-linux.so)
==25762==    by 0x5151EE8: std::basic_ostream<char, std::char_traits<char> >& std::operator<< <std::char_traits<char> >(std::basic_ostream<char, std::char_traits<char> >&, char const*) (in /usr/lib/x86_64-linux-gnu/libstdc++.so.6.0.25)
==25762==    by 0x108F33: operator<<(std::ostream&, String const&) (main.cpp:61)
==25762==    by 0x108C23: main (main.cpp:104)
==25762==  Address 0x5d7fc81 is 1 bytes inside a block of size 9 free'd
==25762==    at 0x4C3123B: operator delete(void*) (in /usr/lib/valgrind/vgpreload_memcheck-amd64-linux.so)
==25762==    by 0x108EBC: String::operator=(String const&) (main.cpp:35)
==25762==    by 0x108BFE: main (main.cpp:103)
==25762==  Block was alloc'd at
==25762==    at 0x4C3089F: operator new[](unsigned long) (in /usr/lib/valgrind/vgpreload_memcheck-amd64-linux.so)
==25762==    by 0x108D47: String::String(char const*) (main.cpp:10)
==25762==    by 0x108B68: main (main.cpp:101)
==25762== 
==25762== Syscall param write(buf) points to unaddressable byte(s)
==25762==    at 0x56EF154: write (write.c:27)
==25762==    by 0x566A1BC: _IO_file_write@@GLIBC_2.2.5 (fileops.c:1203)
==25762==    by 0x566AB2E: new_do_write (fileops.c:457)
==25762==    by 0x566AB2E: _IO_file_xsputn@@GLIBC_2.2.5 (fileops.c:1277)
==25762==    by 0x565E976: fwrite (iofwrite.c:39)
==25762==    by 0x5151B83: std::basic_ostream<char, std::char_traits<char> >& std::__ostream_insert<char, std::char_traits<char> >(std::basic_ostream<char, std::char_traits<char> >&, char const*, long) (in /usr/lib/x86_64-linux-gnu/libstdc++.so.6.0.25)
==25762==    by 0x5151EF6: std::basic_ostream<char, std::char_traits<char> >& std::operator<< <std::char_traits<char> >(std::basic_ostream<char, std::char_traits<char> >&, char const*) (in /usr/lib/x86_64-linux-gnu/libstdc++.so.6.0.25)
==25762==    by 0x108F33: operator<<(std::ostream&, String const&) (main.cpp:61)
==25762==    by 0x108C23: main (main.cpp:104)
==25762==  Address 0x5d7fc80 is 0 bytes inside a block of size 9 free'd
==25762==    at 0x4C3123B: operator delete(void*) (in /usr/lib/valgrind/vgpreload_memcheck-amd64-linux.so)
==25762==    by 0x108EBC: String::operator=(String const&) (main.cpp:35)
==25762==    by 0x108BFE: main (main.cpp:103)
==25762==  Block was alloc'd at
==25762==    at 0x4C3089F: operator new[](unsigned long) (in /usr/lib/valgrind/vgpreload_memcheck-amd64-linux.so)
==25762==    by 0x108D47: String::String(char const*) (main.cpp:10)
==25762==    by 0x108B68: main (main.cpp:101)
==25762== 
==25762== Invalid read of size 1
==25762==    at 0x4C32D44: __strlen_sse2 (in /usr/lib/valgrind/vgpreload_memcheck-amd64-linux.so)
==25762==    by 0x5151EE8: std::basic_ostream<char, std::char_traits<char> >& std::operator<< <std::char_traits<char> >(std::basic_ostream<char, std::char_traits<char> >&, char const*) (in /usr/lib/x86_64-linux-gnu/libstdc++.so.6.0.25)
==25762==    by 0x108F33: operator<<(std::ostream&, String const&) (main.cpp:61)
==25762==    by 0x108C44: main (main.cpp:104)
==25762==  Address 0x5d7fcdf is 0 bytes after a block of size 15 alloc'd
==25762==    at 0x4C3089F: operator new[](unsigned long) (in /usr/lib/valgrind/vgpreload_memcheck-amd64-linux.so)
==25762==    by 0x108E05: String::String(std::initializer_list<char>) (main.cpp:22)
==25762==    by 0x108B90: main (main.cpp:101)
==25762== 
==25762== Invalid free() / delete / delete[] / realloc()
==25762==    at 0x4C3173B: operator delete[](void*) (in /usr/lib/valgrind/vgpreload_memcheck-amd64-linux.so)
==25762==    by 0x108E8E: String::~String() (main.cpp:33)
==25762==    by 0x108C76: main (main.cpp:101)
==25762==  Address 0x5d7fc80 is 0 bytes inside a block of size 9 free'd
==25762==    at 0x4C3123B: operator delete(void*) (in /usr/lib/valgrind/vgpreload_memcheck-amd64-linux.so)
==25762==    by 0x108EBC: String::operator=(String const&) (main.cpp:35)
==25762==    by 0x108BFE: main (main.cpp:103)
==25762==  Block was alloc'd at
==25762==    at 0x4C3089F: operator new[](unsigned long) (in /usr/lib/valgrind/vgpreload_memcheck-amd64-linux.so)
==25762==    by 0x108D47: String::String(char const*) (main.cpp:10)
==25762==    by 0x108B68: main (main.cpp:101)
==25762== 
==25762== 
==25762== HEAP SUMMARY:
==25762==     in use at exit: 0 bytes in 0 blocks
==25762==   total heap usage: 3 allocs, 4 frees, 72,728 bytes allocated
==25762== 
==25762== All heap blocks were freed -- no leaks are possible
==25762== 
==25762== For counts of detected and suppressed errors, rerun with: -v
==25762== Use --track-origins=yes to see where uninitialised values come from
==25762== ERROR SUMMARY: 37 errors from 9 contexts (suppressed: 0 from 0)
