==5702== Memcheck, a memory error detector
==5702== Copyright (C) 2002-2017, and GNU GPL'd, by Julian Seward et al.
==5702== Using Valgrind-3.13.0 and LibVEX; rerun with -h for copyright info
==5702== Command: /rhome/m/mhadzic9/workspace/TP/T2/Z1/.runme
==5702== Parent PID: 5682
==5702== 
==5702== 
==5702== Process terminating with default action of signal 1 (SIGHUP)
==5702==    at 0x5A8D081: read (read.c:27)
==5702==    by 0x5A0A147: _IO_file_underflow@@GLIBC_2.2.5 (fileops.c:531)
==5702==    by 0x5A0B3F1: _IO_default_uflow (genops.c:380)
==5702==    by 0x512B7FC: __gnu_cxx::stdio_sync_filebuf<char, std::char_traits<char> >::underflow() (in /usr/lib/x86_64-linux-gnu/libstdc++.so.6.0.25)
==5702==    by 0x51395E9: std::istream::sentry::sentry(std::istream&, bool) (in /usr/lib/x86_64-linux-gnu/libstdc++.so.6.0.25)
==5702==    by 0x513981D: std::istream::operator>>(int&) (in /usr/lib/x86_64-linux-gnu/libstdc++.so.6.0.25)
==5702==    by 0x108F4E: main (main.cpp:37)
==5702== 
==5702== HEAP SUMMARY:
==5702==     in use at exit: 0 bytes in 0 blocks
==5702==   total heap usage: 2 allocs, 2 frees, 73,728 bytes allocated
==5702== 
==5702== All heap blocks were freed -- no leaks are possible
==5702== 
==5702== For counts of detected and suppressed errors, rerun with: -v
==5702== ERROR SUMMARY: 0 errors from 0 contexts (suppressed: 0 from 0)
