==772== Memcheck, a memory error detector
==772== Copyright (C) 2002-2017, and GNU GPL'd, by Julian Seward et al.
==772== Using Valgrind-3.13.0 and LibVEX; rerun with -h for copyright info
==772== Command: /rhome/m/mhadzic9/workspace/TP/T9/Z5/.runme
==772== Parent PID: 745
==772== 
==772== 
==772== Process terminating with default action of signal 1 (SIGHUP)
==772==    at 0x56EF081: read (read.c:27)
==772==    by 0x566C147: _IO_file_underflow@@GLIBC_2.2.5 (fileops.c:531)
==772==    by 0x566D3F1: _IO_default_uflow (genops.c:380)
==772==    by 0x512B95C: __gnu_cxx::stdio_sync_filebuf<char, std::char_traits<char> >::underflow() (in /usr/lib/x86_64-linux-gnu/libstdc++.so.6.0.25)
==772==    by 0x5139739: std::istream::sentry::sentry(std::istream&, bool) (in /usr/lib/x86_64-linux-gnu/libstdc++.so.6.0.25)
==772==    by 0x513996D: std::istream::operator>>(int&) (in /usr/lib/x86_64-linux-gnu/libstdc++.so.6.0.25)
==772==    by 0x1090E4: main (main.cpp:86)
==772== 
==772== HEAP SUMMARY:
==772==     in use at exit: 0 bytes in 0 blocks
==772==   total heap usage: 2 allocs, 2 frees, 73,728 bytes allocated
==772== 
==772== All heap blocks were freed -- no leaks are possible
==772== 
==772== For counts of detected and suppressed errors, rerun with: -v
==772== ERROR SUMMARY: 0 errors from 0 contexts (suppressed: 0 from 0)
