==5338== Memcheck, a memory error detector
==5338== Copyright (C) 2002-2017, and GNU GPL'd, by Julian Seward et al.
==5338== Using Valgrind-3.13.0 and LibVEX; rerun with -h for copyright info
==5338== Command: /rhome/m/mhadzic9/workspace/TP/Ispit5/Z2/.runme
==5338== Parent PID: 5317
==5338== 
==5338== Conditional jump or move depends on uninitialised value(s)
==5338==    at 0x10AE8B: std::_Vector_base<std::vector<double, std::allocator<double> >, std::allocator<std::vector<double, std::allocator<double> > > >::_M_allocate(unsigned long) (stl_vector.h:172)
==5338==    by 0x10A9CC: std::_Vector_base<std::vector<double, std::allocator<double> >, std::allocator<std::vector<double, std::allocator<double> > > >::_M_create_storage(unsigned long) (stl_vector.h:187)
==5338==    by 0x10A0EE: std::_Vector_base<std::vector<double, std::allocator<double> >, std::allocator<std::vector<double, std::allocator<double> > > >::_Vector_base(unsigned long, std::allocator<std::vector<double, std::allocator<double> > > const&) (stl_vector.h:138)
==5338==    by 0x109A6F: std::vector<std::vector<double, std::allocator<double> >, std::allocator<std::vector<double, std::allocator<double> > > >::vector(unsigned long, std::allocator<std::vector<double, std::allocator<double> > > const&) (stl_vector.h:284)
==5338==    by 0x109769: main (main.cpp:110)
==5338== 
==5338== Conditional jump or move depends on uninitialised value(s)
==5338==    at 0x10B4C3: __gnu_cxx::new_allocator<std::vector<double, std::allocator<double> > >::allocate(unsigned long, void const*) (new_allocator.h:101)
==5338==    by 0x10B1BD: std::allocator_traits<std::allocator<std::vector<double, std::allocator<double> > > >::allocate(std::allocator<std::vector<double, std::allocator<double> > >&, unsigned long) (alloc_traits.h:436)
==5338==    by 0x10AE9F: std::_Vector_base<std::vector<double, std::allocator<double> >, std::allocator<std::vector<double, std::allocator<double> > > >::_M_allocate(unsigned long) (stl_vector.h:172)
==5338==    by 0x10A9CC: std::_Vector_base<std::vector<double, std::allocator<double> >, std::allocator<std::vector<double, std::allocator<double> > > >::_M_create_storage(unsigned long) (stl_vector.h:187)
==5338==    by 0x10A0EE: std::_Vector_base<std::vector<double, std::allocator<double> >, std::allocator<std::vector<double, std::allocator<double> > > >::_Vector_base(unsigned long, std::allocator<std::vector<double, std::allocator<double> > > const&) (stl_vector.h:138)
==5338==    by 0x109A6F: std::vector<std::vector<double, std::allocator<double> >, std::allocator<std::vector<double, std::allocator<double> > > >::vector(unsigned long, std::allocator<std::vector<double, std::allocator<double> > > const&) (stl_vector.h:284)
==5338==    by 0x109769: main (main.cpp:110)
==5338== 
==5338== Conditional jump or move depends on uninitialised value(s)
==5338==    at 0x4C3012C: operator new(unsigned long) (in /usr/lib/valgrind/vgpreload_memcheck-amd64-linux.so)
==5338==    by 0x10B4E2: __gnu_cxx::new_allocator<std::vector<double, std::allocator<double> > >::allocate(unsigned long, void const*) (new_allocator.h:111)
==5338==    by 0x10B1BD: std::allocator_traits<std::allocator<std::vector<double, std::allocator<double> > > >::allocate(std::allocator<std::vector<double, std::allocator<double> > >&, unsigned long) (alloc_traits.h:436)
==5338==    by 0x10AE9F: std::_Vector_base<std::vector<double, std::allocator<double> >, std::allocator<std::vector<double, std::allocator<double> > > >::_M_allocate(unsigned long) (stl_vector.h:172)
==5338==    by 0x10A9CC: std::_Vector_base<std::vector<double, std::allocator<double> >, std::allocator<std::vector<double, std::allocator<double> > > >::_M_create_storage(unsigned long) (stl_vector.h:187)
==5338==    by 0x10A0EE: std::_Vector_base<std::vector<double, std::allocator<double> >, std::allocator<std::vector<double, std::allocator<double> > > >::_Vector_base(unsigned long, std::allocator<std::vector<double, std::allocator<double> > > const&) (stl_vector.h:138)
==5338==    by 0x109A6F: std::vector<std::vector<double, std::allocator<double> >, std::allocator<std::vector<double, std::allocator<double> > > >::vector(unsigned long, std::allocator<std::vector<double, std::allocator<double> > > const&) (stl_vector.h:284)
==5338==    by 0x109769: main (main.cpp:110)
==5338== 
==5338== Conditional jump or move depends on uninitialised value(s)
==5338==    at 0x10B200: std::vector<double, std::allocator<double> >* std::__uninitialized_default_n_1<false>::__uninit_default_n<std::vector<double, std::allocator<double> >*, unsigned long>(std::vector<double, std::allocator<double> >*, unsigned long) (stl_uninitialized.h:526)
==5338==    by 0x10AEFD: std::vector<double, std::allocator<double> >* std::__uninitialized_default_n<std::vector<double, std::allocator<double> >*, unsigned long>(std::vector<double, std::allocator<double> >*, unsigned long) (stl_uninitialized.h:583)
==5338==    by 0x10AA69: std::vector<double, std::allocator<double> >* std::__uninitialized_default_n_a<std::vector<double, std::allocator<double> >*, unsigned long, std::vector<double, std::allocator<double> > >(std::vector<double, std::allocator<double> >*, unsigned long, std::allocator<std::vector<double, std::allocator<double> > >&) (stl_uninitialized.h:645)
==5338==    by 0x10A1A8: std::vector<std::vector<double, std::allocator<double> >, std::allocator<std::vector<double, std::allocator<double> > > >::_M_default_initialize(unsigned long) (stl_vector.h:1352)
==5338==    by 0x109A82: std::vector<std::vector<double, std::allocator<double> >, std::allocator<std::vector<double, std::allocator<double> > > >::vector(unsigned long, std::allocator<std::vector<double, std::allocator<double> > > const&) (stl_vector.h:285)
==5338==    by 0x109769: main (main.cpp:110)
==5338== 
==5338== 
==5338== Process terminating with default action of signal 1 (SIGHUP)
==5338==    at 0x56EF152: write (write.c:27)
==5338==    by 0x566A1BC: _IO_file_write@@GLIBC_2.2.5 (fileops.c:1203)
==5338==    by 0x566AB2E: new_do_write (fileops.c:457)
==5338==    by 0x566AB2E: _IO_file_xsputn@@GLIBC_2.2.5 (fileops.c:1277)
==5338==    by 0x565E976: fwrite (iofwrite.c:39)
==5338==    by 0x5151B83: std::basic_ostream<char, std::char_traits<char> >& std::__ostream_insert<char, std::char_traits<char> >(std::basic_ostream<char, std::char_traits<char> >&, char const*, long) (in /usr/lib/x86_64-linux-gnu/libstdc++.so.6.0.25)
==5338==    by 0x5151EF6: std::basic_ostream<char, std::char_traits<char> >& std::operator<< <std::char_traits<char> >(std::basic_ostream<char, std::char_traits<char> >&, char const*) (in /usr/lib/x86_64-linux-gnu/libstdc++.so.6.0.25)
==5338==    by 0x109788: main (main.cpp:112)
==5338== 
==5338== HEAP SUMMARY:
==5338==     in use at exit: 744 bytes in 1 blocks
==5338==   total heap usage: 3 allocs, 2 frees, 74,472 bytes allocated
==5338== 
==5338== LEAK SUMMARY:
==5338==    definitely lost: 0 bytes in 0 blocks
==5338==    indirectly lost: 0 bytes in 0 blocks
==5338==      possibly lost: 0 bytes in 0 blocks
==5338==    still reachable: 744 bytes in 1 blocks
==5338==         suppressed: 0 bytes in 0 blocks
==5338== Reachable blocks (those to which a pointer was found) are not shown.
==5338== To see them, rerun with: --leak-check=full --show-leak-kinds=all
==5338== 
==5338== For counts of detected and suppressed errors, rerun with: -v
==5338== Use --track-origins=yes to see where uninitialised values come from
==5338== ERROR SUMMARY: 35 errors from 4 contexts (suppressed: 0 from 0)
