==27191== Memcheck, a memory error detector
==27191== Copyright (C) 2002-2017, and GNU GPL'd, by Julian Seward et al.
==27191== Using Valgrind-3.13.0 and LibVEX; rerun with -h for copyright info
==27191== Command: /rhome/m/mhadzic9/workspace/TP/T8/Z3/.runme
==27191== Parent PID: 27177
==27191== 
==27191== 
==27191== Process terminating with default action of signal 1 (SIGHUP)
==27191==    at 0x56EF081: read (read.c:27)
==27191==    by 0x566C147: _IO_file_underflow@@GLIBC_2.2.5 (fileops.c:531)
==27191==    by 0x566D3F1: _IO_default_uflow (genops.c:380)
==27191==    by 0x512B95C: __gnu_cxx::stdio_sync_filebuf<char, std::char_traits<char> >::underflow() (in /usr/lib/x86_64-linux-gnu/libstdc++.so.6.0.25)
==27191==    by 0x5139739: std::istream::sentry::sentry(std::istream&, bool) (in /usr/lib/x86_64-linux-gnu/libstdc++.so.6.0.25)
==27191==    by 0x513996D: std::istream::operator>>(int&) (in /usr/lib/x86_64-linux-gnu/libstdc++.so.6.0.25)
==27191==    by 0x1091B7: main (main.cpp:28)
==27191== 
==27191== HEAP SUMMARY:
==27191==     in use at exit: 0 bytes in 0 blocks
==27191==   total heap usage: 2 allocs, 2 frees, 73,728 bytes allocated
==27191== 
==27191== All heap blocks were freed -- no leaks are possible
==27191== 
==27191== For counts of detected and suppressed errors, rerun with: -v
==27191== ERROR SUMMARY: 0 errors from 0 contexts (suppressed: 0 from 0)
