==22016== Memcheck, a memory error detector
==22016== Copyright (C) 2002-2017, and GNU GPL'd, by Julian Seward et al.
==22016== Using Valgrind-3.13.0 and LibVEX; rerun with -h for copyright info
==22016== Command: /rhome/m/mhadzic9/workspace/TP/T4/Z3/.runme
==22016== Parent PID: 22000
==22016== 
==22016== 
==22016== Process terminating with default action of signal 15 (SIGTERM)
==22016==    at 0x56EF081: read (read.c:27)
==22016==    by 0x566C147: _IO_file_underflow@@GLIBC_2.2.5 (fileops.c:531)
==22016==    by 0x566D3F1: _IO_default_uflow (genops.c:380)
==22016==    by 0x512B7FC: __gnu_cxx::stdio_sync_filebuf<char, std::char_traits<char> >::underflow() (in /usr/lib/x86_64-linux-gnu/libstdc++.so.6.0.25)
==22016==    by 0x51395E9: std::istream::sentry::sentry(std::istream&, bool) (in /usr/lib/x86_64-linux-gnu/libstdc++.so.6.0.25)
==22016==    by 0x513981D: std::istream::operator>>(int&) (in /usr/lib/x86_64-linux-gnu/libstdc++.so.6.0.25)
==22016==    by 0x109A1C: main (main.cpp:65)
==22016== 
==22016== HEAP SUMMARY:
==22016==     in use at exit: 0 bytes in 0 blocks
==22016==   total heap usage: 2 allocs, 2 frees, 73,728 bytes allocated
==22016== 
==22016== All heap blocks were freed -- no leaks are possible
==22016== 
==22016== For counts of detected and suppressed errors, rerun with: -v
==22016== ERROR SUMMARY: 0 errors from 0 contexts (suppressed: 0 from 0)
