==7710== Memcheck, a memory error detector
==7710== Copyright (C) 2002-2017, and GNU GPL'd, by Julian Seward et al.
==7710== Using Valgrind-3.13.0 and LibVEX; rerun with -h for copyright info
==7710== Command: /rhome/m/mhadzic9/workspace/TP/ZSR3/Z42/.runme
==7710== Parent PID: 7690
==7710== 
==7710== 
==7710== Process terminating with default action of signal 6 (SIGABRT): dumping core
==7710==    at 0x561DE97: raise (raise.c:51)
==7710==    by 0x561F800: abort (abort.c:79)
==7710==    by 0x50CA956: ??? (in /usr/lib/x86_64-linux-gnu/libstdc++.so.6.0.25)
==7710==    by 0x50D0AE5: ??? (in /usr/lib/x86_64-linux-gnu/libstdc++.so.6.0.25)
==7710==    by 0x50D0B20: std::terminate() (in /usr/lib/x86_64-linux-gnu/libstdc++.so.6.0.25)
==7710==    by 0x50D0D53: __cxa_throw (in /usr/lib/x86_64-linux-gnu/libstdc++.so.6.0.25)
==7710==    by 0x50CC85A: ??? (in /usr/lib/x86_64-linux-gnu/libstdc++.so.6.0.25)
==7710==    by 0x51631DE: std::__cxx11::basic_string<char, std::char_traits<char>, std::allocator<char> >::at(unsigned long) (in /usr/lib/x86_64-linux-gnu/libstdc++.so.6.0.25)
==7710==    by 0x108DDB: UkloniSuvisneRazmake(std::__cxx11::basic_string<char, std::char_traits<char>, std::allocator<char> >) (main.cpp:13)
==7710==    by 0x108EA6: main (main.cpp:21)
==7710== 
==7710== HEAP SUMMARY:
==7710==     in use at exit: 249 bytes in 3 blocks
==7710==   total heap usage: 5 allocs, 2 frees, 72,985 bytes allocated
==7710== 
==7710== 144 bytes in 1 blocks are possibly lost in loss record 3 of 3
==7710==    at 0x4C2FB0F: malloc (in /usr/lib/valgrind/vgpreload_memcheck-amd64-linux.so)
==7710==    by 0x50CF8FF: __cxa_allocate_exception (in /usr/lib/x86_64-linux-gnu/libstdc++.so.6.0.25)
==7710==    by 0x50F92CA: std::__throw_out_of_range_fmt(char const*, ...) (in /usr/lib/x86_64-linux-gnu/libstdc++.so.6.0.25)
==7710==    by 0x51631DE: std::__cxx11::basic_string<char, std::char_traits<char>, std::allocator<char> >::at(unsigned long) (in /usr/lib/x86_64-linux-gnu/libstdc++.so.6.0.25)
==7710==    by 0x108DDB: UkloniSuvisneRazmake(std::__cxx11::basic_string<char, std::char_traits<char>, std::allocator<char> >) (main.cpp:13)
==7710==    by 0x108EA6: main (main.cpp:21)
==7710== 
==7710== LEAK SUMMARY:
==7710==    definitely lost: 0 bytes in 0 blocks
==7710==    indirectly lost: 0 bytes in 0 blocks
==7710==      possibly lost: 144 bytes in 1 blocks
==7710==    still reachable: 105 bytes in 2 blocks
==7710==                       of which reachable via heuristic:
==7710==                         stdstring          : 88 bytes in 1 blocks
==7710==         suppressed: 0 bytes in 0 blocks
==7710== Reachable blocks (those to which a pointer was found) are not shown.
==7710== To see them, rerun with: --leak-check=full --show-leak-kinds=all
==7710== 
==7710== For counts of detected and suppressed errors, rerun with: -v
==7710== ERROR SUMMARY: 1 errors from 1 contexts (suppressed: 0 from 0)
