==15283== Memcheck, a memory error detector
==15283== Copyright (C) 2002-2017, and GNU GPL'd, by Julian Seward et al.
==15283== Using Valgrind-3.13.0 and LibVEX; rerun with -h for copyright info
==15283== Command: /rhome/m/mhadzic9/workspace/TP/T3/Z6/.runme
==15283== Parent PID: 15264
==15283== 
==15283== 
==15283== Process terminating with default action of signal 1 (SIGHUP)
==15283==    at 0x56EF081: read (read.c:27)
==15283==    by 0x566C147: _IO_file_underflow@@GLIBC_2.2.5 (fileops.c:531)
==15283==    by 0x566D3F1: _IO_default_uflow (genops.c:380)
==15283==    by 0x512B7FC: __gnu_cxx::stdio_sync_filebuf<char, std::char_traits<char> >::underflow() (in /usr/lib/x86_64-linux-gnu/libstdc++.so.6.0.25)
==15283==    by 0x51395E9: std::istream::sentry::sentry(std::istream&, bool) (in /usr/lib/x86_64-linux-gnu/libstdc++.so.6.0.25)
==15283==    by 0x513981D: std::istream::operator>>(int&) (in /usr/lib/x86_64-linux-gnu/libstdc++.so.6.0.25)
==15283==    by 0x10925E: main (main.cpp:56)
==15283== 
==15283== HEAP SUMMARY:
==15283==     in use at exit: 0 bytes in 0 blocks
==15283==   total heap usage: 2 allocs, 2 frees, 73,728 bytes allocated
==15283== 
==15283== All heap blocks were freed -- no leaks are possible
==15283== 
==15283== For counts of detected and suppressed errors, rerun with: -v
==15283== ERROR SUMMARY: 0 errors from 0 contexts (suppressed: 0 from 0)
