==12488== Memcheck, a memory error detector
==12488== Copyright (C) 2002-2017, and GNU GPL'd, by Julian Seward et al.
==12488== Using Valgrind-3.13.0 and LibVEX; rerun with -h for copyright info
==12488== Command: /rhome/m/mhadzic9/workspace/TP/T4/Z5/.runme
==12488== Parent PID: 12466
==12488== 
==12488== 
==12488== Process terminating with default action of signal 1 (SIGHUP)
==12488==    at 0x10942E: std::vector<double, std::allocator<double> > Presjek<double>(std::vector<double, std::allocator<double> >, std::vector<double, std::allocator<double> >) (main.cpp:16)
==12488==    by 0x108F93: main (main.cpp:58)
==12488== 
==12488== HEAP SUMMARY:
==12488==     in use at exit: 112 bytes in 2 blocks
==12488==   total heap usage: 13 allocs, 11 frees, 74,238 bytes allocated
==12488== 
==12488== LEAK SUMMARY:
==12488==    definitely lost: 0 bytes in 0 blocks
==12488==    indirectly lost: 0 bytes in 0 blocks
==12488==      possibly lost: 0 bytes in 0 blocks
==12488==    still reachable: 112 bytes in 2 blocks
==12488==         suppressed: 0 bytes in 0 blocks
==12488== Reachable blocks (those to which a pointer was found) are not shown.
==12488== To see them, rerun with: --leak-check=full --show-leak-kinds=all
==12488== 
==12488== For counts of detected and suppressed errors, rerun with: -v
==12488== ERROR SUMMARY: 0 errors from 0 contexts (suppressed: 0 from 0)
