==28576== Memcheck, a memory error detector
==28576== Copyright (C) 2002-2017, and GNU GPL'd, by Julian Seward et al.
==28576== Using Valgrind-3.13.0 and LibVEX; rerun with -h for copyright info
==28576== Command: /rhome/m/mhadzic9/workspace/TP2018/T1/Z4/.runme
==28576== Parent PID: 28559
==28576== 
==28576== 
==28576== Process terminating with default action of signal 1 (SIGHUP)
==28576==    at 0x5875081: read (read.c:27)
==28576==    by 0x57F2147: _IO_file_underflow@@GLIBC_2.2.5 (fileops.c:531)
==28576==    by 0x57F33F1: _IO_default_uflow (genops.c:380)
==28576==    by 0x512B89C: __gnu_cxx::stdio_sync_filebuf<char, std::char_traits<char> >::underflow() (in /usr/lib/x86_64-linux-gnu/libstdc++.so.6.0.25)
==28576==    by 0x5139679: std::istream::sentry::sentry(std::istream&, bool) (in /usr/lib/x86_64-linux-gnu/libstdc++.so.6.0.25)
==28576==    by 0x513BA9D: std::istream& std::istream::_M_extract<float>(float&) (in /usr/lib/x86_64-linux-gnu/libstdc++.so.6.0.25)
==28576==    by 0x108C36: main (main.cpp:9)
==28576== 
==28576== HEAP SUMMARY:
==28576==     in use at exit: 0 bytes in 0 blocks
==28576==   total heap usage: 2 allocs, 2 frees, 73,728 bytes allocated
==28576== 
==28576== All heap blocks were freed -- no leaks are possible
==28576== 
==28576== For counts of detected and suppressed errors, rerun with: -v
==28576== ERROR SUMMARY: 0 errors from 0 contexts (suppressed: 0 from 0)
