[New LWP 23517]
Core was generated by `'.
Program terminated with signal SIGSEGV, Segmentation fault.
#0  0x0000000000000556 in ?? ()
#0  0x0000000000000556 in ?? ()
#1  0x0000000004a2a672 in ?? ()
#2  0x0000001fff000020 in ?? ()
#3  0x0000000004018657 in ?? ()
#4  0x62696c2f7273752f in ?? ()
#5  0x2d34365f3638782f in ?? ()
#6  0x6e672d78756e696c in ?? ()
#7  0x64747362696c2f75 in ?? ()
#8  0x362e6f732e2b2b63 in ?? ()
#9  0x0000000004229170 in ?? ()
#10 0x0000001fff000020 in ?? ()
#11 0x000000000401862c in ?? ()
#12 0x0000001fff000010 in ?? ()
#13 0x0000000004005c07 in ?? ()
#14 0x0000000000000002 in ?? ()
#15 0x0000000000000000 in ?? ()
