[New LWP 8691]
Core was generated by `'.
Program terminated with signal SIGSEGV, Segmentation fault.
#0  0x000000000010a38c in ?? ()
#0  0x000000000010a38c in ?? ()
#1  0x0000001fff000840 in ?? ()
#2  0x0000001fff0007c0 in ?? ()
#3  0x0000000005d7fd00 in ?? ()
#4  0x0000000005d7fd00 in ?? ()
#5  0x0000000005d7ff00 in ?? ()
#6  0x0000000005d7fc98 in ?? ()
#7  0x0000000005d7fd20 in ?? ()
#8  0x0000000005d7fd00 in ?? ()
#9  0x0000000005d7ff00 in ?? ()
#10 0x0000000005d7fc98 in ?? ()
#11 0x4010000000000000 in ?? ()
#12 0x76c110d77ebaa300 in ?? ()
#13 0x0000001fff0008a0 in ?? ()
#14 0x000000000000000f in ?? ()
#15 0x0000001fff000800 in ?? ()
#16 0x0000000000109ca8 in ?? ()
#17 0x0000000000000000 in ?? ()
