==28543== Memcheck, a memory error detector
==28543== Copyright (C) 2002-2017, and GNU GPL'd, by Julian Seward et al.
==28543== Using Valgrind-3.13.0 and LibVEX; rerun with -h for copyright info
==28543== Command: /rhome/m/mhadzic9/workspace/TP/Z2/Z2/.runme
==28543== Parent PID: 28501
==28543== 
==28543== 
==28543== Process terminating with default action of signal 1 (SIGHUP)
==28543==    at 0x56EF081: read (read.c:27)
==28543==    by 0x566C147: _IO_file_underflow@@GLIBC_2.2.5 (fileops.c:531)
==28543==    by 0x566D3F1: _IO_default_uflow (genops.c:380)
==28543==    by 0x512B7EC: __gnu_cxx::stdio_sync_filebuf<char, std::char_traits<char> >::underflow() (in /usr/lib/x86_64-linux-gnu/libstdc++.so.6.0.25)
==28543==    by 0x51395D9: std::istream::sentry::sentry(std::istream&, bool) (in /usr/lib/x86_64-linux-gnu/libstdc++.so.6.0.25)
==28543==    by 0x513980D: std::istream::operator>>(int&) (in /usr/lib/x86_64-linux-gnu/libstdc++.so.6.0.25)
==28543==    by 0x1092E2: main (main.cpp:177)
==28543== 
==28543== HEAP SUMMARY:
==28543==     in use at exit: 0 bytes in 0 blocks
==28543==   total heap usage: 2 allocs, 2 frees, 73,728 bytes allocated
==28543== 
==28543== All heap blocks were freed -- no leaks are possible
==28543== 
==28543== For counts of detected and suppressed errors, rerun with: -v
==28543== ERROR SUMMARY: 0 errors from 0 contexts (suppressed: 0 from 0)
