==26372== Memcheck, a memory error detector
==26372== Copyright (C) 2002-2017, and GNU GPL'd, by Julian Seward et al.
==26372== Using Valgrind-3.13.0 and LibVEX; rerun with -h for copyright info
==26372== Command: /rhome/m/mhadzic9/workspace/TP/T5/Z3/.runme
==26372== Parent PID: 26355
==26372== 
==26372== 
==26372== Process terminating with default action of signal 1 (SIGHUP)
==26372==    at 0x5875081: read (read.c:27)
==26372==    by 0x57F2147: _IO_file_underflow@@GLIBC_2.2.5 (fileops.c:531)
==26372==    by 0x57F33F1: _IO_default_uflow (genops.c:380)
==26372==    by 0x512B7FC: __gnu_cxx::stdio_sync_filebuf<char, std::char_traits<char> >::underflow() (in /usr/lib/x86_64-linux-gnu/libstdc++.so.6.0.25)
==26372==    by 0x51395E9: std::istream::sentry::sentry(std::istream&, bool) (in /usr/lib/x86_64-linux-gnu/libstdc++.so.6.0.25)
==26372==    by 0x513981D: std::istream::operator>>(int&) (in /usr/lib/x86_64-linux-gnu/libstdc++.so.6.0.25)
==26372==    by 0x108CEC: main (main.cpp:55)
==26372== 
==26372== HEAP SUMMARY:
==26372==     in use at exit: 0 bytes in 0 blocks
==26372==   total heap usage: 2 allocs, 2 frees, 73,728 bytes allocated
==26372== 
==26372== All heap blocks were freed -- no leaks are possible
==26372== 
==26372== For counts of detected and suppressed errors, rerun with: -v
==26372== ERROR SUMMARY: 0 errors from 0 contexts (suppressed: 0 from 0)
