==5899== Memcheck, a memory error detector
==5899== Copyright (C) 2002-2017, and GNU GPL'd, by Julian Seward et al.
==5899== Using Valgrind-3.13.0 and LibVEX; rerun with -h for copyright info
==5899== Command: /rhome/m/mhadzic9/workspace/TP/T1/Z4/.runme
==5899== Parent PID: 5883
==5899== 
==5899== 
==5899== Process terminating with default action of signal 1 (SIGHUP)
==5899==    at 0x5875081: read (read.c:27)
==5899==    by 0x57F2147: _IO_file_underflow@@GLIBC_2.2.5 (fileops.c:531)
==5899==    by 0x57F33F1: _IO_default_uflow (genops.c:380)
==5899==    by 0x512B89C: __gnu_cxx::stdio_sync_filebuf<char, std::char_traits<char> >::underflow() (in /usr/lib/x86_64-linux-gnu/libstdc++.so.6.0.25)
==5899==    by 0x5139679: std::istream::sentry::sentry(std::istream&, bool) (in /usr/lib/x86_64-linux-gnu/libstdc++.so.6.0.25)
==5899==    by 0x513BA9D: std::istream& std::istream::_M_extract<float>(float&) (in /usr/lib/x86_64-linux-gnu/libstdc++.so.6.0.25)
==5899==    by 0x108C50: main (main.cpp:13)
==5899== 
==5899== HEAP SUMMARY:
==5899==     in use at exit: 0 bytes in 0 blocks
==5899==   total heap usage: 2 allocs, 2 frees, 73,728 bytes allocated
==5899== 
==5899== All heap blocks were freed -- no leaks are possible
==5899== 
==5899== For counts of detected and suppressed errors, rerun with: -v
==5899== ERROR SUMMARY: 0 errors from 0 contexts (suppressed: 0 from 0)
