==15603== Memcheck, a memory error detector
==15603== Copyright (C) 2002-2017, and GNU GPL'd, by Julian Seward et al.
==15603== Using Valgrind-3.13.0 and LibVEX; rerun with -h for copyright info
==15603== Command: /rhome/m/mhadzic9/workspace/TP/T13/Z1/.runme
==15603== Parent PID: 15579
==15603== 
==15603== 
==15603== Process terminating with default action of signal 1 (SIGHUP)
==15603==    at 0x5A8D081: read (read.c:27)
==15603==    by 0x5A0A147: _IO_file_underflow@@GLIBC_2.2.5 (fileops.c:531)
==15603==    by 0x5A0B3F1: _IO_default_uflow (genops.c:380)
==15603==    by 0x512B7EC: __gnu_cxx::stdio_sync_filebuf<char, std::char_traits<char> >::underflow() (in /usr/lib/x86_64-linux-gnu/libstdc++.so.6.0.25)
==15603==    by 0x51395D9: std::istream::sentry::sentry(std::istream&, bool) (in /usr/lib/x86_64-linux-gnu/libstdc++.so.6.0.25)
==15603==    by 0x513AE8A: std::basic_istream<char, std::char_traits<char> >& std::operator>><char, std::char_traits<char> >(std::basic_istream<char, std::char_traits<char> >&, char&) (in /usr/lib/x86_64-linux-gnu/libstdc++.so.6.0.25)
==15603==    by 0x109D04: main (main.cpp:112)
==15603== 
==15603== HEAP SUMMARY:
==15603==     in use at exit: 0 bytes in 0 blocks
==15603==   total heap usage: 2 allocs, 2 frees, 73,728 bytes allocated
==15603== 
==15603== All heap blocks were freed -- no leaks are possible
==15603== 
==15603== For counts of detected and suppressed errors, rerun with: -v
==15603== ERROR SUMMARY: 0 errors from 0 contexts (suppressed: 0 from 0)
