==10902== Memcheck, a memory error detector
==10902== Copyright (C) 2002-2017, and GNU GPL'd, by Julian Seward et al.
==10902== Using Valgrind-3.13.0 and LibVEX; rerun with -h for copyright info
==10902== Command: /rhome/m/mhadzic9/workspace/TP/ZSR3/Z55/.runme
==10902== Parent PID: 10884
==10902== 
==10902== 
==10902== Process terminating with default action of signal 6 (SIGABRT): dumping core
==10902==    at 0x561DE97: raise (raise.c:51)
==10902==    by 0x561F800: abort (abort.c:79)
==10902==    by 0x50CA956: ??? (in /usr/lib/x86_64-linux-gnu/libstdc++.so.6.0.25)
==10902==    by 0x50D0AE5: ??? (in /usr/lib/x86_64-linux-gnu/libstdc++.so.6.0.25)
==10902==    by 0x50D0B20: std::terminate() (in /usr/lib/x86_64-linux-gnu/libstdc++.so.6.0.25)
==10902==    by 0x50D0D53: __cxa_throw (in /usr/lib/x86_64-linux-gnu/libstdc++.so.6.0.25)
==10902==    by 0x50CC85A: ??? (in /usr/lib/x86_64-linux-gnu/libstdc++.so.6.0.25)
==10902==    by 0x51631DE: std::__cxx11::basic_string<char, std::char_traits<char>, std::allocator<char> >::at(unsigned long) (in /usr/lib/x86_64-linux-gnu/libstdc++.so.6.0.25)
==10902==    by 0x108CD7: NadjiString(std::__cxx11::basic_string<char, std::char_traits<char>, std::allocator<char> >, std::__cxx11::basic_string<char, std::char_traits<char>, std::allocator<char> >) (main.cpp:13)
==10902==    by 0x108DB3: main (main.cpp:26)
==10902== 
==10902== HEAP SUMMARY:
==10902==     in use at exit: 232 bytes in 2 blocks
==10902==   total heap usage: 4 allocs, 2 frees, 72,968 bytes allocated
==10902== 
==10902== 144 bytes in 1 blocks are possibly lost in loss record 2 of 2
==10902==    at 0x4C2FB0F: malloc (in /usr/lib/valgrind/vgpreload_memcheck-amd64-linux.so)
==10902==    by 0x50CF8FF: __cxa_allocate_exception (in /usr/lib/x86_64-linux-gnu/libstdc++.so.6.0.25)
==10902==    by 0x50F92CA: std::__throw_out_of_range_fmt(char const*, ...) (in /usr/lib/x86_64-linux-gnu/libstdc++.so.6.0.25)
==10902==    by 0x51631DE: std::__cxx11::basic_string<char, std::char_traits<char>, std::allocator<char> >::at(unsigned long) (in /usr/lib/x86_64-linux-gnu/libstdc++.so.6.0.25)
==10902==    by 0x108CD7: NadjiString(std::__cxx11::basic_string<char, std::char_traits<char>, std::allocator<char> >, std::__cxx11::basic_string<char, std::char_traits<char>, std::allocator<char> >) (main.cpp:13)
==10902==    by 0x108DB3: main (main.cpp:26)
==10902== 
==10902== LEAK SUMMARY:
==10902==    definitely lost: 0 bytes in 0 blocks
==10902==    indirectly lost: 0 bytes in 0 blocks
==10902==      possibly lost: 144 bytes in 1 blocks
==10902==    still reachable: 88 bytes in 1 blocks
==10902==                       of which reachable via heuristic:
==10902==                         stdstring          : 88 bytes in 1 blocks
==10902==         suppressed: 0 bytes in 0 blocks
==10902== Reachable blocks (those to which a pointer was found) are not shown.
==10902== To see them, rerun with: --leak-check=full --show-leak-kinds=all
==10902== 
==10902== For counts of detected and suppressed errors, rerun with: -v
==10902== ERROR SUMMARY: 1 errors from 1 contexts (suppressed: 0 from 0)
