==25208== Memcheck, a memory error detector
==25208== Copyright (C) 2002-2017, and GNU GPL'd, by Julian Seward et al.
==25208== Using Valgrind-3.13.0 and LibVEX; rerun with -h for copyright info
==25208== Command: /rhome/m/mhadzic9/workspace/TP/ZSR2/Z22/.runme
==25208== Parent PID: 25188
==25208== 
==25208== 
==25208== Process terminating with default action of signal 1 (SIGHUP)
==25208==    at 0x1091DA: int const& std::forward<int const&>(std::remove_reference<int const&>::type&) (move.h:73)
==25208==    by 0x109207: void std::allocator_traits<std::allocator<int> >::construct<int, int const&>(std::allocator<int>&, int*, int const&) (alloc_traits.h:475)
==25208==    by 0x108FDB: std::vector<int, std::allocator<int> >::push_back(int const&) (stl_vector.h:943)
==25208==    by 0x108D62: ProstiDjelioci(int) (main.cpp:20)
==25208==    by 0x108E03: main (main.cpp:35)
==25208== 
==25208== HEAP SUMMARY:
==25208==     in use at exit: 67,108,864 bytes in 1 blocks
==25208==   total heap usage: 27 allocs, 26 frees, 134,291,452 bytes allocated
==25208== 
==25208== LEAK SUMMARY:
==25208==    definitely lost: 0 bytes in 0 blocks
==25208==    indirectly lost: 0 bytes in 0 blocks
==25208==      possibly lost: 0 bytes in 0 blocks
==25208==    still reachable: 67,108,864 bytes in 1 blocks
==25208==         suppressed: 0 bytes in 0 blocks
==25208== Reachable blocks (those to which a pointer was found) are not shown.
==25208== To see them, rerun with: --leak-check=full --show-leak-kinds=all
==25208== 
==25208== For counts of detected and suppressed errors, rerun with: -v
==25208== ERROR SUMMARY: 0 errors from 0 contexts (suppressed: 0 from 0)
