==1873== Memcheck, a memory error detector
==1873== Copyright (C) 2002-2017, and GNU GPL'd, by Julian Seward et al.
==1873== Using Valgrind-3.13.0 and LibVEX; rerun with -h for copyright info
==1873== Command: /rhome/m/mhadzic9/workspace/TP/T9/Z4/.runme
==1873== Parent PID: 1846
==1873== 
==1873== 
==1873== Process terminating with default action of signal 1 (SIGHUP)
==1873==    at 0x56EF081: read (read.c:27)
==1873==    by 0x566C147: _IO_file_underflow@@GLIBC_2.2.5 (fileops.c:531)
==1873==    by 0x566D3F1: _IO_default_uflow (genops.c:380)
==1873==    by 0x512B95C: __gnu_cxx::stdio_sync_filebuf<char, std::char_traits<char> >::underflow() (in /usr/lib/x86_64-linux-gnu/libstdc++.so.6.0.25)
==1873==    by 0x5139739: std::istream::sentry::sentry(std::istream&, bool) (in /usr/lib/x86_64-linux-gnu/libstdc++.so.6.0.25)
==1873==    by 0x513996D: std::istream::operator>>(int&) (in /usr/lib/x86_64-linux-gnu/libstdc++.so.6.0.25)
==1873==    by 0x1090E4: main (main.cpp:86)
==1873== 
==1873== HEAP SUMMARY:
==1873==     in use at exit: 0 bytes in 0 blocks
==1873==   total heap usage: 2 allocs, 2 frees, 73,728 bytes allocated
==1873== 
==1873== All heap blocks were freed -- no leaks are possible
==1873== 
==1873== For counts of detected and suppressed errors, rerun with: -v
==1873== ERROR SUMMARY: 0 errors from 0 contexts (suppressed: 0 from 0)
